[ 2018-01-09T11:43:53+08:00 ] 127.0.0.1 /
INFO: [ app_init ] --START--
INFO: Run Behavior\BuildLiteBehavior [ RunTime:0.000000s ]
INFO: [ app_init ] --END-- [ RunTime:0.007000s ]
INFO: [ app_begin ] --START--
INFO: Run Behavior\ReadHtmlCacheBehavior [ RunTime:0.055000s ]
INFO: [ app_begin ] --END-- [ RunTime:0.055000s ]
INFO: [ view_parse ] --START--
INFO: [ template_filter ] --START--
INFO: Run Behavior\ContentReplaceBehavior [ RunTime:0.026000s ]
INFO: [ template_filter ] --END-- [ RunTime:0.026000s ]
INFO: Run Behavior\ParseTemplateBehavior [ RunTime:0.442000s ]
INFO: [ view_parse ] --END-- [ RunTime:0.442000s ]
INFO: [ view_filter ] --START--
INFO: Run Behavior\WriteHtmlCacheBehavior [ RunTime:0.021000s ]
INFO: [ view_filter ] --END-- [ RunTime:0.021000s ]
INFO: [ app_end ] --START--
INFO: Run Behavior\ShowPageTraceBehavior [ RunTime:0.032000s ]
INFO: [ app_end ] --END-- [ RunTime:0.032000s ]

[ 2018-01-09T11:43:58+08:00 ] 127.0.0.1 /index.php/Home/User/user.html
INFO: [ app_init ] --START--
INFO: Run Behavior\BuildLiteBehavior [ RunTime:0.000000s ]
INFO: [ app_init ] --END-- [ RunTime:0.000000s ]
INFO: [ app_begin ] --START--
INFO: Run Behavior\ReadHtmlCacheBehavior [ RunTime:0.000000s ]
INFO: [ app_begin ] --END-- [ RunTime:0.000000s ]
INFO: [ view_parse ] --START--
INFO: [ template_filter ] --START--
INFO: Run Behavior\ContentReplaceBehavior [ RunTime:0.072000s ]
INFO: [ template_filter ] --END-- [ RunTime:0.072000s ]
INFO: Run Behavior\ParseTemplateBehavior [ RunTime:0.122000s ]
INFO: [ view_parse ] --END-- [ RunTime:0.122000s ]
INFO: [ view_filter ] --START--
INFO: Run Behavior\WriteHtmlCacheBehavior [ RunTime:0.000000s ]
INFO: [ view_filter ] --END-- [ RunTime:0.000000s ]
INFO: [ app_end ] --START--
INFO: Run Behavior\ShowPageTraceBehavior [ RunTime:0.000000s ]
INFO: [ app_end ] --END-- [ RunTime:0.000000s ]

[ 2018-01-09T11:43:59+08:00 ] 127.0.0.1 /index.php/Home/User/%E4%B8%8A%E4%BC%A0%E4%BD%9C%E5%93%81%20-%20%E5%8D%83%E5%9B%BE%E7%BD%91_files/WKGhPaT9sbkzv9TCKpqn1ib3k4QlMorEWicwdsaGaDCLXMYUyicMX6bzXEWeYlo0IdaD
INFO: [ app_init ] --START--
INFO: Run Behavior\BuildLiteBehavior [ RunTime:0.000000s ]
INFO: [ app_init ] --END-- [ RunTime:0.000000s ]
INFO: [ app_begin ] --START--
INFO: Run Behavior\ReadHtmlCacheBehavior [ RunTime:0.001000s ]
INFO: [ app_begin ] --END-- [ RunTime:0.001000s ]
ERR: 非法操作:上传作品 - 千图网_files

[ 2018-01-09T11:44:00+08:00 ] 127.0.0.1 /index.php/Home/User/%E4%B8%8A%E4%BC%A0%E4%BD%9C%E5%93%81%20-%20%E5%8D%83%E5%9B%BE%E7%BD%91_files/smallqiandao.jpg
INFO: [ app_init ] --START--
INFO: Run Behavior\BuildLiteBehavior [ RunTime:0.000000s ]
INFO: [ app_init ] --END-- [ RunTime:0.001000s ]

[ 2018-01-09T11:44:00+08:00 ] 127.0.0.1 /index.php/Home/User/%E4%B8%8A%E4%BC%A0%E4%BD%9C%E5%93%81%20-%20%20%20%20%20%20%20%20%20%20%20%20%20%20%20%20%20%20%20%20%20%20%20%20%20%20%20%20%20%20%20%20%20%20%20%20%20%20%20%20%20%20%20%20%20%20%20%20%20%20%20%20%20%20%20%20%20%20%20%20%20%20%20%E5%8D%83%E5%9B%BE%E7%BD%91_files/WKGhPaT9sbkzv9TCKpqn1ib3k4QlMorEWicwdsaGaDCLXMYUyicMX6bzXEWeYlo0IdaD
INFO: [ app_init ] --START--
INFO: Run Behavior\BuildLiteBehavior [ RunTime:0.000000s ]
INFO: [ app_init ] --END-- [ RunTime:0.000000s ]
INFO: [ app_begin ] --START--
INFO: Run Behavior\ReadHtmlCacheBehavior [ RunTime:0.000000s ]
INFO: [ app_begin ] --END-- [ RunTime:0.000000s ]
ERR: 非法操作:上传作品 -                                                               千图网_files

[ 2018-01-09T11:44:07+08:00 ] 127.0.0.1 /index.php/Home/User/usercenter.html
INFO: [ app_init ] --START--
INFO: Run Behavior\BuildLiteBehavior [ RunTime:0.000000s ]
INFO: [ app_init ] --END-- [ RunTime:0.000000s ]
INFO: [ app_begin ] --START--
INFO: Run Behavior\ReadHtmlCacheBehavior [ RunTime:0.000000s ]
INFO: [ app_begin ] --END-- [ RunTime:0.000000s ]
INFO: [ view_parse ] --START--
INFO: [ template_filter ] --START--
INFO: Run Behavior\ContentReplaceBehavior [ RunTime:0.000000s ]
INFO: [ template_filter ] --END-- [ RunTime:0.000000s ]
INFO: Run Behavior\ParseTemplateBehavior [ RunTime:0.038000s ]
INFO: [ view_parse ] --END-- [ RunTime:0.038000s ]
INFO: [ view_filter ] --START--
INFO: Run Behavior\WriteHtmlCacheBehavior [ RunTime:0.000000s ]
INFO: [ view_filter ] --END-- [ RunTime:0.000000s ]
INFO: [ app_end ] --START--
INFO: Run Behavior\ShowPageTraceBehavior [ RunTime:0.001000s ]
INFO: [ app_end ] --END-- [ RunTime:0.001000s ]

[ 2018-01-09T11:44:07+08:00 ] 127.0.0.1 /index.php/Home/User/%E4%B8%AA%E4%BA%BA%E4%B8%AD%E5%BF%83%20-%20%E5%8D%83%E5%9B%BE%E7%BD%91_files/31H58PICbAy.jpg!qtwebp240
INFO: [ app_init ] --START--
INFO: Run Behavior\BuildLiteBehavior [ RunTime:0.001000s ]
INFO: [ app_init ] --END-- [ RunTime:0.001000s ]
INFO: [ app_begin ] --START--
INFO: Run Behavior\ReadHtmlCacheBehavior [ RunTime:0.000000s ]
INFO: [ app_begin ] --END-- [ RunTime:0.000000s ]
ERR: 非法操作:个人中心 - 千图网_files

[ 2018-01-09T11:44:07+08:00 ] 127.0.0.1 /index.php/Home/User/%E4%B8%AA%E4%BA%BA%E4%B8%AD%E5%BF%83%20-%20%E5%8D%83%E5%9B%BE%E7%BD%91_files/575782925407f.jpg!qtwebp240
INFO: [ app_init ] --START--
INFO: Run Behavior\BuildLiteBehavior [ RunTime:0.000000s ]
INFO: [ app_init ] --END-- [ RunTime:0.000000s ]
INFO: [ app_begin ] --START--
INFO: Run Behavior\ReadHtmlCacheBehavior [ RunTime:0.000000s ]
INFO: [ app_begin ] --END-- [ RunTime:0.000000s ]
ERR: 非法操作:个人中心 - 千图网_files

[ 2018-01-09T11:44:16+08:00 ] 127.0.0.1 /index.php/Home/User/user.html
INFO: [ app_init ] --START--
INFO: Run Behavior\BuildLiteBehavior [ RunTime:0.000000s ]
INFO: [ app_init ] --END-- [ RunTime:0.000000s ]
INFO: [ app_begin ] --START--
INFO: Run Behavior\ReadHtmlCacheBehavior [ RunTime:0.000000s ]
INFO: [ app_begin ] --END-- [ RunTime:0.000000s ]
INFO: [ view_parse ] --START--
INFO: [ template_filter ] --START--
INFO: Run Behavior\ContentReplaceBehavior [ RunTime:0.000000s ]
INFO: [ template_filter ] --END-- [ RunTime:0.000000s ]
INFO: Run Behavior\ParseTemplateBehavior [ RunTime:0.013000s ]
INFO: [ view_parse ] --END-- [ RunTime:0.014000s ]
INFO: [ view_filter ] --START--
INFO: Run Behavior\WriteHtmlCacheBehavior [ RunTime:0.000000s ]
INFO: [ view_filter ] --END-- [ RunTime:0.000000s ]
INFO: [ app_end ] --START--
INFO: Run Behavior\ShowPageTraceBehavior [ RunTime:0.001000s ]
INFO: [ app_end ] --END-- [ RunTime:0.001000s ]

[ 2018-01-09T11:44:17+08:00 ] 127.0.0.1 /index.php/Home/User/%E4%B8%8A%E4%BC%A0%E4%BD%9C%E5%93%81%20-%20%E5%8D%83%E5%9B%BE%E7%BD%91_files/WKGhPaT9sbkzv9TCKpqn1ib3k4QlMorEWicwdsaGaDCLXMYUyicMX6bzXEWeYlo0IdaD
INFO: [ app_init ] --START--
INFO: Run Behavior\BuildLiteBehavior [ RunTime:0.000000s ]
INFO: [ app_init ] --END-- [ RunTime:0.000000s ]
INFO: [ app_begin ] --START--
INFO: Run Behavior\ReadHtmlCacheBehavior [ RunTime:0.000000s ]
INFO: [ app_begin ] --END-- [ RunTime:0.000000s ]
ERR: 非法操作:上传作品 - 千图网_files

[ 2018-01-09T11:44:17+08:00 ] 127.0.0.1 /index.php/Home/User/%E4%B8%8A%E4%BC%A0%E4%BD%9C%E5%93%81%20-%20%20%20%20%20%20%20%20%20%20%20%20%20%20%20%20%20%20%20%20%20%20%20%20%20%20%20%20%20%20%20%20%20%20%20%20%20%20%20%20%20%20%20%20%20%20%20%20%20%20%20%20%20%20%20%20%20%20%20%20%20%20%20%E5%8D%83%E5%9B%BE%E7%BD%91_files/WKGhPaT9sbkzv9TCKpqn1ib3k4QlMorEWicwdsaGaDCLXMYUyicMX6bzXEWeYlo0IdaD
INFO: [ app_init ] --START--
INFO: Run Behavior\BuildLiteBehavior [ RunTime:0.000000s ]
INFO: [ app_init ] --END-- [ RunTime:0.001000s ]
INFO: [ app_begin ] --START--
INFO: Run Behavior\ReadHtmlCacheBehavior [ RunTime:0.000000s ]
INFO: [ app_begin ] --END-- [ RunTime:0.000000s ]
ERR: 非法操作:上传作品 -                                                               千图网_files

[ 2018-01-09T11:44:17+08:00 ] 127.0.0.1 /index.php/Home/User/%E4%B8%8A%E4%BC%A0%E4%BD%9C%E5%93%81%20-%20%E5%8D%83%E5%9B%BE%E7%BD%91_files/smallqiandao.jpg
INFO: [ app_init ] --START--
INFO: Run Behavior\BuildLiteBehavior [ RunTime:0.000000s ]
INFO: [ app_init ] --END-- [ RunTime:0.001000s ]

[ 2018-01-09T11:50:44+08:00 ] 127.0.0.1 /index.php/Home/User/usercenter.html
INFO: [ app_init ] --START--
INFO: Run Behavior\BuildLiteBehavior [ RunTime:0.001000s ]
INFO: [ app_init ] --END-- [ RunTime:0.001000s ]
INFO: [ app_begin ] --START--
INFO: Run Behavior\ReadHtmlCacheBehavior [ RunTime:0.000000s ]
INFO: [ app_begin ] --END-- [ RunTime:0.000000s ]
INFO: [ view_parse ] --START--
INFO: [ template_filter ] --START--
INFO: Run Behavior\ContentReplaceBehavior [ RunTime:0.000000s ]
INFO: [ template_filter ] --END-- [ RunTime:0.000000s ]
INFO: Run Behavior\ParseTemplateBehavior [ RunTime:0.024000s ]
INFO: [ view_parse ] --END-- [ RunTime:0.024000s ]
INFO: [ view_filter ] --START--
INFO: Run Behavior\WriteHtmlCacheBehavior [ RunTime:0.000000s ]
INFO: [ view_filter ] --END-- [ RunTime:0.000000s ]
INFO: [ app_end ] --START--
INFO: Run Behavior\ShowPageTraceBehavior [ RunTime:0.001000s ]
INFO: [ app_end ] --END-- [ RunTime:0.001000s ]

[ 2018-01-09T11:50:44+08:00 ] 127.0.0.1 /index.php/Home/User/%E4%B8%AA%E4%BA%BA%E4%B8%AD%E5%BF%83%20-%20%E5%8D%83%E5%9B%BE%E7%BD%91_files/31H58PICbAy.jpg!qtwebp240
INFO: [ app_init ] --START--
INFO: Run Behavior\BuildLiteBehavior [ RunTime:0.000000s ]
INFO: [ app_init ] --END-- [ RunTime:0.000000s ]
INFO: [ app_begin ] --START--
INFO: Run Behavior\ReadHtmlCacheBehavior [ RunTime:0.000000s ]
INFO: [ app_begin ] --END-- [ RunTime:0.001000s ]
ERR: 非法操作:个人中心 - 千图网_files

[ 2018-01-09T11:50:45+08:00 ] 127.0.0.1 /index.php/Home/User/%E4%B8%AA%E4%BA%BA%E4%B8%AD%E5%BF%83%20-%20%E5%8D%83%E5%9B%BE%E7%BD%91_files/575782925407f.jpg!qtwebp240
INFO: [ app_init ] --START--
INFO: Run Behavior\BuildLiteBehavior [ RunTime:0.000000s ]
INFO: [ app_init ] --END-- [ RunTime:0.000000s ]
INFO: [ app_begin ] --START--
INFO: Run Behavior\ReadHtmlCacheBehavior [ RunTime:0.000000s ]
INFO: [ app_begin ] --END-- [ RunTime:0.000000s ]
ERR: 非法操作:个人中心 - 千图网_files

[ 2018-01-09T15:07:17+08:00 ] 127.0.0.1 /index.php/Home/User/user.html
INFO: [ app_init ] --START--
INFO: Run Behavior\BuildLiteBehavior [ RunTime:0.000000s ]
INFO: [ app_init ] --END-- [ RunTime:0.001000s ]
INFO: [ app_begin ] --START--
INFO: Run Behavior\ReadHtmlCacheBehavior [ RunTime:0.001000s ]
INFO: [ app_begin ] --END-- [ RunTime:0.001000s ]
INFO: [ view_parse ] --START--
INFO: [ template_filter ] --START--
INFO: Run Behavior\ContentReplaceBehavior [ RunTime:0.000000s ]
INFO: [ template_filter ] --END-- [ RunTime:0.000000s ]
INFO: Run Behavior\ParseTemplateBehavior [ RunTime:0.020000s ]
INFO: [ view_parse ] --END-- [ RunTime:0.020000s ]
INFO: [ view_filter ] --START--
INFO: Run Behavior\WriteHtmlCacheBehavior [ RunTime:0.001000s ]
INFO: [ view_filter ] --END-- [ RunTime:0.001000s ]
INFO: [ app_end ] --START--
INFO: Run Behavior\ShowPageTraceBehavior [ RunTime:0.000000s ]
INFO: [ app_end ] --END-- [ RunTime:0.000000s ]

[ 2018-01-09T15:07:17+08:00 ] 127.0.0.1 /index.php/Home/User/%E4%B8%8A%E4%BC%A0%E4%BD%9C%E5%93%81%20-%20%E5%8D%83%E5%9B%BE%E7%BD%91_files/WKGhPaT9sbkzv9TCKpqn1ib3k4QlMorEWicwdsaGaDCLXMYUyicMX6bzXEWeYlo0IdaD
INFO: [ app_init ] --START--
INFO: Run Behavior\BuildLiteBehavior [ RunTime:0.000000s ]
INFO: [ app_init ] --END-- [ RunTime:0.000000s ]
INFO: [ app_begin ] --START--
INFO: Run Behavior\ReadHtmlCacheBehavior [ RunTime:0.000000s ]
INFO: [ app_begin ] --END-- [ RunTime:0.000000s ]
ERR: 非法操作:上传作品 - 千图网_files

[ 2018-01-09T15:07:18+08:00 ] 127.0.0.1 /index.php/Home/User/%E4%B8%8A%E4%BC%A0%E4%BD%9C%E5%93%81%20-%20%20%20%20%20%20%20%20%20%20%20%20%20%20%20%20%20%20%20%20%20%20%20%20%20%20%20%20%20%20%20%20%20%20%20%20%20%20%20%20%20%20%20%20%20%20%20%20%20%20%20%20%20%20%20%20%20%20%20%20%20%20%20%E5%8D%83%E5%9B%BE%E7%BD%91_files/WKGhPaT9sbkzv9TCKpqn1ib3k4QlMorEWicwdsaGaDCLXMYUyicMX6bzXEWeYlo0IdaD
INFO: [ app_init ] --START--
INFO: Run Behavior\BuildLiteBehavior [ RunTime:0.000000s ]
INFO: [ app_init ] --END-- [ RunTime:0.000000s ]
INFO: [ app_begin ] --START--
INFO: Run Behavior\ReadHtmlCacheBehavior [ RunTime:0.001000s ]
INFO: [ app_begin ] --END-- [ RunTime:0.001000s ]
ERR: 非法操作:上传作品 -                                                               千图网_files

[ 2018-01-09T15:07:18+08:00 ] 127.0.0.1 /index.php/Home/User/%E4%B8%8A%E4%BC%A0%E4%BD%9C%E5%93%81%20-%20%E5%8D%83%E5%9B%BE%E7%BD%91_files/smallqiandao.jpg
INFO: [ app_init ] --START--
INFO: Run Behavior\BuildLiteBehavior [ RunTime:0.000000s ]
INFO: [ app_init ] --END-- [ RunTime:0.000000s ]

[ 2018-01-09T15:11:13+08:00 ] 127.0.0.1 /index.php/Home/User/usercenter.html
INFO: [ app_init ] --START--
INFO: Run Behavior\BuildLiteBehavior [ RunTime:0.000000s ]
INFO: [ app_init ] --END-- [ RunTime:0.000000s ]
INFO: [ app_begin ] --START--
INFO: Run Behavior\ReadHtmlCacheBehavior [ RunTime:0.001000s ]
INFO: [ app_begin ] --END-- [ RunTime:0.001000s ]
INFO: [ view_parse ] --START--
INFO: [ template_filter ] --START--
INFO: Run Behavior\ContentReplaceBehavior [ RunTime:0.000000s ]
INFO: [ template_filter ] --END-- [ RunTime:0.001000s ]
INFO: Run Behavior\ParseTemplateBehavior [ RunTime:0.024000s ]
INFO: [ view_parse ] --END-- [ RunTime:0.024000s ]
INFO: [ view_filter ] --START--
INFO: Run Behavior\WriteHtmlCacheBehavior [ RunTime:0.000000s ]
INFO: [ view_filter ] --END-- [ RunTime:0.000000s ]
INFO: [ app_end ] --START--
INFO: Run Behavior\ShowPageTraceBehavior [ RunTime:0.000000s ]
INFO: [ app_end ] --END-- [ RunTime:0.000000s ]

[ 2018-01-09T15:11:13+08:00 ] 127.0.0.1 /index.php/Home/User/%E4%B8%AA%E4%BA%BA%E4%B8%AD%E5%BF%83%20-%20%E5%8D%83%E5%9B%BE%E7%BD%91_files/31H58PICbAy.jpg!qtwebp240
INFO: [ app_init ] --START--
INFO: Run Behavior\BuildLiteBehavior [ RunTime:0.000000s ]
INFO: [ app_init ] --END-- [ RunTime:0.000000s ]
INFO: [ app_begin ] --START--
INFO: Run Behavior\ReadHtmlCacheBehavior [ RunTime:0.000000s ]
INFO: [ app_begin ] --END-- [ RunTime:0.000000s ]
ERR: 非法操作:个人中心 - 千图网_files

[ 2018-01-09T15:11:13+08:00 ] 127.0.0.1 /index.php/Home/User/%E4%B8%AA%E4%BA%BA%E4%B8%AD%E5%BF%83%20-%20%E5%8D%83%E5%9B%BE%E7%BD%91_files/575782925407f.jpg!qtwebp240
INFO: [ app_init ] --START--
INFO: Run Behavior\BuildLiteBehavior [ RunTime:0.000000s ]
INFO: [ app_init ] --END-- [ RunTime:0.000000s ]
INFO: [ app_begin ] --START--
INFO: Run Behavior\ReadHtmlCacheBehavior [ RunTime:0.001000s ]
INFO: [ app_begin ] --END-- [ RunTime:0.001000s ]
ERR: 非法操作:个人中心 - 千图网_files

[ 2018-01-09T15:21:44+08:00 ] 127.0.0.1 /
INFO: [ app_init ] --START--
INFO: Run Behavior\BuildLiteBehavior [ RunTime:0.000000s ]
INFO: [ app_init ] --END-- [ RunTime:0.000000s ]
INFO: [ app_begin ] --START--
INFO: Run Behavior\ReadHtmlCacheBehavior [ RunTime:0.000000s ]
INFO: [ app_begin ] --END-- [ RunTime:0.000000s ]
INFO: [ view_parse ] --START--
INFO: [ template_filter ] --START--
INFO: Run Behavior\ContentReplaceBehavior [ RunTime:0.007000s ]
INFO: [ template_filter ] --END-- [ RunTime:0.008000s ]
INFO: Run Behavior\ParseTemplateBehavior [ RunTime:0.209000s ]
INFO: [ view_parse ] --END-- [ RunTime:0.209000s ]
INFO: [ view_filter ] --START--
INFO: Run Behavior\WriteHtmlCacheBehavior [ RunTime:0.000000s ]
INFO: [ view_filter ] --END-- [ RunTime:0.000000s ]
INFO: [ app_end ] --START--
INFO: Run Behavior\ShowPageTraceBehavior [ RunTime:0.000000s ]
INFO: [ app_end ] --END-- [ RunTime:0.000000s ]

[ 2018-01-09T15:21:52+08:00 ] 127.0.0.1 /index.php/Home/User/user.html
INFO: [ app_init ] --START--
INFO: Run Behavior\BuildLiteBehavior [ RunTime:0.000000s ]
INFO: [ app_init ] --END-- [ RunTime:0.000000s ]
INFO: [ app_begin ] --START--
INFO: Run Behavior\ReadHtmlCacheBehavior [ RunTime:0.000000s ]
INFO: [ app_begin ] --END-- [ RunTime:0.000000s ]
INFO: [ view_parse ] --START--
INFO: [ template_filter ] --START--
INFO: Run Behavior\ContentReplaceBehavior [ RunTime:0.000000s ]
INFO: [ template_filter ] --END-- [ RunTime:0.000000s ]
INFO: Run Behavior\ParseTemplateBehavior [ RunTime:0.012000s ]
INFO: [ view_parse ] --END-- [ RunTime:0.012000s ]
INFO: [ view_filter ] --START--
INFO: Run Behavior\WriteHtmlCacheBehavior [ RunTime:0.000000s ]
INFO: [ view_filter ] --END-- [ RunTime:0.000000s ]
INFO: [ app_end ] --START--
INFO: Run Behavior\ShowPageTraceBehavior [ RunTime:0.001000s ]
INFO: [ app_end ] --END-- [ RunTime:0.001000s ]

[ 2018-01-09T15:21:53+08:00 ] 127.0.0.1 /index.php/Home/User/%E4%B8%8A%E4%BC%A0%E4%BD%9C%E5%93%81%20-%20%20%20%20%20%20%20%20%20%20%20%20%20%20%20%20%20%20%20%20%20%20%20%20%20%20%20%20%20%20%20%20%20%20%20%20%20%20%20%20%20%20%20%20%20%20%20%20%20%20%20%20%20%20%20%20%20%20%20%20%20%20%20%E5%8D%83%E5%9B%BE%E7%BD%91_files/WKGhPaT9sbkzv9TCKpqn1ib3k4QlMorEWicwdsaGaDCLXMYUyicMX6bzXEWeYlo0IdaD
INFO: [ app_init ] --START--
INFO: Run Behavior\BuildLiteBehavior [ RunTime:0.000000s ]
INFO: [ app_init ] --END-- [ RunTime:0.000000s ]
INFO: [ app_begin ] --START--
INFO: Run Behavior\ReadHtmlCacheBehavior [ RunTime:0.000000s ]
INFO: [ app_begin ] --END-- [ RunTime:0.000000s ]
ERR: 非法操作:上传作品 -                                                               千图网_files

[ 2018-01-09T15:21:53+08:00 ] 127.0.0.1 /index.php/Home/User/%E4%B8%8A%E4%BC%A0%E4%BD%9C%E5%93%81%20-%20%E5%8D%83%E5%9B%BE%E7%BD%91_files/WKGhPaT9sbkzv9TCKpqn1ib3k4QlMorEWicwdsaGaDCLXMYUyicMX6bzXEWeYlo0IdaD
INFO: [ app_init ] --START--
INFO: Run Behavior\BuildLiteBehavior [ RunTime:0.000000s ]
INFO: [ app_init ] --END-- [ RunTime:0.000000s ]
INFO: [ app_begin ] --START--
INFO: Run Behavior\ReadHtmlCacheBehavior [ RunTime:0.000000s ]
INFO: [ app_begin ] --END-- [ RunTime:0.000000s ]
ERR: 非法操作:上传作品 - 千图网_files

[ 2018-01-09T15:22:25+08:00 ] 127.0.0.1 /index.php/Home/User/usercenter.html
INFO: [ app_init ] --START--
INFO: Run Behavior\BuildLiteBehavior [ RunTime:0.000000s ]
INFO: [ app_init ] --END-- [ RunTime:0.001000s ]
INFO: [ app_begin ] --START--
INFO: Run Behavior\ReadHtmlCacheBehavior [ RunTime:0.000000s ]
INFO: [ app_begin ] --END-- [ RunTime:0.000000s ]
INFO: [ view_parse ] --START--
INFO: [ template_filter ] --START--
INFO: Run Behavior\ContentReplaceBehavior [ RunTime:0.001000s ]
INFO: [ template_filter ] --END-- [ RunTime:0.001000s ]
INFO: Run Behavior\ParseTemplateBehavior [ RunTime:0.013000s ]
INFO: [ view_parse ] --END-- [ RunTime:0.013000s ]
INFO: [ view_filter ] --START--
INFO: Run Behavior\WriteHtmlCacheBehavior [ RunTime:0.000000s ]
INFO: [ view_filter ] --END-- [ RunTime:0.000000s ]
INFO: [ app_end ] --START--
INFO: Run Behavior\ShowPageTraceBehavior [ RunTime:0.001000s ]
INFO: [ app_end ] --END-- [ RunTime:0.001000s ]

[ 2018-01-09T15:22:25+08:00 ] 127.0.0.1 /index.php/Home/User/%E4%B8%AA%E4%BA%BA%E4%B8%AD%E5%BF%83%20-%20%E5%8D%83%E5%9B%BE%E7%BD%91_files/31H58PICbAy.jpg!qtwebp240
INFO: [ app_init ] --START--
INFO: Run Behavior\BuildLiteBehavior [ RunTime:0.000000s ]
INFO: [ app_init ] --END-- [ RunTime:0.000000s ]
INFO: [ app_begin ] --START--
INFO: Run Behavior\ReadHtmlCacheBehavior [ RunTime:0.000000s ]
INFO: [ app_begin ] --END-- [ RunTime:0.000000s ]
ERR: 非法操作:个人中心 - 千图网_files

[ 2018-01-09T15:22:25+08:00 ] 127.0.0.1 /index.php/Home/User/%E4%B8%AA%E4%BA%BA%E4%B8%AD%E5%BF%83%20-%20%E5%8D%83%E5%9B%BE%E7%BD%91_files/575782925407f.jpg!qtwebp240
INFO: [ app_init ] --START--
INFO: Run Behavior\BuildLiteBehavior [ RunTime:0.000000s ]
INFO: [ app_init ] --END-- [ RunTime:0.001000s ]
INFO: [ app_begin ] --START--
INFO: Run Behavior\ReadHtmlCacheBehavior [ RunTime:0.001000s ]
INFO: [ app_begin ] --END-- [ RunTime:0.001000s ]
ERR: 非法操作:个人中心 - 千图网_files

[ 2018-01-09T15:23:30+08:00 ] 127.0.0.1 /index.php/Home/User/user.html
INFO: [ app_init ] --START--
INFO: Run Behavior\BuildLiteBehavior [ RunTime:0.000000s ]
INFO: [ app_init ] --END-- [ RunTime:0.000000s ]
INFO: [ app_begin ] --START--
INFO: Run Behavior\ReadHtmlCacheBehavior [ RunTime:0.000000s ]
INFO: [ app_begin ] --END-- [ RunTime:0.000000s ]
INFO: [ view_parse ] --START--
INFO: [ template_filter ] --START--
INFO: Run Behavior\ContentReplaceBehavior [ RunTime:0.000000s ]
INFO: [ template_filter ] --END-- [ RunTime:0.000000s ]
INFO: Run Behavior\ParseTemplateBehavior [ RunTime:0.053000s ]
INFO: [ view_parse ] --END-- [ RunTime:0.054000s ]
INFO: [ view_filter ] --START--
INFO: Run Behavior\WriteHtmlCacheBehavior [ RunTime:0.000000s ]
INFO: [ view_filter ] --END-- [ RunTime:0.000000s ]
INFO: [ app_end ] --START--
INFO: Run Behavior\ShowPageTraceBehavior [ RunTime:0.001000s ]
INFO: [ app_end ] --END-- [ RunTime:0.001000s ]

[ 2018-01-09T15:23:30+08:00 ] 127.0.0.1 /index.php/Home/User/%E4%B8%8A%E4%BC%A0%E4%BD%9C%E5%93%81%20-%20%20%20%20%20%20%20%20%20%20%20%20%20%20%20%20%20%20%20%20%20%20%20%20%20%20%20%20%20%20%20%20%20%20%20%20%20%20%20%20%20%20%20%20%20%20%20%20%20%20%20%20%20%20%20%20%20%20%20%20%20%20%20%E5%8D%83%E5%9B%BE%E7%BD%91_files/WKGhPaT9sbkzv9TCKpqn1ib3k4QlMorEWicwdsaGaDCLXMYUyicMX6bzXEWeYlo0IdaD
INFO: [ app_init ] --START--
INFO: Run Behavior\BuildLiteBehavior [ RunTime:0.000000s ]
INFO: [ app_init ] --END-- [ RunTime:0.001000s ]
INFO: [ app_begin ] --START--
INFO: Run Behavior\ReadHtmlCacheBehavior [ RunTime:0.001000s ]
INFO: [ app_begin ] --END-- [ RunTime:0.001000s ]
ERR: 非法操作:上传作品 -                                                               千图网_files

[ 2018-01-09T15:23:30+08:00 ] 127.0.0.1 /index.php/Home/User/%E4%B8%8A%E4%BC%A0%E4%BD%9C%E5%93%81%20-%20%E5%8D%83%E5%9B%BE%E7%BD%91_files/WKGhPaT9sbkzv9TCKpqn1ib3k4QlMorEWicwdsaGaDCLXMYUyicMX6bzXEWeYlo0IdaD
INFO: [ app_init ] --START--
INFO: Run Behavior\BuildLiteBehavior [ RunTime:0.000000s ]
INFO: [ app_init ] --END-- [ RunTime:0.001000s ]
INFO: [ app_begin ] --START--
INFO: Run Behavior\ReadHtmlCacheBehavior [ RunTime:0.001000s ]
INFO: [ app_begin ] --END-- [ RunTime:0.001000s ]
ERR: 非法操作:上传作品 - 千图网_files

[ 2018-01-09T15:23:35+08:00 ] 127.0.0.1 /index.php/Home/User/usercenter.html
INFO: [ app_init ] --START--
INFO: Run Behavior\BuildLiteBehavior [ RunTime:0.000000s ]
INFO: [ app_init ] --END-- [ RunTime:0.001000s ]
INFO: [ app_begin ] --START--
INFO: Run Behavior\ReadHtmlCacheBehavior [ RunTime:0.000000s ]
INFO: [ app_begin ] --END-- [ RunTime:0.000000s ]
INFO: [ view_parse ] --START--
INFO: [ template_filter ] --START--
INFO: Run Behavior\ContentReplaceBehavior [ RunTime:0.000000s ]
INFO: [ template_filter ] --END-- [ RunTime:0.000000s ]
INFO: Run Behavior\ParseTemplateBehavior [ RunTime:0.012000s ]
INFO: [ view_parse ] --END-- [ RunTime:0.012000s ]
INFO: [ view_filter ] --START--
INFO: Run Behavior\WriteHtmlCacheBehavior [ RunTime:0.001000s ]
INFO: [ view_filter ] --END-- [ RunTime:0.001000s ]
INFO: [ app_end ] --START--
INFO: Run Behavior\ShowPageTraceBehavior [ RunTime:0.001000s ]
INFO: [ app_end ] --END-- [ RunTime:0.001000s ]

[ 2018-01-09T15:23:35+08:00 ] 127.0.0.1 /index.php/Home/User/%E4%B8%AA%E4%BA%BA%E4%B8%AD%E5%BF%83%20-%20%E5%8D%83%E5%9B%BE%E7%BD%91_files/31H58PICbAy.jpg!qtwebp240
INFO: [ app_init ] --START--
INFO: Run Behavior\BuildLiteBehavior [ RunTime:0.000000s ]
INFO: [ app_init ] --END-- [ RunTime:0.001000s ]
INFO: [ app_begin ] --START--
INFO: Run Behavior\ReadHtmlCacheBehavior [ RunTime:0.000000s ]
INFO: [ app_begin ] --END-- [ RunTime:0.000000s ]
ERR: 非法操作:个人中心 - 千图网_files

[ 2018-01-09T15:23:35+08:00 ] 127.0.0.1 /index.php/Home/User/%E4%B8%AA%E4%BA%BA%E4%B8%AD%E5%BF%83%20-%20%E5%8D%83%E5%9B%BE%E7%BD%91_files/575782925407f.jpg!qtwebp240
INFO: [ app_init ] --START--
INFO: Run Behavior\BuildLiteBehavior [ RunTime:0.000000s ]
INFO: [ app_init ] --END-- [ RunTime:0.000000s ]
INFO: [ app_begin ] --START--
INFO: Run Behavior\ReadHtmlCacheBehavior [ RunTime:0.000000s ]
INFO: [ app_begin ] --END-- [ RunTime:0.000000s ]
ERR: 非法操作:个人中心 - 千图网_files

[ 2018-01-09T15:34:20+08:00 ] 127.0.0.1 /
INFO: [ app_init ] --START--
INFO: Run Behavior\BuildLiteBehavior [ RunTime:0.000000s ]
INFO: [ app_init ] --END-- [ RunTime:0.000000s ]
INFO: [ app_begin ] --START--
INFO: Run Behavior\ReadHtmlCacheBehavior [ RunTime:0.000000s ]
INFO: [ app_begin ] --END-- [ RunTime:0.000000s ]
INFO: [ view_parse ] --START--
INFO: [ template_filter ] --START--
INFO: Run Behavior\ContentReplaceBehavior [ RunTime:0.006000s ]
INFO: [ template_filter ] --END-- [ RunTime:0.006000s ]
INFO: Run Behavior\ParseTemplateBehavior [ RunTime:0.213000s ]
INFO: [ view_parse ] --END-- [ RunTime:0.213000s ]
INFO: [ view_filter ] --START--
INFO: Run Behavior\WriteHtmlCacheBehavior [ RunTime:0.000000s ]
INFO: [ view_filter ] --END-- [ RunTime:0.000000s ]
INFO: [ app_end ] --START--
INFO: Run Behavior\ShowPageTraceBehavior [ RunTime:0.000000s ]
INFO: [ app_end ] --END-- [ RunTime:0.001000s ]

[ 2018-01-09T15:38:13+08:00 ] 127.0.0.1 /
INFO: [ app_init ] --START--
INFO: Run Behavior\BuildLiteBehavior [ RunTime:0.000000s ]
INFO: [ app_init ] --END-- [ RunTime:0.000000s ]
INFO: [ app_begin ] --START--
INFO: Run Behavior\ReadHtmlCacheBehavior [ RunTime:0.001000s ]
INFO: [ app_begin ] --END-- [ RunTime:0.001000s ]
INFO: [ view_parse ] --START--
INFO: [ template_filter ] --START--
INFO: Run Behavior\ContentReplaceBehavior [ RunTime:0.007000s ]
INFO: [ template_filter ] --END-- [ RunTime:0.007000s ]
INFO: Run Behavior\ParseTemplateBehavior [ RunTime:0.210000s ]
INFO: [ view_parse ] --END-- [ RunTime:0.210000s ]
INFO: [ view_filter ] --START--
INFO: Run Behavior\WriteHtmlCacheBehavior [ RunTime:0.001000s ]
INFO: [ view_filter ] --END-- [ RunTime:0.001000s ]
INFO: [ app_end ] --START--
INFO: Run Behavior\ShowPageTraceBehavior [ RunTime:0.000000s ]
INFO: [ app_end ] --END-- [ RunTime:0.000000s ]

[ 2018-01-09T15:40:51+08:00 ] 127.0.0.1 /
INFO: [ app_init ] --START--
INFO: Run Behavior\BuildLiteBehavior [ RunTime:0.000000s ]
INFO: [ app_init ] --END-- [ RunTime:0.000000s ]

[ 2018-01-09T15:43:00+08:00 ] 127.0.0.1 /
INFO: [ app_init ] --START--
INFO: Run Behavior\BuildLiteBehavior [ RunTime:0.000000s ]
INFO: [ app_init ] --END-- [ RunTime:0.001000s ]

[ 2018-01-09T15:47:59+08:00 ] 127.0.0.1 /
INFO: [ app_init ] --START--
INFO: Run Behavior\BuildLiteBehavior [ RunTime:0.000000s ]
INFO: [ app_init ] --END-- [ RunTime:0.001000s ]

[ 2018-01-09T15:56:55+08:00 ] 127.0.0.1 /
INFO: [ app_init ] --START--
INFO: Run Behavior\BuildLiteBehavior [ RunTime:0.000000s ]
INFO: [ app_init ] --END-- [ RunTime:0.000000s ]

[ 2018-01-09T16:00:07+08:00 ] 127.0.0.1 /
INFO: [ app_init ] --START--
INFO: Run Behavior\BuildLiteBehavior [ RunTime:0.000000s ]
INFO: [ app_init ] --END-- [ RunTime:0.000000s ]

[ 2018-01-09T16:05:09+08:00 ] 127.0.0.1 /
INFO: [ app_init ] --START--
INFO: Run Behavior\BuildLiteBehavior [ RunTime:0.000000s ]
INFO: [ app_init ] --END-- [ RunTime:0.001000s ]

[ 2018-01-09T16:05:23+08:00 ] 127.0.0.1 /
INFO: [ app_init ] --START--
INFO: Run Behavior\BuildLiteBehavior [ RunTime:0.000000s ]
INFO: [ app_init ] --END-- [ RunTime:0.000000s ]

[ 2018-01-09T16:08:02+08:00 ] 127.0.0.1 /
INFO: [ app_init ] --START--
INFO: Run Behavior\BuildLiteBehavior [ RunTime:0.000000s ]
INFO: [ app_init ] --END-- [ RunTime:0.000000s ]

[ 2018-01-09T16:08:11+08:00 ] 127.0.0.1 /
INFO: [ app_init ] --START--
INFO: Run Behavior\BuildLiteBehavior [ RunTime:0.000000s ]
INFO: [ app_init ] --END-- [ RunTime:0.000000s ]

[ 2018-01-09T16:08:11+08:00 ] 127.0.0.1 /
INFO: [ app_init ] --START--
INFO: Run Behavior\BuildLiteBehavior [ RunTime:0.000000s ]
INFO: [ app_init ] --END-- [ RunTime:0.000000s ]

[ 2018-01-09T16:18:01+08:00 ] 127.0.0.1 /index.php/Home/User/user.html
INFO: [ app_init ] --START--
INFO: Run Behavior\BuildLiteBehavior [ RunTime:0.000000s ]
INFO: [ app_init ] --END-- [ RunTime:0.001000s ]

[ 2018-01-09T16:18:02+08:00 ] 127.0.0.1 /index.php/Home/User/%E4%B8%8A%E4%BC%A0%E4%BD%9C%E5%93%81%20-%20%E5%8D%83%E5%9B%BE%E7%BD%91_files/WKGhPaT9sbkzv9TCKpqn1ib3k4QlMorEWicwdsaGaDCLXMYUyicMX6bzXEWeYlo0IdaD
INFO: [ app_init ] --START--
INFO: Run Behavior\BuildLiteBehavior [ RunTime:0.000000s ]
INFO: [ app_init ] --END-- [ RunTime:0.000000s ]
ERR: 非法操作:上传作品 - 千图网_files

[ 2018-01-09T16:18:02+08:00 ] 127.0.0.1 /index.php/Home/User/%E4%B8%8A%E4%BC%A0%E4%BD%9C%E5%93%81%20-%20%20%20%20%20%20%20%20%20%20%20%20%20%20%20%20%20%20%20%20%20%20%20%20%20%20%20%20%20%20%20%20%20%20%20%20%20%20%20%20%20%20%20%20%20%20%20%20%20%20%20%20%20%20%20%20%20%20%20%20%20%20%20%E5%8D%83%E5%9B%BE%E7%BD%91_files/WKGhPaT9sbkzv9TCKpqn1ib3k4QlMorEWicwdsaGaDCLXMYUyicMX6bzXEWeYlo0IdaD
INFO: [ app_init ] --START--
INFO: Run Behavior\BuildLiteBehavior [ RunTime:0.000000s ]
INFO: [ app_init ] --END-- [ RunTime:0.000000s ]
ERR: 非法操作:上传作品 -                                                               千图网_files

[ 2018-01-09T16:18:10+08:00 ] 127.0.0.1 /
INFO: [ app_init ] --START--
INFO: Run Behavior\BuildLiteBehavior [ RunTime:0.000000s ]
INFO: [ app_init ] --END-- [ RunTime:0.001000s ]

[ 2018-01-09T16:24:27+08:00 ] 127.0.0.1 /index.php/Home/User/user.html
INFO: [ app_init ] --START--
INFO: Run Behavior\BuildLiteBehavior [ RunTime:0.000000s ]
INFO: [ app_init ] --END-- [ RunTime:0.000000s ]

[ 2018-01-09T16:24:28+08:00 ] 127.0.0.1 /index.php/Home/User/%E4%B8%8A%E4%BC%A0%E4%BD%9C%E5%93%81%20-%20%20%20%20%20%20%20%20%20%20%20%20%20%20%20%20%20%20%20%20%20%20%20%20%20%20%20%20%20%20%20%20%20%20%20%20%20%20%20%20%20%20%20%20%20%20%20%20%20%20%20%20%20%20%20%20%20%20%20%20%20%20%20%E5%8D%83%E5%9B%BE%E7%BD%91_files/WKGhPaT9sbkzv9TCKpqn1ib3k4QlMorEWicwdsaGaDCLXMYUyicMX6bzXEWeYlo0IdaD
INFO: [ app_init ] --START--
INFO: Run Behavior\BuildLiteBehavior [ RunTime:0.000000s ]
INFO: [ app_init ] --END-- [ RunTime:0.001000s ]
ERR: 非法操作:上传作品 -                                                               千图网_files

[ 2018-01-09T16:24:28+08:00 ] 127.0.0.1 /index.php/Home/User/%E4%B8%8A%E4%BC%A0%E4%BD%9C%E5%93%81%20-%20%E5%8D%83%E5%9B%BE%E7%BD%91_files/WKGhPaT9sbkzv9TCKpqn1ib3k4QlMorEWicwdsaGaDCLXMYUyicMX6bzXEWeYlo0IdaD
INFO: [ app_init ] --START--
INFO: Run Behavior\BuildLiteBehavior [ RunTime:0.000000s ]
INFO: [ app_init ] --END-- [ RunTime:0.001000s ]
ERR: 非法操作:上传作品 - 千图网_files

[ 2018-01-09T16:24:28+08:00 ] 127.0.0.1 /index.php/Home/User/usercenter.html
INFO: [ app_init ] --START--
INFO: Run Behavior\BuildLiteBehavior [ RunTime:0.000000s ]
INFO: [ app_init ] --END-- [ RunTime:0.001000s ]

[ 2018-01-09T16:24:29+08:00 ] 127.0.0.1 /index.php/Home/User/%E4%B8%AA%E4%BA%BA%E4%B8%AD%E5%BF%83%20-%20%E5%8D%83%E5%9B%BE%E7%BD%91_files/575782925407f.jpg!qtwebp240
INFO: [ app_init ] --START--
INFO: Run Behavior\BuildLiteBehavior [ RunTime:0.000000s ]
INFO: [ app_init ] --END-- [ RunTime:0.001000s ]
ERR: 非法操作:个人中心 - 千图网_files

[ 2018-01-09T16:24:29+08:00 ] 127.0.0.1 /index.php/Home/User/%E4%B8%AA%E4%BA%BA%E4%B8%AD%E5%BF%83%20-%20%E5%8D%83%E5%9B%BE%E7%BD%91_files/31H58PICbAy.jpg!qtwebp240
INFO: [ app_init ] --START--
INFO: Run Behavior\BuildLiteBehavior [ RunTime:0.000000s ]
INFO: [ app_init ] --END-- [ RunTime:0.001000s ]
ERR: 非法操作:个人中心 - 千图网_files

[ 2018-01-09T16:24:50+08:00 ] 127.0.0.1 /index.php/Home/User/%E4%B8%8A%E4%BC%A0%E4%BD%9C%E5%93%81%20-%20%20%20%20%20%20%20%20%20%20%20%20%20%20%20%20%20%20%20%20%20%20%20%20%20%20%20%20%20%20%20%20%20%20%20%20%20%20%20%20%20%20%20%20%20%20%20%20%20%20%20%20%20%20%20%20%20%20%20%20%20%20%20%E5%8D%83%E5%9B%BE%E7%BD%91_files/WKGhPaT9sbkzv9TCKpqn1ib3k4QlMorEWicwdsaGaDCLXMYUyicMX6bzXEWeYlo0IdaD
INFO: [ app_init ] --START--
INFO: Run Behavior\BuildLiteBehavior [ RunTime:0.000000s ]
INFO: [ app_init ] --END-- [ RunTime:0.001000s ]
ERR: 非法操作:上传作品 -                                                               千图网_files

[ 2018-01-09T16:24:50+08:00 ] 127.0.0.1 /index.php/Home/User/%E4%B8%8A%E4%BC%A0%E4%BD%9C%E5%93%81%20-%20%E5%8D%83%E5%9B%BE%E7%BD%91_files/WKGhPaT9sbkzv9TCKpqn1ib3k4QlMorEWicwdsaGaDCLXMYUyicMX6bzXEWeYlo0IdaD
INFO: [ app_init ] --START--
INFO: Run Behavior\BuildLiteBehavior [ RunTime:0.000000s ]
INFO: [ app_init ] --END-- [ RunTime:0.000000s ]
ERR: 非法操作:上传作品 - 千图网_files

[ 2018-01-09T16:24:54+08:00 ] 127.0.0.1 /index.php/Home/User/usercenter.html
INFO: [ app_init ] --START--
INFO: Run Behavior\BuildLiteBehavior [ RunTime:0.000000s ]
INFO: [ app_init ] --END-- [ RunTime:0.001000s ]

[ 2018-01-09T16:24:54+08:00 ] 127.0.0.1 /index.php/Home/User/%E4%B8%AA%E4%BA%BA%E4%B8%AD%E5%BF%83%20-%20%E5%8D%83%E5%9B%BE%E7%BD%91_files/31H58PICbAy.jpg!qtwebp240
INFO: [ app_init ] --START--
INFO: Run Behavior\BuildLiteBehavior [ RunTime:0.000000s ]
INFO: [ app_init ] --END-- [ RunTime:0.000000s ]
ERR: 非法操作:个人中心 - 千图网_files

[ 2018-01-09T16:24:54+08:00 ] 127.0.0.1 /index.php/Home/User/%E4%B8%AA%E4%BA%BA%E4%B8%AD%E5%BF%83%20-%20%E5%8D%83%E5%9B%BE%E7%BD%91_files/575782925407f.jpg!qtwebp240
INFO: [ app_init ] --START--
INFO: Run Behavior\BuildLiteBehavior [ RunTime:0.000000s ]
INFO: [ app_init ] --END-- [ RunTime:0.000000s ]
ERR: 非法操作:个人中心 - 千图网_files

[ 2018-01-09T16:25:06+08:00 ] 127.0.0.1 /index.php/Home/User/%E4%B8%AA%E4%BA%BA%E4%B8%AD%E5%BF%83%20-%20%E5%8D%83%E5%9B%BE%E7%BD%91_files/31H58PICbAy.jpg!qtwebp240
INFO: [ app_init ] --START--
INFO: Run Behavior\BuildLiteBehavior [ RunTime:0.000000s ]
INFO: [ app_init ] --END-- [ RunTime:0.000000s ]
ERR: 非法操作:个人中心 - 千图网_files

[ 2018-01-09T16:25:06+08:00 ] 127.0.0.1 /index.php/Home/User/%E4%B8%AA%E4%BA%BA%E4%B8%AD%E5%BF%83%20-%20%E5%8D%83%E5%9B%BE%E7%BD%91_files/575782925407f.jpg!qtwebp240
INFO: [ app_init ] --START--
INFO: Run Behavior\BuildLiteBehavior [ RunTime:0.000000s ]
INFO: [ app_init ] --END-- [ RunTime:0.000000s ]
ERR: 非法操作:个人中心 - 千图网_files

[ 2018-01-09T16:26:34+08:00 ] 127.0.0.1 /index.php/Home/User/%E4%B8%8A%E4%BC%A0%E4%BD%9C%E5%93%81%20-%20%E5%8D%83%E5%9B%BE%E7%BD%91_files/WKGhPaT9sbkzv9TCKpqn1ib3k4QlMorEWicwdsaGaDCLXMYUyicMX6bzXEWeYlo0IdaD
INFO: [ app_init ] --START--
INFO: Run Behavior\BuildLiteBehavior [ RunTime:0.000000s ]
INFO: [ app_init ] --END-- [ RunTime:0.000000s ]
ERR: 非法操作:上传作品 - 千图网_files

[ 2018-01-09T16:26:34+08:00 ] 127.0.0.1 /index.php/Home/User/%E4%B8%8A%E4%BC%A0%E4%BD%9C%E5%93%81%20-%20%20%20%20%20%20%20%20%20%20%20%20%20%20%20%20%20%20%20%20%20%20%20%20%20%20%20%20%20%20%20%20%20%20%20%20%20%20%20%20%20%20%20%20%20%20%20%20%20%20%20%20%20%20%20%20%20%20%20%20%20%20%20%E5%8D%83%E5%9B%BE%E7%BD%91_files/WKGhPaT9sbkzv9TCKpqn1ib3k4QlMorEWicwdsaGaDCLXMYUyicMX6bzXEWeYlo0IdaD
INFO: [ app_init ] --START--
INFO: Run Behavior\BuildLiteBehavior [ RunTime:0.000000s ]
INFO: [ app_init ] --END-- [ RunTime:0.000000s ]
ERR: 非法操作:上传作品 -                                                               千图网_files

[ 2018-01-09T16:26:41+08:00 ] 127.0.0.1 /index.php/Home/User/usercenter.html
INFO: [ app_init ] --START--
INFO: Run Behavior\BuildLiteBehavior [ RunTime:0.000000s ]
INFO: [ app_init ] --END-- [ RunTime:0.000000s ]

[ 2018-01-09T16:26:41+08:00 ] 127.0.0.1 /index.php/Home/User/%E4%B8%AA%E4%BA%BA%E4%B8%AD%E5%BF%83%20-%20%E5%8D%83%E5%9B%BE%E7%BD%91_files/575782925407f.jpg!qtwebp240
INFO: [ app_init ] --START--
INFO: Run Behavior\BuildLiteBehavior [ RunTime:0.000000s ]
INFO: [ app_init ] --END-- [ RunTime:0.001000s ]
ERR: 非法操作:个人中心 - 千图网_files

[ 2018-01-09T16:26:41+08:00 ] 127.0.0.1 /index.php/Home/User/%E4%B8%AA%E4%BA%BA%E4%B8%AD%E5%BF%83%20-%20%E5%8D%83%E5%9B%BE%E7%BD%91_files/31H58PICbAy.jpg!qtwebp240
INFO: [ app_init ] --START--
INFO: Run Behavior\BuildLiteBehavior [ RunTime:0.000000s ]
INFO: [ app_init ] --END-- [ RunTime:0.000000s ]
ERR: 非法操作:个人中心 - 千图网_files

[ 2018-01-09T16:28:24+08:00 ] 127.0.0.1 /index.php/Home/User/user.html
INFO: [ app_init ] --START--
INFO: Run Behavior\BuildLiteBehavior [ RunTime:0.000000s ]
INFO: [ app_init ] --END-- [ RunTime:0.001000s ]

[ 2018-01-09T16:28:24+08:00 ] 127.0.0.1 /index.php/Home/User/%E4%B8%8A%E4%BC%A0%E4%BD%9C%E5%93%81%20-%20%20%20%20%20%20%20%20%20%20%20%20%20%20%20%20%20%20%20%20%20%20%20%20%20%20%20%20%20%20%20%20%20%20%20%20%20%20%20%20%20%20%20%20%20%20%20%20%20%20%20%20%20%20%20%20%20%20%20%20%20%20%20%E5%8D%83%E5%9B%BE%E7%BD%91_files/WKGhPaT9sbkzv9TCKpqn1ib3k4QlMorEWicwdsaGaDCLXMYUyicMX6bzXEWeYlo0IdaD
INFO: [ app_init ] --START--
INFO: Run Behavior\BuildLiteBehavior [ RunTime:0.000000s ]
INFO: [ app_init ] --END-- [ RunTime:0.001000s ]
ERR: 非法操作:上传作品 -                                                               千图网_files

[ 2018-01-09T16:28:24+08:00 ] 127.0.0.1 /index.php/Home/User/%E4%B8%8A%E4%BC%A0%E4%BD%9C%E5%93%81%20-%20%E5%8D%83%E5%9B%BE%E7%BD%91_files/WKGhPaT9sbkzv9TCKpqn1ib3k4QlMorEWicwdsaGaDCLXMYUyicMX6bzXEWeYlo0IdaD
INFO: [ app_init ] --START--
INFO: Run Behavior\BuildLiteBehavior [ RunTime:0.000000s ]
INFO: [ app_init ] --END-- [ RunTime:0.000000s ]
ERR: 非法操作:上传作品 - 千图网_files

[ 2018-01-09T16:28:26+08:00 ] 127.0.0.1 /index.php/Home/User/usercenter.html
INFO: [ app_init ] --START--
INFO: Run Behavior\BuildLiteBehavior [ RunTime:0.000000s ]
INFO: [ app_init ] --END-- [ RunTime:0.000000s ]

[ 2018-01-09T16:28:26+08:00 ] 127.0.0.1 /index.php/Home/User/%E4%B8%AA%E4%BA%BA%E4%B8%AD%E5%BF%83%20-%20%E5%8D%83%E5%9B%BE%E7%BD%91_files/31H58PICbAy.jpg!qtwebp240
INFO: [ app_init ] --START--
INFO: Run Behavior\BuildLiteBehavior [ RunTime:0.000000s ]
INFO: [ app_init ] --END-- [ RunTime:0.000000s ]
ERR: 非法操作:个人中心 - 千图网_files

[ 2018-01-09T16:28:26+08:00 ] 127.0.0.1 /index.php/Home/User/%E4%B8%AA%E4%BA%BA%E4%B8%AD%E5%BF%83%20-%20%E5%8D%83%E5%9B%BE%E7%BD%91_files/575782925407f.jpg!qtwebp240
INFO: [ app_init ] --START--
INFO: Run Behavior\BuildLiteBehavior [ RunTime:0.000000s ]
INFO: [ app_init ] --END-- [ RunTime:0.000000s ]
ERR: 非法操作:个人中心 - 千图网_files

[ 2018-01-09T16:32:39+08:00 ] 127.0.0.1 /index.php/Home/User/usercenter.html
INFO: [ app_init ] --START--
INFO: Run Behavior\BuildLiteBehavior [ RunTime:0.000000s ]
INFO: [ app_init ] --END-- [ RunTime:0.000000s ]

[ 2018-01-09T16:32:40+08:00 ] 127.0.0.1 /index.php/Home/User/%E4%B8%AA%E4%BA%BA%E4%B8%AD%E5%BF%83%20-%20%E5%8D%83%E5%9B%BE%E7%BD%91_files/575782925407f.jpg!qtwebp240
INFO: [ app_init ] --START--
INFO: Run Behavior\BuildLiteBehavior [ RunTime:0.000000s ]
INFO: [ app_init ] --END-- [ RunTime:0.001000s ]
ERR: 非法操作:个人中心 - 千图网_files

[ 2018-01-09T16:32:41+08:00 ] 127.0.0.1 /index.php/Home/User/resume.html
INFO: [ app_init ] --START--
INFO: Run Behavior\BuildLiteBehavior [ RunTime:0.000000s ]
INFO: [ app_init ] --END-- [ RunTime:0.001000s ]

[ 2018-01-09T16:32:41+08:00 ] 127.0.0.1 /index.php/Home/User/%E4%B8%AA%E4%BA%BA%E4%B8%AD%E5%BF%83%EF%BC%88%E4%BA%91%E7%AE%80%E5%8E%86%EF%BC%89-%20%E5%8D%83%E5%9B%BE%E7%BD%91_files/user-default.png
INFO: [ app_init ] --START--
INFO: Run Behavior\BuildLiteBehavior [ RunTime:0.000000s ]
INFO: [ app_init ] --END-- [ RunTime:0.001000s ]

[ 2018-01-09T16:32:41+08:00 ] 127.0.0.1 /index.php/Home/User/%E4%B8%AA%E4%BA%BA%E4%B8%AD%E5%BF%83%20-%20%E5%8D%83%E5%9B%BE%E7%BD%91_files/31H58PICbAy.jpg!qtwebp240
INFO: [ app_init ] --START--
INFO: Run Behavior\BuildLiteBehavior [ RunTime:0.000000s ]
INFO: [ app_init ] --END-- [ RunTime:0.000000s ]
ERR: 非法操作:个人中心 - 千图网_files

[ 2018-01-09T16:32:41+08:00 ] 127.0.0.1 /index.php/Home/User/%E4%B8%AA%E4%BA%BA%E4%B8%AD%E5%BF%83%EF%BC%88%E4%BA%91%E7%AE%80%E5%8E%86%EF%BC%89-%20%E5%8D%83%E5%9B%BE%E7%BD%91_files/user-default(1).png
INFO: [ app_init ] --START--
INFO: Run Behavior\BuildLiteBehavior [ RunTime:0.000000s ]
INFO: [ app_init ] --END-- [ RunTime:0.000000s ]

[ 2018-01-09T16:32:41+08:00 ] 127.0.0.1 /index.php/Home/User/%E4%B8%AA%E4%BA%BA%E4%B8%AD%E5%BF%83%EF%BC%88%E4%BA%91%E7%AE%80%E5%8E%86%EF%BC%89-%20%E5%8D%83%E5%9B%BE%E7%BD%91_files/wechat-g.png
INFO: [ app_init ] --START--
INFO: Run Behavior\BuildLiteBehavior [ RunTime:0.000000s ]
INFO: [ app_init ] --END-- [ RunTime:0.000000s ]

[ 2018-01-09T16:32:41+08:00 ] 127.0.0.1 /index.php/Home/User/%E4%B8%AA%E4%BA%BA%E4%B8%AD%E5%BF%83%EF%BC%88%E4%BA%91%E7%AE%80%E5%8E%86%EF%BC%89-%20%E5%8D%83%E5%9B%BE%E7%BD%91_files/translate_24dp.png
INFO: [ app_init ] --START--
INFO: Run Behavior\BuildLiteBehavior [ RunTime:0.000000s ]
INFO: [ app_init ] --END-- [ RunTime:0.000000s ]

[ 2018-01-09T16:33:00+08:00 ] 127.0.0.1 /index.php/Home/User/user.html
INFO: [ app_init ] --START--
INFO: Run Behavior\BuildLiteBehavior [ RunTime:0.000000s ]
INFO: [ app_init ] --END-- [ RunTime:0.001000s ]

[ 2018-01-09T16:33:00+08:00 ] 127.0.0.1 /index.php/Home/User/%E4%B8%8A%E4%BC%A0%E4%BD%9C%E5%93%81%20-%20%20%20%20%20%20%20%20%20%20%20%20%20%20%20%20%20%20%20%20%20%20%20%20%20%20%20%20%20%20%20%20%20%20%20%20%20%20%20%20%20%20%20%20%20%20%20%20%20%20%20%20%20%20%20%20%20%20%20%20%20%20%20%E5%8D%83%E5%9B%BE%E7%BD%91_files/WKGhPaT9sbkzv9TCKpqn1ib3k4QlMorEWicwdsaGaDCLXMYUyicMX6bzXEWeYlo0IdaD
INFO: [ app_init ] --START--
INFO: Run Behavior\BuildLiteBehavior [ RunTime:0.000000s ]
INFO: [ app_init ] --END-- [ RunTime:0.001000s ]
ERR: 非法操作:上传作品 -                                                               千图网_files

[ 2018-01-09T16:33:00+08:00 ] 127.0.0.1 /index.php/Home/User/%E4%B8%8A%E4%BC%A0%E4%BD%9C%E5%93%81%20-%20%E5%8D%83%E5%9B%BE%E7%BD%91_files/WKGhPaT9sbkzv9TCKpqn1ib3k4QlMorEWicwdsaGaDCLXMYUyicMX6bzXEWeYlo0IdaD
INFO: [ app_init ] --START--
INFO: Run Behavior\BuildLiteBehavior [ RunTime:0.000000s ]
INFO: [ app_init ] --END-- [ RunTime:0.000000s ]
ERR: 非法操作:上传作品 - 千图网_files

[ 2018-01-09T16:33:01+08:00 ] 127.0.0.1 /index.php/Home/User/usercenter.html
INFO: [ app_init ] --START--
INFO: Run Behavior\BuildLiteBehavior [ RunTime:0.000000s ]
INFO: [ app_init ] --END-- [ RunTime:0.000000s ]

[ 2018-01-09T16:33:01+08:00 ] 127.0.0.1 /index.php/Home/User/%E4%B8%AA%E4%BA%BA%E4%B8%AD%E5%BF%83%20-%20%E5%8D%83%E5%9B%BE%E7%BD%91_files/575782925407f.jpg!qtwebp240
INFO: [ app_init ] --START--
INFO: Run Behavior\BuildLiteBehavior [ RunTime:0.000000s ]
INFO: [ app_init ] --END-- [ RunTime:0.001000s ]
ERR: 非法操作:个人中心 - 千图网_files

[ 2018-01-09T16:33:01+08:00 ] 127.0.0.1 /index.php/Home/User/%E4%B8%AA%E4%BA%BA%E4%B8%AD%E5%BF%83%20-%20%E5%8D%83%E5%9B%BE%E7%BD%91_files/31H58PICbAy.jpg!qtwebp240
INFO: [ app_init ] --START--
INFO: Run Behavior\BuildLiteBehavior [ RunTime:0.000000s ]
INFO: [ app_init ] --END-- [ RunTime:0.000000s ]
ERR: 非法操作:个人中心 - 千图网_files

[ 2018-01-09T16:33:03+08:00 ] 127.0.0.1 /index.php/Home/User/resume.html
INFO: [ app_init ] --START--
INFO: Run Behavior\BuildLiteBehavior [ RunTime:0.000000s ]
INFO: [ app_init ] --END-- [ RunTime:0.000000s ]

[ 2018-01-09T16:33:03+08:00 ] 127.0.0.1 /index.php/Home/User/%E4%B8%AA%E4%BA%BA%E4%B8%AD%E5%BF%83%EF%BC%88%E4%BA%91%E7%AE%80%E5%8E%86%EF%BC%89-%20%E5%8D%83%E5%9B%BE%E7%BD%91_files/user-default.png
INFO: [ app_init ] --START--
INFO: Run Behavior\BuildLiteBehavior [ RunTime:0.000000s ]
INFO: [ app_init ] --END-- [ RunTime:0.000000s ]

[ 2018-01-09T16:33:03+08:00 ] 127.0.0.1 /index.php/Home/User/%E4%B8%AA%E4%BA%BA%E4%B8%AD%E5%BF%83%EF%BC%88%E4%BA%91%E7%AE%80%E5%8E%86%EF%BC%89-%20%E5%8D%83%E5%9B%BE%E7%BD%91_files/wechat-g.png
INFO: [ app_init ] --START--
INFO: Run Behavior\BuildLiteBehavior [ RunTime:0.000000s ]
INFO: [ app_init ] --END-- [ RunTime:0.000000s ]

[ 2018-01-09T16:33:03+08:00 ] 127.0.0.1 /index.php/Home/User/%E4%B8%AA%E4%BA%BA%E4%B8%AD%E5%BF%83%EF%BC%88%E4%BA%91%E7%AE%80%E5%8E%86%EF%BC%89-%20%E5%8D%83%E5%9B%BE%E7%BD%91_files/user-default(1).png
INFO: [ app_init ] --START--
INFO: Run Behavior\BuildLiteBehavior [ RunTime:0.000000s ]
INFO: [ app_init ] --END-- [ RunTime:0.000000s ]

[ 2018-01-09T16:33:03+08:00 ] 127.0.0.1 /index.php/Home/User/%E4%B8%AA%E4%BA%BA%E4%B8%AD%E5%BF%83%EF%BC%88%E4%BA%91%E7%AE%80%E5%8E%86%EF%BC%89-%20%E5%8D%83%E5%9B%BE%E7%BD%91_files/translate_24dp.png
INFO: [ app_init ] --START--
INFO: Run Behavior\BuildLiteBehavior [ RunTime:0.000000s ]
INFO: [ app_init ] --END-- [ RunTime:0.001000s ]

[ 2018-01-09T16:33:23+08:00 ] 127.0.0.1 /index.php/Home/User/user.html
INFO: [ app_init ] --START--
INFO: Run Behavior\BuildLiteBehavior [ RunTime:0.000000s ]
INFO: [ app_init ] --END-- [ RunTime:0.000000s ]

[ 2018-01-09T16:33:23+08:00 ] 127.0.0.1 /index.php/Home/User/user.html
INFO: [ app_init ] --START--
INFO: Run Behavior\BuildLiteBehavior [ RunTime:0.000000s ]
INFO: [ app_init ] --END-- [ RunTime:0.000000s ]

[ 2018-01-09T16:33:23+08:00 ] 127.0.0.1 /index.php/Home/User/%E4%B8%8A%E4%BC%A0%E4%BD%9C%E5%93%81%20-%20%20%20%20%20%20%20%20%20%20%20%20%20%20%20%20%20%20%20%20%20%20%20%20%20%20%20%20%20%20%20%20%20%20%20%20%20%20%20%20%20%20%20%20%20%20%20%20%20%20%20%20%20%20%20%20%20%20%20%20%20%20%20%E5%8D%83%E5%9B%BE%E7%BD%91_files/WKGhPaT9sbkzv9TCKpqn1ib3k4QlMorEWicwdsaGaDCLXMYUyicMX6bzXEWeYlo0IdaD
INFO: [ app_init ] --START--
INFO: Run Behavior\BuildLiteBehavior [ RunTime:0.000000s ]
INFO: [ app_init ] --END-- [ RunTime:0.000000s ]
ERR: 非法操作:上传作品 -                                                               千图网_files

[ 2018-01-09T16:33:24+08:00 ] 127.0.0.1 /index.php/Home/User/%E4%B8%8A%E4%BC%A0%E4%BD%9C%E5%93%81%20-%20%E5%8D%83%E5%9B%BE%E7%BD%91_files/WKGhPaT9sbkzv9TCKpqn1ib3k4QlMorEWicwdsaGaDCLXMYUyicMX6bzXEWeYlo0IdaD
INFO: [ app_init ] --START--
INFO: Run Behavior\BuildLiteBehavior [ RunTime:0.000000s ]
INFO: [ app_init ] --END-- [ RunTime:0.000000s ]
ERR: 非法操作:上传作品 - 千图网_files

[ 2018-01-09T16:33:25+08:00 ] 127.0.0.1 /index.php/Home/User/usercenter.html
INFO: [ app_init ] --START--
INFO: Run Behavior\BuildLiteBehavior [ RunTime:0.000000s ]
INFO: [ app_init ] --END-- [ RunTime:0.001000s ]

[ 2018-01-09T16:33:25+08:00 ] 127.0.0.1 /index.php/Home/User/%E4%B8%AA%E4%BA%BA%E4%B8%AD%E5%BF%83%20-%20%E5%8D%83%E5%9B%BE%E7%BD%91_files/31H58PICbAy.jpg!qtwebp240
INFO: [ app_init ] --START--
INFO: Run Behavior\BuildLiteBehavior [ RunTime:0.000000s ]
INFO: [ app_init ] --END-- [ RunTime:0.000000s ]
ERR: 非法操作:个人中心 - 千图网_files

[ 2018-01-09T16:33:25+08:00 ] 127.0.0.1 /index.php/Home/User/%E4%B8%AA%E4%BA%BA%E4%B8%AD%E5%BF%83%20-%20%E5%8D%83%E5%9B%BE%E7%BD%91_files/575782925407f.jpg!qtwebp240
INFO: [ app_init ] --START--
INFO: Run Behavior\BuildLiteBehavior [ RunTime:0.000000s ]
INFO: [ app_init ] --END-- [ RunTime:0.001000s ]
ERR: 非法操作:个人中心 - 千图网_files

[ 2018-01-09T16:33:34+08:00 ] 127.0.0.1 /index.php/Home/User/resume.html
INFO: [ app_init ] --START--
INFO: Run Behavior\BuildLiteBehavior [ RunTime:0.000000s ]
INFO: [ app_init ] --END-- [ RunTime:0.001000s ]

[ 2018-01-09T16:33:34+08:00 ] 127.0.0.1 /index.php/Home/User/%E4%B8%AA%E4%BA%BA%E4%B8%AD%E5%BF%83%EF%BC%88%E4%BA%91%E7%AE%80%E5%8E%86%EF%BC%89-%20%E5%8D%83%E5%9B%BE%E7%BD%91_files/user-default.png
INFO: [ app_init ] --START--
INFO: Run Behavior\BuildLiteBehavior [ RunTime:0.000000s ]
INFO: [ app_init ] --END-- [ RunTime:0.000000s ]

[ 2018-01-09T16:33:34+08:00 ] 127.0.0.1 /index.php/Home/User/%E4%B8%AA%E4%BA%BA%E4%B8%AD%E5%BF%83%EF%BC%88%E4%BA%91%E7%AE%80%E5%8E%86%EF%BC%89-%20%E5%8D%83%E5%9B%BE%E7%BD%91_files/user-default(1).png
INFO: [ app_init ] --START--
INFO: Run Behavior\BuildLiteBehavior [ RunTime:0.000000s ]
INFO: [ app_init ] --END-- [ RunTime:0.000000s ]

[ 2018-01-09T16:33:34+08:00 ] 127.0.0.1 /index.php/Home/User/%E4%B8%AA%E4%BA%BA%E4%B8%AD%E5%BF%83%EF%BC%88%E4%BA%91%E7%AE%80%E5%8E%86%EF%BC%89-%20%E5%8D%83%E5%9B%BE%E7%BD%91_files/wechat-g.png
INFO: [ app_init ] --START--
INFO: Run Behavior\BuildLiteBehavior [ RunTime:0.000000s ]
INFO: [ app_init ] --END-- [ RunTime:0.000000s ]

[ 2018-01-09T16:33:34+08:00 ] 127.0.0.1 /index.php/Home/User/%E4%B8%AA%E4%BA%BA%E4%B8%AD%E5%BF%83%EF%BC%88%E4%BA%91%E7%AE%80%E5%8E%86%EF%BC%89-%20%E5%8D%83%E5%9B%BE%E7%BD%91_files/translate_24dp.png
INFO: [ app_init ] --START--
INFO: Run Behavior\BuildLiteBehavior [ RunTime:0.000000s ]
INFO: [ app_init ] --END-- [ RunTime:0.000000s ]

[ 2018-01-09T16:37:41+08:00 ] 127.0.0.1 /index.php/Home/User/resume.html
INFO: [ app_init ] --START--
INFO: Run Behavior\BuildLiteBehavior [ RunTime:0.000000s ]
INFO: [ app_init ] --END-- [ RunTime:0.000000s ]

[ 2018-01-09T16:37:41+08:00 ] 127.0.0.1 /index.php/Home/User/%E4%B8%AA%E4%BA%BA%E4%B8%AD%E5%BF%83%EF%BC%88%E4%BA%91%E7%AE%80%E5%8E%86%EF%BC%89-%20%E5%8D%83%E5%9B%BE%E7%BD%91_files/translate_24dp.png
INFO: [ app_init ] --START--
INFO: Run Behavior\BuildLiteBehavior [ RunTime:0.000000s ]
INFO: [ app_init ] --END-- [ RunTime:0.000000s ]

[ 2018-01-09T16:37:41+08:00 ] 127.0.0.1 /index.php/Home/User/%E4%B8%AA%E4%BA%BA%E4%B8%AD%E5%BF%83%EF%BC%88%E4%BA%91%E7%AE%80%E5%8E%86%EF%BC%89-%20%E5%8D%83%E5%9B%BE%E7%BD%91_files/user-default(1).png
INFO: [ app_init ] --START--
INFO: Run Behavior\BuildLiteBehavior [ RunTime:0.000000s ]
INFO: [ app_init ] --END-- [ RunTime:0.000000s ]

[ 2018-01-09T16:37:42+08:00 ] 127.0.0.1 /index.php/Home/User/%E4%B8%AA%E4%BA%BA%E4%B8%AD%E5%BF%83%EF%BC%88%E4%BA%91%E7%AE%80%E5%8E%86%EF%BC%89-%20%E5%8D%83%E5%9B%BE%E7%BD%91_files/wechat-g.png
INFO: [ app_init ] --START--
INFO: Run Behavior\BuildLiteBehavior [ RunTime:0.000000s ]
INFO: [ app_init ] --END-- [ RunTime:0.001000s ]

[ 2018-01-09T16:37:56+08:00 ] 127.0.0.1 /index.php/Home/User/%E4%B8%AA%E4%BA%BA%E4%B8%AD%E5%BF%83%20-%20%E5%8D%83%E5%9B%BE%E7%BD%91_files/31H58PICbAy.jpg!qtwebp240
INFO: [ app_init ] --START--
INFO: Run Behavior\BuildLiteBehavior [ RunTime:0.000000s ]
INFO: [ app_init ] --END-- [ RunTime:0.001000s ]
ERR: 非法操作:个人中心 - 千图网_files

[ 2018-01-09T16:37:56+08:00 ] 127.0.0.1 /index.php/Home/User/%E4%B8%AA%E4%BA%BA%E4%B8%AD%E5%BF%83%20-%20%E5%8D%83%E5%9B%BE%E7%BD%91_files/575782925407f.jpg!qtwebp240
INFO: [ app_init ] --START--
INFO: Run Behavior\BuildLiteBehavior [ RunTime:0.000000s ]
INFO: [ app_init ] --END-- [ RunTime:0.001000s ]
ERR: 非法操作:个人中心 - 千图网_files

[ 2018-01-09T16:37:58+08:00 ] 127.0.0.1 /index.php/Home/User/%E4%B8%8A%E4%BC%A0%E4%BD%9C%E5%93%81%20-%20%20%20%20%20%20%20%20%20%20%20%20%20%20%20%20%20%20%20%20%20%20%20%20%20%20%20%20%20%20%20%20%20%20%20%20%20%20%20%20%20%20%20%20%20%20%20%20%20%20%20%20%20%20%20%20%20%20%20%20%20%20%20%E5%8D%83%E5%9B%BE%E7%BD%91_files/WKGhPaT9sbkzv9TCKpqn1ib3k4QlMorEWicwdsaGaDCLXMYUyicMX6bzXEWeYlo0IdaD
INFO: [ app_init ] --START--
INFO: Run Behavior\BuildLiteBehavior [ RunTime:0.000000s ]
INFO: [ app_init ] --END-- [ RunTime:0.000000s ]
ERR: 非法操作:上传作品 -                                                               千图网_files

[ 2018-01-09T16:37:58+08:00 ] 127.0.0.1 /index.php/Home/User/%E4%B8%8A%E4%BC%A0%E4%BD%9C%E5%93%81%20-%20%E5%8D%83%E5%9B%BE%E7%BD%91_files/WKGhPaT9sbkzv9TCKpqn1ib3k4QlMorEWicwdsaGaDCLXMYUyicMX6bzXEWeYlo0IdaD
INFO: [ app_init ] --START--
INFO: Run Behavior\BuildLiteBehavior [ RunTime:0.000000s ]
INFO: [ app_init ] --END-- [ RunTime:0.000000s ]
ERR: 非法操作:上传作品 - 千图网_files

[ 2018-01-09T16:37:59+08:00 ] 127.0.0.1 /index.php/Home/User/usercenter.html
INFO: [ app_init ] --START--
INFO: Run Behavior\BuildLiteBehavior [ RunTime:0.000000s ]
INFO: [ app_init ] --END-- [ RunTime:0.000000s ]

[ 2018-01-09T16:37:59+08:00 ] 127.0.0.1 /index.php/Home/User/%E4%B8%AA%E4%BA%BA%E4%B8%AD%E5%BF%83%20-%20%E5%8D%83%E5%9B%BE%E7%BD%91_files/575782925407f.jpg!qtwebp240
INFO: [ app_init ] --START--
INFO: Run Behavior\BuildLiteBehavior [ RunTime:0.000000s ]
INFO: [ app_init ] --END-- [ RunTime:0.001000s ]
ERR: 非法操作:个人中心 - 千图网_files

[ 2018-01-09T16:37:59+08:00 ] 127.0.0.1 /index.php/Home/User/%E4%B8%AA%E4%BA%BA%E4%B8%AD%E5%BF%83%20-%20%E5%8D%83%E5%9B%BE%E7%BD%91_files/31H58PICbAy.jpg!qtwebp240
INFO: [ app_init ] --START--
INFO: Run Behavior\BuildLiteBehavior [ RunTime:0.000000s ]
INFO: [ app_init ] --END-- [ RunTime:0.001000s ]
ERR: 非法操作:个人中心 - 千图网_files

[ 2018-01-09T16:38:03+08:00 ] 127.0.0.1 /index.php/Home/User/resume.html
INFO: [ app_init ] --START--
INFO: Run Behavior\BuildLiteBehavior [ RunTime:0.000000s ]
INFO: [ app_init ] --END-- [ RunTime:0.001000s ]

[ 2018-01-09T16:38:03+08:00 ] 127.0.0.1 /index.php/Home/User/%E4%B8%AA%E4%BA%BA%E4%B8%AD%E5%BF%83%EF%BC%88%E4%BA%91%E7%AE%80%E5%8E%86%EF%BC%89-%20%E5%8D%83%E5%9B%BE%E7%BD%91_files/wechat-g.png
INFO: [ app_init ] --START--
INFO: Run Behavior\BuildLiteBehavior [ RunTime:0.000000s ]
INFO: [ app_init ] --END-- [ RunTime:0.000000s ]

[ 2018-01-09T16:38:03+08:00 ] 127.0.0.1 /index.php/Home/User/%E4%B8%AA%E4%BA%BA%E4%B8%AD%E5%BF%83%EF%BC%88%E4%BA%91%E7%AE%80%E5%8E%86%EF%BC%89-%20%E5%8D%83%E5%9B%BE%E7%BD%91_files/user-default(1).png
INFO: [ app_init ] --START--
INFO: Run Behavior\BuildLiteBehavior [ RunTime:0.000000s ]
INFO: [ app_init ] --END-- [ RunTime:0.000000s ]

[ 2018-01-09T16:38:03+08:00 ] 127.0.0.1 /index.php/Home/User/%E4%B8%AA%E4%BA%BA%E4%B8%AD%E5%BF%83%EF%BC%88%E4%BA%91%E7%AE%80%E5%8E%86%EF%BC%89-%20%E5%8D%83%E5%9B%BE%E7%BD%91_files/translate_24dp.png
INFO: [ app_init ] --START--
INFO: Run Behavior\BuildLiteBehavior [ RunTime:0.000000s ]
INFO: [ app_init ] --END-- [ RunTime:0.001000s ]

[ 2018-01-09T16:40:09+08:00 ] 127.0.0.1 /index.php/Home/User/%E4%B8%AA%E4%BA%BA%E4%B8%AD%E5%BF%83%20-%20%E5%8D%83%E5%9B%BE%E7%BD%91_files/31H58PICbAy.jpg!qtwebp240
INFO: [ app_init ] --START--
INFO: Run Behavior\BuildLiteBehavior [ RunTime:0.000000s ]
INFO: [ app_init ] --END-- [ RunTime:0.000000s ]
ERR: 非法操作:个人中心 - 千图网_files

[ 2018-01-09T16:40:09+08:00 ] 127.0.0.1 /index.php/Home/User/%E4%B8%AA%E4%BA%BA%E4%B8%AD%E5%BF%83%20-%20%E5%8D%83%E5%9B%BE%E7%BD%91_files/575782925407f.jpg!qtwebp240
INFO: [ app_init ] --START--
INFO: Run Behavior\BuildLiteBehavior [ RunTime:0.000000s ]
INFO: [ app_init ] --END-- [ RunTime:0.000000s ]
ERR: 非法操作:个人中心 - 千图网_files

[ 2018-01-09T16:59:58+08:00 ] 127.0.0.1 /index.php/Home/User/user.html
INFO: [ app_init ] --START--
INFO: Run Behavior\BuildLiteBehavior [ RunTime:0.000000s ]
INFO: [ app_init ] --END-- [ RunTime:0.001000s ]

[ 2018-01-09T16:59:59+08:00 ] 127.0.0.1 /index.php/Home/User/user.html
INFO: [ app_init ] --START--
INFO: Run Behavior\BuildLiteBehavior [ RunTime:0.000000s ]
INFO: [ app_init ] --END-- [ RunTime:0.000000s ]

[ 2018-01-09T17:00:00+08:00 ] 127.0.0.1 /index.php/Home/User/%E4%B8%8A%E4%BC%A0%E4%BD%9C%E5%93%81%20-%20%E5%8D%83%E5%9B%BE%E7%BD%91_files/WKGhPaT9sbkzv9TCKpqn1ib3k4QlMorEWicwdsaGaDCLXMYUyicMX6bzXEWeYlo0IdaD
INFO: [ app_init ] --START--
INFO: Run Behavior\BuildLiteBehavior [ RunTime:0.000000s ]
INFO: [ app_init ] --END-- [ RunTime:0.001000s ]
ERR: 非法操作:上传作品 - 千图网_files

[ 2018-01-09T17:00:00+08:00 ] 127.0.0.1 /index.php/Home/User/%E4%B8%8A%E4%BC%A0%E4%BD%9C%E5%93%81%20-%20%20%20%20%20%20%20%20%20%20%20%20%20%20%20%20%20%20%20%20%20%20%20%20%20%20%20%20%20%20%20%20%20%20%20%20%20%20%20%20%20%20%20%20%20%20%20%20%20%20%20%20%20%20%20%20%20%20%20%20%20%20%20%E5%8D%83%E5%9B%BE%E7%BD%91_files/WKGhPaT9sbkzv9TCKpqn1ib3k4QlMorEWicwdsaGaDCLXMYUyicMX6bzXEWeYlo0IdaD
INFO: [ app_init ] --START--
INFO: Run Behavior\BuildLiteBehavior [ RunTime:0.000000s ]
INFO: [ app_init ] --END-- [ RunTime:0.001000s ]
ERR: 非法操作:上传作品 -                                                               千图网_files

[ 2018-01-09T17:29:37+08:00 ] 127.0.0.1 /index.php/Home/User/user.html
INFO: [ app_init ] --START--
INFO: Run Behavior\BuildLiteBehavior [ RunTime:0.000000s ]
INFO: [ app_init ] --END-- [ RunTime:0.000000s ]

[ 2018-01-09T17:29:37+08:00 ] 127.0.0.1 /index.php/Home/User/%E4%B8%8A%E4%BC%A0%E4%BD%9C%E5%93%81%20-%20%20%20%20%20%20%20%20%20%20%20%20%20%20%20%20%20%20%20%20%20%20%20%20%20%20%20%20%20%20%20%20%20%20%20%20%20%20%20%20%20%20%20%20%20%20%20%20%20%20%20%20%20%20%20%20%20%20%20%20%20%20%20%E5%8D%83%E5%9B%BE%E7%BD%91_files/WKGhPaT9sbkzv9TCKpqn1ib3k4QlMorEWicwdsaGaDCLXMYUyicMX6bzXEWeYlo0IdaD
INFO: [ app_init ] --START--
INFO: Run Behavior\BuildLiteBehavior [ RunTime:0.000000s ]
INFO: [ app_init ] --END-- [ RunTime:0.001000s ]
ERR: 非法操作:上传作品 -                                                               千图网_files

[ 2018-01-09T17:29:38+08:00 ] 127.0.0.1 /index.php/Home/User/%E4%B8%8A%E4%BC%A0%E4%BD%9C%E5%93%81%20-%20%E5%8D%83%E5%9B%BE%E7%BD%91_files/WKGhPaT9sbkzv9TCKpqn1ib3k4QlMorEWicwdsaGaDCLXMYUyicMX6bzXEWeYlo0IdaD
INFO: [ app_init ] --START--
INFO: Run Behavior\BuildLiteBehavior [ RunTime:0.000000s ]
INFO: [ app_init ] --END-- [ RunTime:0.000000s ]
ERR: 非法操作:上传作品 - 千图网_files

[ 2018-01-09T17:30:40+08:00 ] 127.0.0.1 /index.php/Home/User/head
INFO: [ app_init ] --START--
INFO: Run Behavior\BuildLiteBehavior [ RunTime:0.000000s ]
INFO: [ app_init ] --END-- [ RunTime:0.001000s ]

[ 2018-01-09T17:30:40+08:00 ] 127.0.0.1 /index.php/Home/User/%EF%BF%BD%EF%BF%BD%EF%BF%BD%EF%BF%BD%EF%BF%BD%EF%BF%BD%EF%BF%BD%EF%BF%BD%20-%20%C7%A7%CD%BC%EF%BF%BD%EF%BF%BD_files/user-default.png
INFO: [ app_init ] --START--
INFO: Run Behavior\BuildLiteBehavior [ RunTime:0.000000s ]
INFO: [ app_init ] --END-- [ RunTime:0.001000s ]

[ 2018-01-09T17:30:40+08:00 ] 127.0.0.1 /index.php/Home/User/%EF%BF%BD%EF%BF%BD%EF%BF%BD%EF%BF%BD%EF%BF%BD%EF%BF%BD%EF%BF%BD%EF%BF%BD%20-%20%C7%A7%CD%BC%EF%BF%BD%EF%BF%BD_files/wechat-g.png
INFO: [ app_init ] --START--
INFO: Run Behavior\BuildLiteBehavior [ RunTime:0.000000s ]
INFO: [ app_init ] --END-- [ RunTime:0.000000s ]

[ 2018-01-09T17:30:56+08:00 ] 127.0.0.1 /index.php/Home/User/head
INFO: [ app_init ] --START--
INFO: Run Behavior\BuildLiteBehavior [ RunTime:0.000000s ]
INFO: [ app_init ] --END-- [ RunTime:0.001000s ]

[ 2018-01-09T17:30:56+08:00 ] 127.0.0.1 /index.php/Home/User/%E4%B8%AA%E4%BA%BA%E4%B8%AD%E5%BF%83%20-%20%E5%8D%83%E5%9B%BE%E7%BD%91_files/user-default.png
INFO: [ app_init ] --START--
INFO: Run Behavior\BuildLiteBehavior [ RunTime:0.000000s ]
INFO: [ app_init ] --END-- [ RunTime:0.000000s ]

[ 2018-01-09T17:30:56+08:00 ] 127.0.0.1 /index.php/Home/User/%E4%B8%AA%E4%BA%BA%E4%B8%AD%E5%BF%83%20-%20%E5%8D%83%E5%9B%BE%E7%BD%91_files/wechat-g.png
INFO: [ app_init ] --START--
INFO: Run Behavior\BuildLiteBehavior [ RunTime:0.000000s ]
INFO: [ app_init ] --END-- [ RunTime:0.001000s ]

[ 2018-01-09T17:53:11+08:00 ] 127.0.0.1 /index.php/Home/User/head
INFO: [ app_init ] --START--
INFO: Run Behavior\BuildLiteBehavior [ RunTime:0.000000s ]
INFO: [ app_init ] --END-- [ RunTime:0.000000s ]

[ 2018-01-09T17:53:11+08:00 ] 127.0.0.1 /index.php/Home/User/%E4%B8%AA%E4%BA%BA%E4%B8%AD%E5%BF%83%20-%20%E5%8D%83%E5%9B%BE%E7%BD%91_files/user-default.png
INFO: [ app_init ] --START--
INFO: Run Behavior\BuildLiteBehavior [ RunTime:0.000000s ]
INFO: [ app_init ] --END-- [ RunTime:0.000000s ]

[ 2018-01-09T17:53:12+08:00 ] 127.0.0.1 /index.php/Home/User/%E4%B8%AA%E4%BA%BA%E4%B8%AD%E5%BF%83%20-%20%E5%8D%83%E5%9B%BE%E7%BD%91_files/wechat-g.png
INFO: [ app_init ] --START--
INFO: Run Behavior\BuildLiteBehavior [ RunTime:0.000000s ]
INFO: [ app_init ] --END-- [ RunTime:0.000000s ]

[ 2018-01-09T18:58:20+08:00 ] 127.0.0.1 /index.php/Home/User/head
INFO: [ app_init ] --START--
INFO: Run Behavior\BuildLiteBehavior [ RunTime:0.000000s ]
INFO: [ app_init ] --END-- [ RunTime:0.000000s ]

[ 2018-01-09T18:58:20+08:00 ] 127.0.0.1 /index.php/Home/User/%E4%B8%AA%E4%BA%BA%E4%B8%AD%E5%BF%83%20-%20%E5%8D%83%E5%9B%BE%E7%BD%91_files/user-default.png
INFO: [ app_init ] --START--
INFO: Run Behavior\BuildLiteBehavior [ RunTime:0.000000s ]
INFO: [ app_init ] --END-- [ RunTime:0.000000s ]

[ 2018-01-09T18:58:21+08:00 ] 127.0.0.1 /index.php/Home/User/%E4%B8%AA%E4%BA%BA%E4%B8%AD%E5%BF%83%20-%20%E5%8D%83%E5%9B%BE%E7%BD%91_files/wechat-g.png
INFO: [ app_init ] --START--
INFO: Run Behavior\BuildLiteBehavior [ RunTime:0.000000s ]
INFO: [ app_init ] --END-- [ RunTime:0.000000s ]

[ 2018-01-09T19:07:36+08:00 ] 127.0.0.1 /index.php/Home/User/head
INFO: [ app_init ] --START--
INFO: Run Behavior\BuildLiteBehavior [ RunTime:0.000000s ]
INFO: [ app_init ] --END-- [ RunTime:0.001000s ]

[ 2018-01-09T19:07:36+08:00 ] 127.0.0.1 /index.php/Home/User/%E4%B8%AA%E4%BA%BA%E4%B8%AD%E5%BF%83%20-%20%E5%8D%83%E5%9B%BE%E7%BD%91_files/user-default.png
INFO: [ app_init ] --START--
INFO: Run Behavior\BuildLiteBehavior [ RunTime:0.000000s ]
INFO: [ app_init ] --END-- [ RunTime:0.000000s ]

[ 2018-01-09T19:07:37+08:00 ] 127.0.0.1 /index.php/Home/User/%E4%B8%AA%E4%BA%BA%E4%B8%AD%E5%BF%83%20-%20%E5%8D%83%E5%9B%BE%E7%BD%91_files/wechat-g.png
INFO: [ app_init ] --START--
INFO: Run Behavior\BuildLiteBehavior [ RunTime:0.000000s ]
INFO: [ app_init ] --END-- [ RunTime:0.000000s ]

[ 2018-01-09T19:08:44+08:00 ] 127.0.0.1 /index.php/Home/User/head
INFO: [ app_init ] --START--
INFO: Run Behavior\BuildLiteBehavior [ RunTime:0.000000s ]
INFO: [ app_init ] --END-- [ RunTime:0.000000s ]

[ 2018-01-09T19:08:44+08:00 ] 127.0.0.1 /index.php/Home/User/%E4%B8%AA%E4%BA%BA%E4%B8%AD%E5%BF%83%20-%20%E5%8D%83%E5%9B%BE%E7%BD%91_files/user-default.png
INFO: [ app_init ] --START--
INFO: Run Behavior\BuildLiteBehavior [ RunTime:0.000000s ]
INFO: [ app_init ] --END-- [ RunTime:0.000000s ]

[ 2018-01-09T19:08:45+08:00 ] 127.0.0.1 /index.php/Home/User/%E4%B8%AA%E4%BA%BA%E4%B8%AD%E5%BF%83%20-%20%E5%8D%83%E5%9B%BE%E7%BD%91_files/wechat-g.png
INFO: [ app_init ] --START--
INFO: Run Behavior\BuildLiteBehavior [ RunTime:0.000000s ]
INFO: [ app_init ] --END-- [ RunTime:0.000000s ]

[ 2018-01-09T19:30:23+08:00 ] 127.0.0.1 /index.php/Home/User/user.html
INFO: [ app_init ] --START--
INFO: Run Behavior\BuildLiteBehavior [ RunTime:0.000000s ]
INFO: [ app_init ] --END-- [ RunTime:0.000000s ]

[ 2018-01-09T19:30:24+08:00 ] 127.0.0.1 /index.php/Home/User/%E4%B8%8A%E4%BC%A0%E4%BD%9C%E5%93%81%20-%20%20%20%20%20%20%20%20%20%20%20%20%20%20%20%20%20%20%20%20%20%20%20%20%20%20%20%20%20%20%20%20%20%20%20%20%20%20%20%20%20%20%20%20%20%20%20%20%20%20%20%20%20%20%20%20%20%20%20%20%20%20%20%E5%8D%83%E5%9B%BE%E7%BD%91_files/WKGhPaT9sbkzv9TCKpqn1ib3k4QlMorEWicwdsaGaDCLXMYUyicMX6bzXEWeYlo0IdaD
INFO: [ app_init ] --START--
INFO: Run Behavior\BuildLiteBehavior [ RunTime:0.000000s ]
INFO: [ app_init ] --END-- [ RunTime:0.000000s ]
ERR: 非法操作:上传作品 -                                                               千图网_files

[ 2018-01-09T19:30:24+08:00 ] 127.0.0.1 /index.php/Home/User/%E4%B8%8A%E4%BC%A0%E4%BD%9C%E5%93%81%20-%20%E5%8D%83%E5%9B%BE%E7%BD%91_files/WKGhPaT9sbkzv9TCKpqn1ib3k4QlMorEWicwdsaGaDCLXMYUyicMX6bzXEWeYlo0IdaD
INFO: [ app_init ] --START--
INFO: Run Behavior\BuildLiteBehavior [ RunTime:0.000000s ]
INFO: [ app_init ] --END-- [ RunTime:0.000000s ]
ERR: 非法操作:上传作品 - 千图网_files

[ 2018-01-09T19:30:25+08:00 ] 127.0.0.1 /index.php/Home/User/usercenter.html
INFO: [ app_init ] --START--
INFO: Run Behavior\BuildLiteBehavior [ RunTime:0.000000s ]
INFO: [ app_init ] --END-- [ RunTime:0.001000s ]

[ 2018-01-09T19:30:25+08:00 ] 127.0.0.1 /index.php/Home/User/%E4%B8%AA%E4%BA%BA%E4%B8%AD%E5%BF%83%20-%20%E5%8D%83%E5%9B%BE%E7%BD%91_files/31H58PICbAy.jpg!qtwebp240
INFO: [ app_init ] --START--
INFO: Run Behavior\BuildLiteBehavior [ RunTime:0.000000s ]
INFO: [ app_init ] --END-- [ RunTime:0.000000s ]
ERR: 非法操作:个人中心 - 千图网_files

[ 2018-01-09T19:30:25+08:00 ] 127.0.0.1 /index.php/Home/User/%E4%B8%AA%E4%BA%BA%E4%B8%AD%E5%BF%83%20-%20%E5%8D%83%E5%9B%BE%E7%BD%91_files/575782925407f.jpg!qtwebp240
INFO: [ app_init ] --START--
INFO: Run Behavior\BuildLiteBehavior [ RunTime:0.000000s ]
INFO: [ app_init ] --END-- [ RunTime:0.000000s ]
ERR: 非法操作:个人中心 - 千图网_files

[ 2018-01-09T19:30:25+08:00 ] 127.0.0.1 /index.php/Home/User/%E4%B8%AA%E4%BA%BA%E4%B8%AD%E5%BF%83%20-%20%E5%8D%83%E5%9B%BE%E7%BD%91_files/31H58PICbAy.jpg!qtwebp240
INFO: [ app_init ] --START--
INFO: Run Behavior\BuildLiteBehavior [ RunTime:0.000000s ]
INFO: [ app_init ] --END-- [ RunTime:0.000000s ]
ERR: 非法操作:个人中心 - 千图网_files

[ 2018-01-09T19:30:25+08:00 ] 127.0.0.1 /index.php/Home/User/%E4%B8%AA%E4%BA%BA%E4%B8%AD%E5%BF%83%20-%20%E5%8D%83%E5%9B%BE%E7%BD%91_files/575782925407f.jpg!qtwebp240
INFO: [ app_init ] --START--
INFO: Run Behavior\BuildLiteBehavior [ RunTime:0.000000s ]
INFO: [ app_init ] --END-- [ RunTime:0.000000s ]
ERR: 非法操作:个人中心 - 千图网_files

[ 2018-01-09T19:33:37+08:00 ] 127.0.0.1 /index.php/Home/User/usercenter.html
INFO: [ app_init ] --START--
INFO: Run Behavior\BuildLiteBehavior [ RunTime:0.000000s ]
INFO: [ app_init ] --END-- [ RunTime:0.000000s ]

[ 2018-01-09T19:33:37+08:00 ] 127.0.0.1 /index.php/Home/User/%E4%B8%AA%E4%BA%BA%E4%B8%AD%E5%BF%83%20-%20%E5%8D%83%E5%9B%BE%E7%BD%91_files/user-default.png
INFO: [ app_init ] --START--
INFO: Run Behavior\BuildLiteBehavior [ RunTime:0.000000s ]
INFO: [ app_init ] --END-- [ RunTime:0.000000s ]

[ 2018-01-09T19:33:37+08:00 ] 127.0.0.1 /index.php/Home/User/%E4%B8%AA%E4%BA%BA%E4%B8%AD%E5%BF%83%20-%20%E5%8D%83%E5%9B%BE%E7%BD%91_files/wechat-g.png
INFO: [ app_init ] --START--
INFO: Run Behavior\BuildLiteBehavior [ RunTime:0.000000s ]
INFO: [ app_init ] --END-- [ RunTime:0.001000s ]

[ 2018-01-09T19:38:05+08:00 ] 127.0.0.1 /index.php/Home/User/usercenter.html
INFO: [ app_init ] --START--
INFO: Run Behavior\BuildLiteBehavior [ RunTime:0.000000s ]
INFO: [ app_init ] --END-- [ RunTime:0.001000s ]

[ 2018-01-09T19:38:05+08:00 ] 127.0.0.1 /index.php/Home/User/%E4%B8%AA%E4%BA%BA%E4%B8%AD%E5%BF%83%20-%20%E5%8D%83%E5%9B%BE%E7%BD%91_files/wechat-g.png
INFO: [ app_init ] --START--
INFO: Run Behavior\BuildLiteBehavior [ RunTime:0.000000s ]
INFO: [ app_init ] --END-- [ RunTime:0.000000s ]

[ 2018-01-09T19:38:06+08:00 ] 127.0.0.1 /index.php/Home/User/%E4%B8%AA%E4%BA%BA%E4%B8%AD%E5%BF%83%20-%20%E5%8D%83%E5%9B%BE%E7%BD%91_files/user-default.png
INFO: [ app_init ] --START--
INFO: Run Behavior\BuildLiteBehavior [ RunTime:0.000000s ]
INFO: [ app_init ] --END-- [ RunTime:0.000000s ]

[ 2018-01-09T19:39:46+08:00 ] 127.0.0.1 /index.php/Home/User/usercenter.html
INFO: [ app_init ] --START--
INFO: Run Behavior\BuildLiteBehavior [ RunTime:0.000000s ]
INFO: [ app_init ] --END-- [ RunTime:0.001000s ]

[ 2018-01-09T19:39:46+08:00 ] 127.0.0.1 /index.php/Home/User/%E4%B8%AA%E4%BA%BA%E4%B8%AD%E5%BF%83%20-%20%E5%8D%83%E5%9B%BE%E7%BD%91_files/user-default.png
INFO: [ app_init ] --START--
INFO: Run Behavior\BuildLiteBehavior [ RunTime:0.000000s ]
INFO: [ app_init ] --END-- [ RunTime:0.000000s ]

[ 2018-01-09T19:39:47+08:00 ] 127.0.0.1 /index.php/Home/User/%E4%B8%AA%E4%BA%BA%E4%B8%AD%E5%BF%83%20-%20%E5%8D%83%E5%9B%BE%E7%BD%91_files/wechat-g.png
INFO: [ app_init ] --START--
INFO: Run Behavior\BuildLiteBehavior [ RunTime:0.000000s ]
INFO: [ app_init ] --END-- [ RunTime:0.000000s ]

[ 2018-01-09T19:39:56+08:00 ] 127.0.0.1 /index.php/Home/User/user.html
INFO: [ app_init ] --START--
INFO: Run Behavior\BuildLiteBehavior [ RunTime:0.000000s ]
INFO: [ app_init ] --END-- [ RunTime:0.000000s ]

[ 2018-01-09T19:39:57+08:00 ] 127.0.0.1 /index.php/Home/User/%E4%B8%8A%E4%BC%A0%E4%BD%9C%E5%93%81%20-%20%E5%8D%83%E5%9B%BE%E7%BD%91_files/WKGhPaT9sbkzv9TCKpqn1ib3k4QlMorEWicwdsaGaDCLXMYUyicMX6bzXEWeYlo0IdaD
INFO: [ app_init ] --START--
INFO: Run Behavior\BuildLiteBehavior [ RunTime:0.000000s ]
INFO: [ app_init ] --END-- [ RunTime:0.001000s ]
ERR: 非法操作:上传作品 - 千图网_files

[ 2018-01-09T19:39:57+08:00 ] 127.0.0.1 /index.php/Home/User/%E4%B8%8A%E4%BC%A0%E4%BD%9C%E5%93%81%20-%20%20%20%20%20%20%20%20%20%20%20%20%20%20%20%20%20%20%20%20%20%20%20%20%20%20%20%20%20%20%20%20%20%20%20%20%20%20%20%20%20%20%20%20%20%20%20%20%20%20%20%20%20%20%20%20%20%20%20%20%20%20%20%E5%8D%83%E5%9B%BE%E7%BD%91_files/WKGhPaT9sbkzv9TCKpqn1ib3k4QlMorEWicwdsaGaDCLXMYUyicMX6bzXEWeYlo0IdaD
INFO: [ app_init ] --START--
INFO: Run Behavior\BuildLiteBehavior [ RunTime:0.000000s ]
INFO: [ app_init ] --END-- [ RunTime:0.000000s ]
ERR: 非法操作:上传作品 -                                                               千图网_files

[ 2018-01-09T19:40:03+08:00 ] 127.0.0.1 /index.php/Home/User/usercenter.html
INFO: [ app_init ] --START--
INFO: Run Behavior\BuildLiteBehavior [ RunTime:0.000000s ]
INFO: [ app_init ] --END-- [ RunTime:0.001000s ]

[ 2018-01-09T19:40:03+08:00 ] 127.0.0.1 /index.php/Home/User/%E4%B8%AA%E4%BA%BA%E4%B8%AD%E5%BF%83%20-%20%E5%8D%83%E5%9B%BE%E7%BD%91_files/user-default.png
INFO: [ app_init ] --START--
INFO: Run Behavior\BuildLiteBehavior [ RunTime:0.000000s ]
INFO: [ app_init ] --END-- [ RunTime:0.000000s ]

[ 2018-01-09T19:40:03+08:00 ] 127.0.0.1 /index.php/Home/User/%E4%B8%AA%E4%BA%BA%E4%B8%AD%E5%BF%83%20-%20%E5%8D%83%E5%9B%BE%E7%BD%91_files/wechat-g.png
INFO: [ app_init ] --START--
INFO: Run Behavior\BuildLiteBehavior [ RunTime:0.000000s ]
INFO: [ app_init ] --END-- [ RunTime:0.001000s ]

[ 2018-01-09T19:51:38+08:00 ] 127.0.0.1 /index.php/Home/User/usercenter.html
INFO: [ app_init ] --START--
INFO: Run Behavior\BuildLiteBehavior [ RunTime:0.000000s ]
INFO: [ app_init ] --END-- [ RunTime:0.001000s ]

[ 2018-01-09T19:51:38+08:00 ] 127.0.0.1 /index.php/Home/User/%E4%B8%AA%E4%BA%BA%E4%B8%AD%E5%BF%83%20-%20%E5%8D%83%E5%9B%BE%E7%BD%91_files/31H58PICbAy.jpg!qtwebp240
INFO: [ app_init ] --START--
INFO: Run Behavior\BuildLiteBehavior [ RunTime:0.001000s ]
INFO: [ app_init ] --END-- [ RunTime:0.001000s ]
ERR: 非法操作:个人中心 - 千图网_files

[ 2018-01-09T19:51:39+08:00 ] 127.0.0.1 /index.php/Home/User/%E4%B8%AA%E4%BA%BA%E4%B8%AD%E5%BF%83%20-%20%E5%8D%83%E5%9B%BE%E7%BD%91_files/575782925407f.jpg!qtwebp240
INFO: [ app_init ] --START--
INFO: Run Behavior\BuildLiteBehavior [ RunTime:0.000000s ]
INFO: [ app_init ] --END-- [ RunTime:0.001000s ]
ERR: 非法操作:个人中心 - 千图网_files

[ 2018-01-09T19:51:45+08:00 ] 127.0.0.1 /index.php/Home/User/resume.html
INFO: [ app_init ] --START--
INFO: Run Behavior\BuildLiteBehavior [ RunTime:0.000000s ]
INFO: [ app_init ] --END-- [ RunTime:0.000000s ]

[ 2018-01-09T19:51:45+08:00 ] 127.0.0.1 /index.php/Home/User/%E4%B8%AA%E4%BA%BA%E4%B8%AD%E5%BF%83%20-%20%E5%8D%83%E5%9B%BE%E7%BD%91_files/user-default.png
INFO: [ app_init ] --START--
INFO: Run Behavior\BuildLiteBehavior [ RunTime:0.000000s ]
INFO: [ app_init ] --END-- [ RunTime:0.000000s ]

[ 2018-01-09T19:51:46+08:00 ] 127.0.0.1 /index.php/Home/User/%E4%B8%AA%E4%BA%BA%E4%B8%AD%E5%BF%83%20-%20%E5%8D%83%E5%9B%BE%E7%BD%91_files/wechat-g.png
INFO: [ app_init ] --START--
INFO: Run Behavior\BuildLiteBehavior [ RunTime:0.000000s ]
INFO: [ app_init ] --END-- [ RunTime:0.001000s ]

[ 2018-01-09T19:52:52+08:00 ] 127.0.0.1 /index.php/Home/User/resume.html
INFO: [ app_init ] --START--
INFO: Run Behavior\BuildLiteBehavior [ RunTime:0.000000s ]
INFO: [ app_init ] --END-- [ RunTime:0.000000s ]

[ 2018-01-09T19:52:52+08:00 ] 127.0.0.1 /index.php/Home/User/%E4%B8%AA%E4%BA%BA%E4%B8%AD%E5%BF%83%20-%20%E5%8D%83%E5%9B%BE%E7%BD%91_files/user-default.png
INFO: [ app_init ] --START--
INFO: Run Behavior\BuildLiteBehavior [ RunTime:0.000000s ]
INFO: [ app_init ] --END-- [ RunTime:0.001000s ]

[ 2018-01-09T19:52:53+08:00 ] 127.0.0.1 /index.php/Home/User/%E4%B8%AA%E4%BA%BA%E4%B8%AD%E5%BF%83%20-%20%E5%8D%83%E5%9B%BE%E7%BD%91_files/wechat-g.png
INFO: [ app_init ] --START--
INFO: Run Behavior\BuildLiteBehavior [ RunTime:0.000000s ]
INFO: [ app_init ] --END-- [ RunTime:0.000000s ]

[ 2018-01-09T20:00:23+08:00 ] 127.0.0.1 /index.php/Home/User/resume.html
INFO: [ app_init ] --START--
INFO: Run Behavior\BuildLiteBehavior [ RunTime:0.000000s ]
INFO: [ app_init ] --END-- [ RunTime:0.001000s ]

[ 2018-01-09T20:00:23+08:00 ] 127.0.0.1 /index.php/Home/User/%E4%B8%AA%E4%BA%BA%E4%B8%AD%E5%BF%83%20-%20%E5%8D%83%E5%9B%BE%E7%BD%91_files/user-default.png
INFO: [ app_init ] --START--
INFO: Run Behavior\BuildLiteBehavior [ RunTime:0.000000s ]
INFO: [ app_init ] --END-- [ RunTime:0.000000s ]

[ 2018-01-09T20:00:24+08:00 ] 127.0.0.1 /index.php/Home/User/%E4%B8%AA%E4%BA%BA%E4%B8%AD%E5%BF%83%20-%20%E5%8D%83%E5%9B%BE%E7%BD%91_files/wechat-g.png
INFO: [ app_init ] --START--
INFO: Run Behavior\BuildLiteBehavior [ RunTime:0.000000s ]
INFO: [ app_init ] --END-- [ RunTime:0.000000s ]

[ 2018-01-09T20:07:55+08:00 ] 127.0.0.1 /index.php/Home/User/user.html
INFO: [ app_init ] --START--
INFO: Run Behavior\BuildLiteBehavior [ RunTime:0.000000s ]
INFO: [ app_init ] --END-- [ RunTime:0.001000s ]

[ 2018-01-09T20:07:56+08:00 ] 127.0.0.1 /index.php/Home/User/user.html
INFO: [ app_init ] --START--
INFO: Run Behavior\BuildLiteBehavior [ RunTime:0.000000s ]
INFO: [ app_init ] --END-- [ RunTime:0.000000s ]

[ 2018-01-09T20:07:57+08:00 ] 127.0.0.1 /index.php/Home/User/%E4%B8%8A%E4%BC%A0%E4%BD%9C%E5%93%81%20-%20%E5%8D%83%E5%9B%BE%E7%BD%91_files/WKGhPaT9sbkzv9TCKpqn1ib3k4QlMorEWicwdsaGaDCLXMYUyicMX6bzXEWeYlo0IdaD
INFO: [ app_init ] --START--
INFO: Run Behavior\BuildLiteBehavior [ RunTime:0.000000s ]
INFO: [ app_init ] --END-- [ RunTime:0.001000s ]
ERR: 非法操作:上传作品 - 千图网_files

[ 2018-01-09T20:07:57+08:00 ] 127.0.0.1 /index.php/Home/User/%E4%B8%8A%E4%BC%A0%E4%BD%9C%E5%93%81%20-%20%20%20%20%20%20%20%20%20%20%20%20%20%20%20%20%20%20%20%20%20%20%20%20%20%20%20%20%20%20%20%20%20%20%20%20%20%20%20%20%20%20%20%20%20%20%20%20%20%20%20%20%20%20%20%20%20%20%20%20%20%20%20%E5%8D%83%E5%9B%BE%E7%BD%91_files/WKGhPaT9sbkzv9TCKpqn1ib3k4QlMorEWicwdsaGaDCLXMYUyicMX6bzXEWeYlo0IdaD
INFO: [ app_init ] --START--
INFO: Run Behavior\BuildLiteBehavior [ RunTime:0.000000s ]
INFO: [ app_init ] --END-- [ RunTime:0.001000s ]
ERR: 非法操作:上传作品 -                                                               千图网_files

[ 2018-01-09T20:07:57+08:00 ] 127.0.0.1 /index.php/Home/User/usercenter.html
INFO: [ app_init ] --START--
INFO: Run Behavior\BuildLiteBehavior [ RunTime:0.000000s ]
INFO: [ app_init ] --END-- [ RunTime:0.000000s ]

[ 2018-01-09T20:07:57+08:00 ] 127.0.0.1 /index.php/Home/User/%E4%B8%AA%E4%BA%BA%E4%B8%AD%E5%BF%83%20-%20%E5%8D%83%E5%9B%BE%E7%BD%91_files/31H58PICbAy.jpg!qtwebp240
INFO: [ app_init ] --START--
INFO: Run Behavior\BuildLiteBehavior [ RunTime:0.000000s ]
INFO: [ app_init ] --END-- [ RunTime:0.001000s ]
ERR: 非法操作:个人中心 - 千图网_files

[ 2018-01-09T20:07:57+08:00 ] 127.0.0.1 /index.php/Home/User/%E4%B8%AA%E4%BA%BA%E4%B8%AD%E5%BF%83%20-%20%E5%8D%83%E5%9B%BE%E7%BD%91_files/575782925407f.jpg!qtwebp240
INFO: [ app_init ] --START--
INFO: Run Behavior\BuildLiteBehavior [ RunTime:0.000000s ]
INFO: [ app_init ] --END-- [ RunTime:0.001000s ]
ERR: 非法操作:个人中心 - 千图网_files

[ 2018-01-09T20:07:59+08:00 ] 127.0.0.1 /index.php/Home/User/resume.html
INFO: [ app_init ] --START--
INFO: Run Behavior\BuildLiteBehavior [ RunTime:0.000000s ]
INFO: [ app_init ] --END-- [ RunTime:0.001000s ]

[ 2018-01-09T20:07:59+08:00 ] 127.0.0.1 /index.php/Home/User/%E4%B8%AA%E4%BA%BA%E4%B8%AD%E5%BF%83%20-%20%E5%8D%83%E5%9B%BE%E7%BD%91_files/user-default.png
INFO: [ app_init ] --START--
INFO: Run Behavior\BuildLiteBehavior [ RunTime:0.000000s ]
INFO: [ app_init ] --END-- [ RunTime:0.001000s ]

[ 2018-01-09T20:07:59+08:00 ] 127.0.0.1 /index.php/Home/User/%E4%B8%AA%E4%BA%BA%E4%B8%AD%E5%BF%83%20-%20%E5%8D%83%E5%9B%BE%E7%BD%91_files/wechat-g.png
INFO: [ app_init ] --START--
INFO: Run Behavior\BuildLiteBehavior [ RunTime:0.000000s ]
INFO: [ app_init ] --END-- [ RunTime:0.000000s ]

[ 2018-01-09T20:07:59+08:00 ] 127.0.0.1 /index.php/Home/User/%E4%B8%AA%E4%BA%BA%E4%B8%AD%E5%BF%83%20-%20%E5%8D%83%E5%9B%BE%E7%BD%91_files/user-default.png
INFO: [ app_init ] --START--
INFO: Run Behavior\BuildLiteBehavior [ RunTime:0.000000s ]
INFO: [ app_init ] --END-- [ RunTime:0.000000s ]

[ 2018-01-09T20:09:17+08:00 ] 127.0.0.1 /index.php/Home/User/resume.html
INFO: [ app_init ] --START--
INFO: Run Behavior\BuildLiteBehavior [ RunTime:0.000000s ]
INFO: [ app_init ] --END-- [ RunTime:0.000000s ]

[ 2018-01-09T20:09:18+08:00 ] 127.0.0.1 /index.php/Home/User/%E4%B8%AA%E4%BA%BA%E4%B8%AD%E5%BF%83%20-%20%E5%8D%83%E5%9B%BE%E7%BD%91_files/wechat-g.png
INFO: [ app_init ] --START--
INFO: Run Behavior\BuildLiteBehavior [ RunTime:0.000000s ]
INFO: [ app_init ] --END-- [ RunTime:0.000000s ]

[ 2018-01-09T20:09:18+08:00 ] 127.0.0.1 /index.php/Home/User/%E4%B8%AA%E4%BA%BA%E4%B8%AD%E5%BF%83%20-%20%E5%8D%83%E5%9B%BE%E7%BD%91_files/user-default.png
INFO: [ app_init ] --START--
INFO: Run Behavior\BuildLiteBehavior [ RunTime:0.000000s ]
INFO: [ app_init ] --END-- [ RunTime:0.000000s ]

[ 2018-01-09T20:17:32+08:00 ] 127.0.0.1 /index.php/Home/User/user.html
INFO: [ app_init ] --START--
INFO: Run Behavior\BuildLiteBehavior [ RunTime:0.000000s ]
INFO: [ app_init ] --END-- [ RunTime:0.000000s ]

[ 2018-01-09T20:17:32+08:00 ] 127.0.0.1 /index.php/Home/User/user.html
INFO: [ app_init ] --START--
INFO: Run Behavior\BuildLiteBehavior [ RunTime:0.000000s ]
INFO: [ app_init ] --END-- [ RunTime:0.000000s ]

[ 2018-01-09T20:17:32+08:00 ] 127.0.0.1 /index.php/Home/User/%E4%B8%8A%E4%BC%A0%E4%BD%9C%E5%93%81%20-%20%20%20%20%20%20%20%20%20%20%20%20%20%20%20%20%20%20%20%20%20%20%20%20%20%20%20%20%20%20%20%20%20%20%20%20%20%20%20%20%20%20%20%20%20%20%20%20%20%20%20%20%20%20%20%20%20%20%20%20%20%20%20%E5%8D%83%E5%9B%BE%E7%BD%91_files/WKGhPaT9sbkzv9TCKpqn1ib3k4QlMorEWicwdsaGaDCLXMYUyicMX6bzXEWeYlo0IdaD
INFO: [ app_init ] --START--
INFO: Run Behavior\BuildLiteBehavior [ RunTime:0.000000s ]
INFO: [ app_init ] --END-- [ RunTime:0.001000s ]
ERR: 非法操作:上传作品 -                                                               千图网_files

[ 2018-01-09T20:17:33+08:00 ] 127.0.0.1 /index.php/Home/User/%E4%B8%8A%E4%BC%A0%E4%BD%9C%E5%93%81%20-%20%E5%8D%83%E5%9B%BE%E7%BD%91_files/WKGhPaT9sbkzv9TCKpqn1ib3k4QlMorEWicwdsaGaDCLXMYUyicMX6bzXEWeYlo0IdaD
INFO: [ app_init ] --START--
INFO: Run Behavior\BuildLiteBehavior [ RunTime:0.000000s ]
INFO: [ app_init ] --END-- [ RunTime:0.001000s ]
ERR: 非法操作:上传作品 - 千图网_files

[ 2018-01-09T20:17:34+08:00 ] 127.0.0.1 /index.php/Home/User/usercenter.html
INFO: [ app_init ] --START--
INFO: Run Behavior\BuildLiteBehavior [ RunTime:0.000000s ]
INFO: [ app_init ] --END-- [ RunTime:0.000000s ]

[ 2018-01-09T20:17:34+08:00 ] 127.0.0.1 /index.php/Home/User/%E4%B8%AA%E4%BA%BA%E4%B8%AD%E5%BF%83%20-%20%E5%8D%83%E5%9B%BE%E7%BD%91_files/31H58PICbAy.jpg!qtwebp240
INFO: [ app_init ] --START--
INFO: Run Behavior\BuildLiteBehavior [ RunTime:0.000000s ]
INFO: [ app_init ] --END-- [ RunTime:0.000000s ]
ERR: 非法操作:个人中心 - 千图网_files

[ 2018-01-09T20:17:34+08:00 ] 127.0.0.1 /index.php/Home/User/%E4%B8%AA%E4%BA%BA%E4%B8%AD%E5%BF%83%20-%20%E5%8D%83%E5%9B%BE%E7%BD%91_files/575782925407f.jpg!qtwebp240
INFO: [ app_init ] --START--
INFO: Run Behavior\BuildLiteBehavior [ RunTime:0.000000s ]
INFO: [ app_init ] --END-- [ RunTime:0.000000s ]
ERR: 非法操作:个人中心 - 千图网_files

[ 2018-01-09T20:17:34+08:00 ] 127.0.0.1 /index.php/Home/User/%E4%B8%AA%E4%BA%BA%E4%B8%AD%E5%BF%83%20-%20%E5%8D%83%E5%9B%BE%E7%BD%91_files/31H58PICbAy.jpg!qtwebp240
INFO: [ app_init ] --START--
INFO: Run Behavior\BuildLiteBehavior [ RunTime:0.009000s ]
INFO: [ app_init ] --END-- [ RunTime:0.011000s ]
ERR: 非法操作:个人中心 - 千图网_files

[ 2018-01-09T20:17:37+08:00 ] 127.0.0.1 /index.php/Home/User/resume.html
INFO: [ app_init ] --START--
INFO: Run Behavior\BuildLiteBehavior [ RunTime:0.000000s ]
INFO: [ app_init ] --END-- [ RunTime:0.001000s ]

[ 2018-01-09T20:17:37+08:00 ] 127.0.0.1 /index.php/Home/User/%E4%B8%AA%E4%BA%BA%E4%B8%AD%E5%BF%83%20-%20%E5%8D%83%E5%9B%BE%E7%BD%91_files/user-default.png
INFO: [ app_init ] --START--
INFO: Run Behavior\BuildLiteBehavior [ RunTime:0.000000s ]
INFO: [ app_init ] --END-- [ RunTime:0.000000s ]

[ 2018-01-09T20:17:37+08:00 ] 127.0.0.1 /index.php/Home/User/%E4%B8%AA%E4%BA%BA%E4%B8%AD%E5%BF%83%20-%20%E5%8D%83%E5%9B%BE%E7%BD%91_files/wechat-g.png
INFO: [ app_init ] --START--
INFO: Run Behavior\BuildLiteBehavior [ RunTime:0.000000s ]
INFO: [ app_init ] --END-- [ RunTime:0.000000s ]

[ 2018-01-09T20:19:04+08:00 ] 127.0.0.1 /index.php/Home/User/resume.html
INFO: [ app_init ] --START--
INFO: Run Behavior\BuildLiteBehavior [ RunTime:0.000000s ]
INFO: [ app_init ] --END-- [ RunTime:0.001000s ]

[ 2018-01-09T20:19:04+08:00 ] 127.0.0.1 /index.php/Home/User/%E4%B8%AA%E4%BA%BA%E4%B8%AD%E5%BF%83%20-%20%E5%8D%83%E5%9B%BE%E7%BD%91_files/user-default.png
INFO: [ app_init ] --START--
INFO: Run Behavior\BuildLiteBehavior [ RunTime:0.000000s ]
INFO: [ app_init ] --END-- [ RunTime:0.001000s ]

[ 2018-01-09T20:19:04+08:00 ] 127.0.0.1 /index.php/Home/User/%E4%B8%AA%E4%BA%BA%E4%B8%AD%E5%BF%83%20-%20%E5%8D%83%E5%9B%BE%E7%BD%91_files/wechat-g.png
INFO: [ app_init ] --START--
INFO: Run Behavior\BuildLiteBehavior [ RunTime:0.000000s ]
INFO: [ app_init ] --END-- [ RunTime:0.001000s ]

[ 2018-01-09T20:19:22+08:00 ] 127.0.0.1 /index.php/Home/User/resume.html
INFO: [ app_init ] --START--
INFO: Run Behavior\BuildLiteBehavior [ RunTime:0.000000s ]
INFO: [ app_init ] --END-- [ RunTime:0.000000s ]

[ 2018-01-09T20:19:22+08:00 ] 127.0.0.1 /index.php/Home/User/%E4%B8%AA%E4%BA%BA%E4%B8%AD%E5%BF%83%20-%20%E5%8D%83%E5%9B%BE%E7%BD%91_files/user-default.png
INFO: [ app_init ] --START--
INFO: Run Behavior\BuildLiteBehavior [ RunTime:0.000000s ]
INFO: [ app_init ] --END-- [ RunTime:0.000000s ]

[ 2018-01-09T20:19:22+08:00 ] 127.0.0.1 /index.php/Home/User/%E4%B8%AA%E4%BA%BA%E4%B8%AD%E5%BF%83%20-%20%E5%8D%83%E5%9B%BE%E7%BD%91_files/wechat-g.png
INFO: [ app_init ] --START--
INFO: Run Behavior\BuildLiteBehavior [ RunTime:0.000000s ]
INFO: [ app_init ] --END-- [ RunTime:0.001000s ]

[ 2018-01-09T20:19:39+08:00 ] 127.0.0.1 /index.php/Home/User/resume.html
INFO: [ app_init ] --START--
INFO: Run Behavior\BuildLiteBehavior [ RunTime:0.000000s ]
INFO: [ app_init ] --END-- [ RunTime:0.000000s ]

[ 2018-01-09T20:19:40+08:00 ] 127.0.0.1 /index.php/Home/User/%E4%B8%AA%E4%BA%BA%E4%B8%AD%E5%BF%83%20-%20%E5%8D%83%E5%9B%BE%E7%BD%91_files/user-default.png
INFO: [ app_init ] --START--
INFO: Run Behavior\BuildLiteBehavior [ RunTime:0.000000s ]
INFO: [ app_init ] --END-- [ RunTime:0.000000s ]

[ 2018-01-09T20:19:40+08:00 ] 127.0.0.1 /index.php/Home/User/%E4%B8%AA%E4%BA%BA%E4%B8%AD%E5%BF%83%20-%20%E5%8D%83%E5%9B%BE%E7%BD%91_files/wechat-g.png
INFO: [ app_init ] --START--
INFO: Run Behavior\BuildLiteBehavior [ RunTime:0.000000s ]
INFO: [ app_init ] --END-- [ RunTime:0.000000s ]

[ 2018-01-09T20:19:56+08:00 ] 127.0.0.1 /index.php/Home/User/resume.html
INFO: [ app_init ] --START--
INFO: Run Behavior\BuildLiteBehavior [ RunTime:0.000000s ]
INFO: [ app_init ] --END-- [ RunTime:0.000000s ]

[ 2018-01-09T20:19:56+08:00 ] 127.0.0.1 /index.php/Home/User/%E4%B8%AA%E4%BA%BA%E4%B8%AD%E5%BF%83%20-%20%E5%8D%83%E5%9B%BE%E7%BD%91_files/user-default.png
INFO: [ app_init ] --START--
INFO: Run Behavior\BuildLiteBehavior [ RunTime:0.000000s ]
INFO: [ app_init ] --END-- [ RunTime:0.000000s ]

[ 2018-01-09T20:19:56+08:00 ] 127.0.0.1 /index.php/Home/User/%E4%B8%AA%E4%BA%BA%E4%B8%AD%E5%BF%83%20-%20%E5%8D%83%E5%9B%BE%E7%BD%91_files/wechat-g.png
INFO: [ app_init ] --START--
INFO: Run Behavior\BuildLiteBehavior [ RunTime:0.000000s ]
INFO: [ app_init ] --END-- [ RunTime:0.000000s ]

[ 2018-01-09T20:19:56+08:00 ] 127.0.0.1 /index.php/Home/User/%E4%B8%AA%E4%BA%BA%E4%B8%AD%E5%BF%83%20-%20%E5%8D%83%E5%9B%BE%E7%BD%91_files/user-default.png
INFO: [ app_init ] --START--
INFO: Run Behavior\BuildLiteBehavior [ RunTime:0.000000s ]
INFO: [ app_init ] --END-- [ RunTime:0.000000s ]

[ 2018-01-09T20:21:02+08:00 ] 127.0.0.1 /index.php/Home/User/user.html
INFO: [ app_init ] --START--
INFO: Run Behavior\BuildLiteBehavior [ RunTime:0.000000s ]
INFO: [ app_init ] --END-- [ RunTime:0.001000s ]

[ 2018-01-09T20:21:02+08:00 ] 127.0.0.1 /index.php/Home/User/%E4%B8%8A%E4%BC%A0%E4%BD%9C%E5%93%81%20-%20%E5%8D%83%E5%9B%BE%E7%BD%91_files/WKGhPaT9sbkzv9TCKpqn1ib3k4QlMorEWicwdsaGaDCLXMYUyicMX6bzXEWeYlo0IdaD
INFO: [ app_init ] --START--
INFO: Run Behavior\BuildLiteBehavior [ RunTime:0.000000s ]
INFO: [ app_init ] --END-- [ RunTime:0.000000s ]
ERR: 非法操作:上传作品 - 千图网_files

[ 2018-01-09T20:21:02+08:00 ] 127.0.0.1 /index.php/Home/User/%E4%B8%8A%E4%BC%A0%E4%BD%9C%E5%93%81%20-%20%20%20%20%20%20%20%20%20%20%20%20%20%20%20%20%20%20%20%20%20%20%20%20%20%20%20%20%20%20%20%20%20%20%20%20%20%20%20%20%20%20%20%20%20%20%20%20%20%20%20%20%20%20%20%20%20%20%20%20%20%20%20%E5%8D%83%E5%9B%BE%E7%BD%91_files/WKGhPaT9sbkzv9TCKpqn1ib3k4QlMorEWicwdsaGaDCLXMYUyicMX6bzXEWeYlo0IdaD
INFO: [ app_init ] --START--
INFO: Run Behavior\BuildLiteBehavior [ RunTime:0.000000s ]
INFO: [ app_init ] --END-- [ RunTime:0.000000s ]
ERR: 非法操作:上传作品 -                                                               千图网_files

[ 2018-01-09T20:22:32+08:00 ] 127.0.0.1 /index.php/Home/User/usercenter.html
INFO: [ app_init ] --START--
INFO: Run Behavior\BuildLiteBehavior [ RunTime:0.000000s ]
INFO: [ app_init ] --END-- [ RunTime:0.000000s ]

[ 2018-01-09T20:22:32+08:00 ] 127.0.0.1 /index.php/Home/User/%E4%B8%AA%E4%BA%BA%E4%B8%AD%E5%BF%83%20-%20%E5%8D%83%E5%9B%BE%E7%BD%91_files/31H58PICbAy.jpg!qtwebp240
INFO: [ app_init ] --START--
INFO: Run Behavior\BuildLiteBehavior [ RunTime:0.000000s ]
INFO: [ app_init ] --END-- [ RunTime:0.000000s ]
ERR: 非法操作:个人中心 - 千图网_files

[ 2018-01-09T20:22:32+08:00 ] 127.0.0.1 /index.php/Home/User/%E4%B8%AA%E4%BA%BA%E4%B8%AD%E5%BF%83%20-%20%E5%8D%83%E5%9B%BE%E7%BD%91_files/575782925407f.jpg!qtwebp240
INFO: [ app_init ] --START--
INFO: Run Behavior\BuildLiteBehavior [ RunTime:0.000000s ]
INFO: [ app_init ] --END-- [ RunTime:0.001000s ]
ERR: 非法操作:个人中心 - 千图网_files

[ 2018-01-09T20:22:33+08:00 ] 127.0.0.1 /index.php/Home/User/resume.html
INFO: [ app_init ] --START--
INFO: Run Behavior\BuildLiteBehavior [ RunTime:0.000000s ]
INFO: [ app_init ] --END-- [ RunTime:0.000000s ]

[ 2018-01-09T20:22:33+08:00 ] 127.0.0.1 /index.php/Home/User/%E4%B8%AA%E4%BA%BA%E4%B8%AD%E5%BF%83%20-%20%E5%8D%83%E5%9B%BE%E7%BD%91_files/user-default.png
INFO: [ app_init ] --START--
INFO: Run Behavior\BuildLiteBehavior [ RunTime:0.000000s ]
INFO: [ app_init ] --END-- [ RunTime:0.000000s ]

[ 2018-01-09T20:22:33+08:00 ] 127.0.0.1 /index.php/Home/User/%E4%B8%AA%E4%BA%BA%E4%B8%AD%E5%BF%83%20-%20%E5%8D%83%E5%9B%BE%E7%BD%91_files/wechat-g.png
INFO: [ app_init ] --START--
INFO: Run Behavior\BuildLiteBehavior [ RunTime:0.000000s ]
INFO: [ app_init ] --END-- [ RunTime:0.000000s ]

[ 2018-01-09T20:36:16+08:00 ] 127.0.0.1 /index.php/Home/User/%E4%B8%AA%E4%BA%BA%E4%B8%AD%E5%BF%83%20-%20%E5%8D%83%E5%9B%BE%E7%BD%91_files/31H58PICbAy.jpg!qtwebp240
INFO: [ app_init ] --START--
INFO: Run Behavior\BuildLiteBehavior [ RunTime:0.000000s ]
INFO: [ app_init ] --END-- [ RunTime:0.000000s ]
ERR: 非法操作:个人中心 - 千图网_files

[ 2018-01-09T20:36:17+08:00 ] 127.0.0.1 /index.php/Home/User/%E4%B8%AA%E4%BA%BA%E4%B8%AD%E5%BF%83%20-%20%E5%8D%83%E5%9B%BE%E7%BD%91_files/575782925407f.jpg!qtwebp240
INFO: [ app_init ] --START--
INFO: Run Behavior\BuildLiteBehavior [ RunTime:0.000000s ]
INFO: [ app_init ] --END-- [ RunTime:0.000000s ]
ERR: 非法操作:个人中心 - 千图网_files

[ 2018-01-09T20:36:18+08:00 ] 127.0.0.1 /index.php/Home/User/usercenter.html
INFO: [ app_init ] --START--
INFO: Run Behavior\BuildLiteBehavior [ RunTime:0.000000s ]
INFO: [ app_init ] --END-- [ RunTime:0.001000s ]

[ 2018-01-09T20:36:18+08:00 ] 127.0.0.1 /index.php/Home/User/%E4%B8%AA%E4%BA%BA%E4%B8%AD%E5%BF%83%20-%20%E5%8D%83%E5%9B%BE%E7%BD%91_files/wechat-g.png
INFO: [ app_init ] --START--
INFO: Run Behavior\BuildLiteBehavior [ RunTime:0.000000s ]
INFO: [ app_init ] --END-- [ RunTime:0.000000s ]

[ 2018-01-09T20:36:19+08:00 ] 127.0.0.1 /index.php/Home/User/%E4%B8%AA%E4%BA%BA%E4%B8%AD%E5%BF%83%20-%20%E5%8D%83%E5%9B%BE%E7%BD%91_files/user-default.png
INFO: [ app_init ] --START--
INFO: Run Behavior\BuildLiteBehavior [ RunTime:0.000000s ]
INFO: [ app_init ] --END-- [ RunTime:0.000000s ]

[ 2018-01-09T20:36:24+08:00 ] 127.0.0.1 /index.php/Home/User/usercenter.html
INFO: [ app_init ] --START--
INFO: Run Behavior\BuildLiteBehavior [ RunTime:0.000000s ]
INFO: [ app_init ] --END-- [ RunTime:0.001000s ]

[ 2018-01-09T20:36:24+08:00 ] 127.0.0.1 /index.php/Home/User/%E4%B8%AA%E4%BA%BA%E4%B8%AD%E5%BF%83%20-%20%E5%8D%83%E5%9B%BE%E7%BD%91_files/user-default.png
INFO: [ app_init ] --START--
INFO: Run Behavior\BuildLiteBehavior [ RunTime:0.000000s ]
INFO: [ app_init ] --END-- [ RunTime:0.001000s ]

[ 2018-01-09T20:36:24+08:00 ] 127.0.0.1 /index.php/Home/User/%E4%B8%AA%E4%BA%BA%E4%B8%AD%E5%BF%83%20-%20%E5%8D%83%E5%9B%BE%E7%BD%91_files/user-default.png
INFO: [ app_init ] --START--
INFO: Run Behavior\BuildLiteBehavior [ RunTime:0.000000s ]
INFO: [ app_init ] --END-- [ RunTime:0.000000s ]

[ 2018-01-09T20:36:25+08:00 ] 127.0.0.1 /index.php/Home/User/%E4%B8%AA%E4%BA%BA%E4%B8%AD%E5%BF%83%20-%20%E5%8D%83%E5%9B%BE%E7%BD%91_files/wechat-g.png
INFO: [ app_init ] --START--
INFO: Run Behavior\BuildLiteBehavior [ RunTime:0.000000s ]
INFO: [ app_init ] --END-- [ RunTime:0.000000s ]

[ 2018-01-09T20:43:43+08:00 ] 127.0.0.1 /index.php/Home/User/usercenter.html
INFO: [ app_init ] --START--
INFO: Run Behavior\BuildLiteBehavior [ RunTime:0.000000s ]
INFO: [ app_init ] --END-- [ RunTime:0.000000s ]

[ 2018-01-09T20:43:43+08:00 ] 127.0.0.1 /index.php/Home/User/%E4%B8%AA%E4%BA%BA%E4%B8%AD%E5%BF%83%20-%20%E5%8D%83%E5%9B%BE%E7%BD%91_files/user-default.png
INFO: [ app_init ] --START--
INFO: Run Behavior\BuildLiteBehavior [ RunTime:0.000000s ]
INFO: [ app_init ] --END-- [ RunTime:0.001000s ]

[ 2018-01-09T20:43:43+08:00 ] 127.0.0.1 /index.php/Home/User/%E4%B8%AA%E4%BA%BA%E4%B8%AD%E5%BF%83%201-%20%E5%8D%83%E5%9B%BE%E7%BD%91_files/31H58PICbAy.jpg!qtwebp240
INFO: [ app_init ] --START--
INFO: Run Behavior\BuildLiteBehavior [ RunTime:0.000000s ]
INFO: [ app_init ] --END-- [ RunTime:0.000000s ]
ERR: 非法操作:个人中心 1- 千图网_files

[ 2018-01-09T20:43:43+08:00 ] 127.0.0.1 /index.php/Home/User/%E4%B8%AA%E4%BA%BA%E4%B8%AD%E5%BF%83%20-%20%E5%8D%83%E5%9B%BE%E7%BD%91_files/wechat-g.png
INFO: [ app_init ] --START--
INFO: Run Behavior\BuildLiteBehavior [ RunTime:0.000000s ]
INFO: [ app_init ] --END-- [ RunTime:0.000000s ]

[ 2018-01-09T20:43:44+08:00 ] 127.0.0.1 /index.php/Home/User/%E4%B8%AA%E4%BA%BA%E4%B8%AD%E5%BF%83%20-%20%E5%8D%83%E5%9B%BE%E7%BD%91_files/user-default.png
INFO: [ app_init ] --START--
INFO: Run Behavior\BuildLiteBehavior [ RunTime:0.000000s ]
INFO: [ app_init ] --END-- [ RunTime:0.000000s ]

[ 2018-01-09T20:43:44+08:00 ] 127.0.0.1 /index.php/Home/User/%E4%B8%AA%E4%BA%BA%E4%B8%AD%E5%BF%83%201-%20%E5%8D%83%E5%9B%BE%E7%BD%91_files/575782925407f.jpg!qtwebp240
INFO: [ app_init ] --START--
INFO: Run Behavior\BuildLiteBehavior [ RunTime:0.000000s ]
INFO: [ app_init ] --END-- [ RunTime:0.001000s ]
ERR: 非法操作:个人中心 1- 千图网_files

[ 2018-01-09T20:43:44+08:00 ] 127.0.0.1 /index.php/Home/User/%E4%B8%AA%E4%BA%BA%E4%B8%AD%E5%BF%83%201-%20%E5%8D%83%E5%9B%BE%E7%BD%91_files/37c58PICuME.png!qtwebp240
INFO: [ app_init ] --START--
INFO: Run Behavior\BuildLiteBehavior [ RunTime:0.000000s ]
INFO: [ app_init ] --END-- [ RunTime:0.001000s ]
ERR: 非法操作:个人中心 1- 千图网_files

[ 2018-01-09T20:43:44+08:00 ] 127.0.0.1 /index.php/Home/User/%E4%B8%AA%E4%BA%BA%E4%B8%AD%E5%BF%83%201-%20%E5%8D%83%E5%9B%BE%E7%BD%91_files/59eeb6daab22a.png
INFO: [ app_init ] --START--
INFO: Run Behavior\BuildLiteBehavior [ RunTime:0.000000s ]
INFO: [ app_init ] --END-- [ RunTime:0.000000s ]

[ 2018-01-09T20:45:41+08:00 ] 127.0.0.1 /index.php/Home/User/usercenter.html
INFO: [ app_init ] --START--
INFO: Run Behavior\BuildLiteBehavior [ RunTime:0.000000s ]
INFO: [ app_init ] --END-- [ RunTime:0.000000s ]

[ 2018-01-09T20:45:41+08:00 ] 127.0.0.1 /index.php/Home/User/%E4%B8%AA%E4%BA%BA%E4%B8%AD%E5%BF%83%20-%20%E5%8D%83%E5%9B%BE%E7%BD%91_files/user-default.png
INFO: [ app_init ] --START--
INFO: Run Behavior\BuildLiteBehavior [ RunTime:0.000000s ]
INFO: [ app_init ] --END-- [ RunTime:0.000000s ]

[ 2018-01-09T20:45:41+08:00 ] 127.0.0.1 /index.php/Home/User/%E4%B8%AA%E4%BA%BA%E4%B8%AD%E5%BF%83%20-%20%E5%8D%83%E5%9B%BE%E7%BD%91_files/wechat-g.png
INFO: [ app_init ] --START--
INFO: Run Behavior\BuildLiteBehavior [ RunTime:0.000000s ]
INFO: [ app_init ] --END-- [ RunTime:0.000000s ]

[ 2018-01-09T20:45:44+08:00 ] 127.0.0.1 /index.php/Home/User/usercenter.html
INFO: [ app_init ] --START--
INFO: Run Behavior\BuildLiteBehavior [ RunTime:0.000000s ]
INFO: [ app_init ] --END-- [ RunTime:0.000000s ]

[ 2018-01-09T20:45:44+08:00 ] 127.0.0.1 /index.php/Home/User/%E4%B8%AA%E4%BA%BA%E4%B8%AD%E5%BF%83%20-%20%E5%8D%83%E5%9B%BE%E7%BD%91_files/wechat-g.png
INFO: [ app_init ] --START--
INFO: Run Behavior\BuildLiteBehavior [ RunTime:0.000000s ]
INFO: [ app_init ] --END-- [ RunTime:0.000000s ]

[ 2018-01-09T20:45:44+08:00 ] 127.0.0.1 /index.php/Home/User/%E4%B8%AA%E4%BA%BA%E4%B8%AD%E5%BF%83%20-%20%E5%8D%83%E5%9B%BE%E7%BD%91_files/user-default.png
INFO: [ app_init ] --START--
INFO: Run Behavior\BuildLiteBehavior [ RunTime:0.000000s ]
INFO: [ app_init ] --END-- [ RunTime:0.000000s ]

[ 2018-01-09T20:45:45+08:00 ] 127.0.0.1 /index.php/Home/User/usercenter.html
INFO: [ app_init ] --START--
INFO: Run Behavior\BuildLiteBehavior [ RunTime:0.000000s ]
INFO: [ app_init ] --END-- [ RunTime:0.000000s ]

[ 2018-01-09T20:45:45+08:00 ] 127.0.0.1 /index.php/Home/User/%E4%B8%AA%E4%BA%BA%E4%B8%AD%E5%BF%83%20-%20%E5%8D%83%E5%9B%BE%E7%BD%91_files/wechat-g.png
INFO: [ app_init ] --START--
INFO: Run Behavior\BuildLiteBehavior [ RunTime:0.000000s ]
INFO: [ app_init ] --END-- [ RunTime:0.000000s ]

[ 2018-01-09T20:45:45+08:00 ] 127.0.0.1 /index.php/Home/User/%E4%B8%AA%E4%BA%BA%E4%B8%AD%E5%BF%83%20-%20%E5%8D%83%E5%9B%BE%E7%BD%91_files/user-default.png
INFO: [ app_init ] --START--
INFO: Run Behavior\BuildLiteBehavior [ RunTime:0.000000s ]
INFO: [ app_init ] --END-- [ RunTime:0.001000s ]

[ 2018-01-09T20:51:54+08:00 ] 127.0.0.1 /index.php/Home/User/usercenter.html
INFO: [ app_init ] --START--
INFO: Run Behavior\BuildLiteBehavior [ RunTime:0.000000s ]
INFO: [ app_init ] --END-- [ RunTime:0.001000s ]

[ 2018-01-09T20:51:54+08:00 ] 127.0.0.1 /index.php/Home/User/%E4%B8%AA%E4%BA%BA%E4%B8%AD%E5%BF%83%20-%20%E5%8D%83%E5%9B%BE%E7%BD%91_files/user-default.png
INFO: [ app_init ] --START--
INFO: Run Behavior\BuildLiteBehavior [ RunTime:0.000000s ]
INFO: [ app_init ] --END-- [ RunTime:0.000000s ]

[ 2018-01-09T20:51:55+08:00 ] 127.0.0.1 /index.php/Home/User/%E4%B8%AA%E4%BA%BA%E4%B8%AD%E5%BF%83%20-%20%E5%8D%83%E5%9B%BE%E7%BD%91_files/wechat-g.png
INFO: [ app_init ] --START--
INFO: Run Behavior\BuildLiteBehavior [ RunTime:0.000000s ]
INFO: [ app_init ] --END-- [ RunTime:0.000000s ]

