[ 2018-01-10T10:48:03+08:00 ] 127.0.0.1 /
INFO: [ app_init ] --START--
INFO: Run Behavior\BuildLiteBehavior [ RunTime:0.000000s ]
INFO: [ app_init ] --END-- [ RunTime:0.022000s ]

[ 2018-01-10T10:48:48+08:00 ] 127.0.0.1 /
INFO: [ app_init ] --START--
INFO: Run Behavior\BuildLiteBehavior [ RunTime:0.000000s ]
INFO: [ app_init ] --END-- [ RunTime:0.000000s ]

[ 2018-01-10T10:48:57+08:00 ] 127.0.0.1 /index.php/Home/User/usercenter.html
INFO: [ app_init ] --START--
INFO: Run Behavior\BuildLiteBehavior [ RunTime:0.000000s ]
INFO: [ app_init ] --END-- [ RunTime:0.001000s ]

[ 2018-01-10T10:48:58+08:00 ] 127.0.0.1 /index.php/Home/User/%E4%B8%AA%E4%BA%BA%E4%B8%AD%E5%BF%83%20-%20%E5%8D%83%E5%9B%BE%E7%BD%91_files/wechat-g.png
INFO: [ app_init ] --START--
INFO: Run Behavior\BuildLiteBehavior [ RunTime:0.000000s ]
INFO: [ app_init ] --END-- [ RunTime:0.000000s ]

[ 2018-01-10T10:57:37+08:00 ] 127.0.0.1 /index.php/Home/User/usercenter.html
INFO: [ app_init ] --START--
INFO: Run Behavior\BuildLiteBehavior [ RunTime:0.000000s ]
INFO: [ app_init ] --END-- [ RunTime:0.000000s ]

[ 2018-01-10T10:57:38+08:00 ] 127.0.0.1 /index.php/Home/User/%E4%B8%AA%E4%BA%BA%E4%B8%AD%E5%BF%83%20-%20%E5%8D%83%E5%9B%BE%E7%BD%91_files/wechat-g.png
INFO: [ app_init ] --START--
INFO: Run Behavior\BuildLiteBehavior [ RunTime:0.000000s ]
INFO: [ app_init ] --END-- [ RunTime:0.000000s ]

[ 2018-01-10T11:01:36+08:00 ] 127.0.0.1 /index.php/Home/User/usercenter.html
INFO: [ app_init ] --START--
INFO: Run Behavior\BuildLiteBehavior [ RunTime:0.000000s ]
INFO: [ app_init ] --END-- [ RunTime:0.000000s ]

[ 2018-01-10T11:01:36+08:00 ] 127.0.0.1 /index.php/Home/User/__PUBLIC/images/wechat-g.png
INFO: [ app_init ] --START--
INFO: Run Behavior\BuildLiteBehavior [ RunTime:0.000000s ]
INFO: [ app_init ] --END-- [ RunTime:0.000000s ]

[ 2018-01-10T11:01:37+08:00 ] 127.0.0.1 /index.php/Home/User/usercenter.html
INFO: [ app_init ] --START--
INFO: Run Behavior\BuildLiteBehavior [ RunTime:0.000000s ]
INFO: [ app_init ] --END-- [ RunTime:0.000000s ]

[ 2018-01-10T11:01:37+08:00 ] 127.0.0.1 /index.php/Home/User/__PUBLIC/images/wechat-g.png
INFO: [ app_init ] --START--
INFO: Run Behavior\BuildLiteBehavior [ RunTime:0.000000s ]
INFO: [ app_init ] --END-- [ RunTime:0.000000s ]

[ 2018-01-10T11:01:37+08:00 ] 127.0.0.1 /index.php/Home/User/usercenter.html
INFO: [ app_init ] --START--
INFO: Run Behavior\BuildLiteBehavior [ RunTime:0.000000s ]
INFO: [ app_init ] --END-- [ RunTime:0.000000s ]

[ 2018-01-10T11:01:38+08:00 ] 127.0.0.1 /index.php/Home/User/__PUBLIC/images/wechat-g.png
INFO: [ app_init ] --START--
INFO: Run Behavior\BuildLiteBehavior [ RunTime:0.000000s ]
INFO: [ app_init ] --END-- [ RunTime:0.000000s ]

[ 2018-01-10T11:01:38+08:00 ] 127.0.0.1 /index.php/Home/User/usercenter.html
INFO: [ app_init ] --START--
INFO: Run Behavior\BuildLiteBehavior [ RunTime:0.000000s ]
INFO: [ app_init ] --END-- [ RunTime:0.001000s ]

[ 2018-01-10T11:01:38+08:00 ] 127.0.0.1 /index.php/Home/User/__PUBLIC/images/wechat-g.png
INFO: [ app_init ] --START--
INFO: Run Behavior\BuildLiteBehavior [ RunTime:0.000000s ]
INFO: [ app_init ] --END-- [ RunTime:0.001000s ]

[ 2018-01-10T11:01:39+08:00 ] 127.0.0.1 /index.php/Home/User/usercenter.html
INFO: [ app_init ] --START--
INFO: Run Behavior\BuildLiteBehavior [ RunTime:0.000000s ]
INFO: [ app_init ] --END-- [ RunTime:0.000000s ]

[ 2018-01-10T11:01:39+08:00 ] 127.0.0.1 /index.php/Home/User/__PUBLIC/images/wechat-g.png
INFO: [ app_init ] --START--
INFO: Run Behavior\BuildLiteBehavior [ RunTime:0.000000s ]
INFO: [ app_init ] --END-- [ RunTime:0.000000s ]

[ 2018-01-10T11:01:43+08:00 ] 127.0.0.1 /index.php/Home/User/usercenter.html
INFO: [ app_init ] --START--
INFO: Run Behavior\BuildLiteBehavior [ RunTime:0.000000s ]
INFO: [ app_init ] --END-- [ RunTime:0.001000s ]

[ 2018-01-10T11:01:43+08:00 ] 127.0.0.1 /index.php/Home/User/__PUBLIC/images/wechat-g.png
INFO: [ app_init ] --START--
INFO: Run Behavior\BuildLiteBehavior [ RunTime:0.000000s ]
INFO: [ app_init ] --END-- [ RunTime:0.000000s ]

[ 2018-01-10T11:01:43+08:00 ] 127.0.0.1 /index.php/Home/User/usercenter.html
INFO: [ app_init ] --START--
INFO: Run Behavior\BuildLiteBehavior [ RunTime:0.000000s ]
INFO: [ app_init ] --END-- [ RunTime:0.001000s ]

[ 2018-01-10T11:01:43+08:00 ] 127.0.0.1 /index.php/Home/User/__PUBLIC/images/wechat-g.png
INFO: [ app_init ] --START--
INFO: Run Behavior\BuildLiteBehavior [ RunTime:0.000000s ]
INFO: [ app_init ] --END-- [ RunTime:0.001000s ]

[ 2018-01-10T11:01:43+08:00 ] 127.0.0.1 /index.php/Home/User/usercenter.html
INFO: [ app_init ] --START--
INFO: Run Behavior\BuildLiteBehavior [ RunTime:0.000000s ]
INFO: [ app_init ] --END-- [ RunTime:0.000000s ]

[ 2018-01-10T11:01:43+08:00 ] 127.0.0.1 /index.php/Home/User/__PUBLIC/images/wechat-g.png
INFO: [ app_init ] --START--
INFO: Run Behavior\BuildLiteBehavior [ RunTime:0.000000s ]
INFO: [ app_init ] --END-- [ RunTime:0.000000s ]

[ 2018-01-10T11:01:43+08:00 ] 127.0.0.1 /index.php/Home/User/usercenter.html
INFO: [ app_init ] --START--
INFO: Run Behavior\BuildLiteBehavior [ RunTime:0.000000s ]
INFO: [ app_init ] --END-- [ RunTime:0.001000s ]

[ 2018-01-10T11:01:43+08:00 ] 127.0.0.1 /index.php/Home/User/__PUBLIC/images/wechat-g.png
INFO: [ app_init ] --START--
INFO: Run Behavior\BuildLiteBehavior [ RunTime:0.001000s ]
INFO: [ app_init ] --END-- [ RunTime:0.001000s ]

[ 2018-01-10T11:01:44+08:00 ] 127.0.0.1 /index.php/Home/User/usercenter.html
INFO: [ app_init ] --START--
INFO: Run Behavior\BuildLiteBehavior [ RunTime:0.000000s ]
INFO: [ app_init ] --END-- [ RunTime:0.000000s ]

[ 2018-01-10T11:01:44+08:00 ] 127.0.0.1 /index.php/Home/User/__PUBLIC/images/wechat-g.png
INFO: [ app_init ] --START--
INFO: Run Behavior\BuildLiteBehavior [ RunTime:0.000000s ]
INFO: [ app_init ] --END-- [ RunTime:0.000000s ]

[ 2018-01-10T11:01:44+08:00 ] 127.0.0.1 /index.php/Home/User/usercenter.html
INFO: [ app_init ] --START--
INFO: Run Behavior\BuildLiteBehavior [ RunTime:0.000000s ]
INFO: [ app_init ] --END-- [ RunTime:0.000000s ]

[ 2018-01-10T11:01:44+08:00 ] 127.0.0.1 /index.php/Home/User/__PUBLIC/images/wechat-g.png
INFO: [ app_init ] --START--
INFO: Run Behavior\BuildLiteBehavior [ RunTime:0.000000s ]
INFO: [ app_init ] --END-- [ RunTime:0.000000s ]

[ 2018-01-10T11:01:44+08:00 ] 127.0.0.1 /index.php/Home/User/usercenter.html
INFO: [ app_init ] --START--
INFO: Run Behavior\BuildLiteBehavior [ RunTime:0.000000s ]
INFO: [ app_init ] --END-- [ RunTime:0.000000s ]

[ 2018-01-10T11:01:44+08:00 ] 127.0.0.1 /index.php/Home/User/__PUBLIC/images/wechat-g.png
INFO: [ app_init ] --START--
INFO: Run Behavior\BuildLiteBehavior [ RunTime:0.000000s ]
INFO: [ app_init ] --END-- [ RunTime:0.000000s ]

[ 2018-01-10T11:01:44+08:00 ] 127.0.0.1 /index.php/Home/User/usercenter.html
INFO: [ app_init ] --START--
INFO: Run Behavior\BuildLiteBehavior [ RunTime:0.000000s ]
INFO: [ app_init ] --END-- [ RunTime:0.000000s ]

[ 2018-01-10T11:01:44+08:00 ] 127.0.0.1 /index.php/Home/User/__PUBLIC/images/wechat-g.png
INFO: [ app_init ] --START--
INFO: Run Behavior\BuildLiteBehavior [ RunTime:0.000000s ]
INFO: [ app_init ] --END-- [ RunTime:0.000000s ]

[ 2018-01-10T11:01:44+08:00 ] 127.0.0.1 /index.php/Home/User/usercenter.html
INFO: [ app_init ] --START--
INFO: Run Behavior\BuildLiteBehavior [ RunTime:0.000000s ]
INFO: [ app_init ] --END-- [ RunTime:0.000000s ]

[ 2018-01-10T11:01:44+08:00 ] 127.0.0.1 /index.php/Home/User/__PUBLIC/images/wechat-g.png
INFO: [ app_init ] --START--
INFO: Run Behavior\BuildLiteBehavior [ RunTime:0.000000s ]
INFO: [ app_init ] --END-- [ RunTime:0.000000s ]

[ 2018-01-10T11:01:44+08:00 ] 127.0.0.1 /index.php/Home/User/usercenter.html
INFO: [ app_init ] --START--
INFO: Run Behavior\BuildLiteBehavior [ RunTime:0.000000s ]
INFO: [ app_init ] --END-- [ RunTime:0.001000s ]

[ 2018-01-10T11:01:44+08:00 ] 127.0.0.1 /index.php/Home/User/__PUBLIC/images/wechat-g.png
INFO: [ app_init ] --START--
INFO: Run Behavior\BuildLiteBehavior [ RunTime:0.000000s ]
INFO: [ app_init ] --END-- [ RunTime:0.000000s ]

[ 2018-01-10T11:01:45+08:00 ] 127.0.0.1 /index.php/Home/User/usercenter.html
INFO: [ app_init ] --START--
INFO: Run Behavior\BuildLiteBehavior [ RunTime:0.000000s ]
INFO: [ app_init ] --END-- [ RunTime:0.000000s ]

[ 2018-01-10T11:01:45+08:00 ] 127.0.0.1 /index.php/Home/User/__PUBLIC/images/wechat-g.png
INFO: [ app_init ] --START--
INFO: Run Behavior\BuildLiteBehavior [ RunTime:0.000000s ]
INFO: [ app_init ] --END-- [ RunTime:0.000000s ]

[ 2018-01-10T11:01:45+08:00 ] 127.0.0.1 /index.php/Home/User/usercenter.html
INFO: [ app_init ] --START--
INFO: Run Behavior\BuildLiteBehavior [ RunTime:0.000000s ]
INFO: [ app_init ] --END-- [ RunTime:0.000000s ]

[ 2018-01-10T11:01:45+08:00 ] 127.0.0.1 /index.php/Home/User/__PUBLIC/images/wechat-g.png
INFO: [ app_init ] --START--
INFO: Run Behavior\BuildLiteBehavior [ RunTime:0.000000s ]
INFO: [ app_init ] --END-- [ RunTime:0.001000s ]

[ 2018-01-10T11:01:47+08:00 ] 127.0.0.1 /index.php/Home/User/usercenter.html
INFO: [ app_init ] --START--
INFO: Run Behavior\BuildLiteBehavior [ RunTime:0.000000s ]
INFO: [ app_init ] --END-- [ RunTime:0.000000s ]

[ 2018-01-10T11:01:47+08:00 ] 127.0.0.1 /index.php/Home/User/__PUBLIC/images/wechat-g.png
INFO: [ app_init ] --START--
INFO: Run Behavior\BuildLiteBehavior [ RunTime:0.000000s ]
INFO: [ app_init ] --END-- [ RunTime:0.000000s ]

[ 2018-01-10T11:01:47+08:00 ] 127.0.0.1 /index.php/Home/User/usercenter.html
INFO: [ app_init ] --START--
INFO: Run Behavior\BuildLiteBehavior [ RunTime:0.000000s ]
INFO: [ app_init ] --END-- [ RunTime:0.001000s ]

[ 2018-01-10T11:01:47+08:00 ] 127.0.0.1 /index.php/Home/User/__PUBLIC/images/wechat-g.png
INFO: [ app_init ] --START--
INFO: Run Behavior\BuildLiteBehavior [ RunTime:0.000000s ]
INFO: [ app_init ] --END-- [ RunTime:0.000000s ]

[ 2018-01-10T11:01:48+08:00 ] 127.0.0.1 /index.php/Home/User/usercenter.html
INFO: [ app_init ] --START--
INFO: Run Behavior\BuildLiteBehavior [ RunTime:0.000000s ]
INFO: [ app_init ] --END-- [ RunTime:0.000000s ]

[ 2018-01-10T11:01:48+08:00 ] 127.0.0.1 /index.php/Home/User/__PUBLIC/images/wechat-g.png
INFO: [ app_init ] --START--
INFO: Run Behavior\BuildLiteBehavior [ RunTime:0.000000s ]
INFO: [ app_init ] --END-- [ RunTime:0.000000s ]

[ 2018-01-10T11:01:48+08:00 ] 127.0.0.1 /index.php/Home/User/usercenter.html
INFO: [ app_init ] --START--
INFO: Run Behavior\BuildLiteBehavior [ RunTime:0.000000s ]
INFO: [ app_init ] --END-- [ RunTime:0.000000s ]

[ 2018-01-10T11:01:48+08:00 ] 127.0.0.1 /index.php/Home/User/__PUBLIC/images/wechat-g.png
INFO: [ app_init ] --START--
INFO: Run Behavior\BuildLiteBehavior [ RunTime:0.000000s ]
INFO: [ app_init ] --END-- [ RunTime:0.000000s ]

[ 2018-01-10T11:01:48+08:00 ] 127.0.0.1 /index.php/Home/User/usercenter.html
INFO: [ app_init ] --START--
INFO: Run Behavior\BuildLiteBehavior [ RunTime:0.000000s ]
INFO: [ app_init ] --END-- [ RunTime:0.000000s ]

[ 2018-01-10T11:01:48+08:00 ] 127.0.0.1 /index.php/Home/User/__PUBLIC/images/wechat-g.png
INFO: [ app_init ] --START--
INFO: Run Behavior\BuildLiteBehavior [ RunTime:0.000000s ]
INFO: [ app_init ] --END-- [ RunTime:0.000000s ]

[ 2018-01-10T11:33:04+08:00 ] 127.0.0.1 /index.php/Home/User/usercenter.html
INFO: [ app_init ] --START--
INFO: Run Behavior\BuildLiteBehavior [ RunTime:0.000000s ]
INFO: [ app_init ] --END-- [ RunTime:0.000000s ]

[ 2018-01-10T11:33:04+08:00 ] 127.0.0.1 /index.php/Home/User/__PUBLIC/images/wechat-g.png
INFO: [ app_init ] --START--
INFO: Run Behavior\BuildLiteBehavior [ RunTime:0.000000s ]
INFO: [ app_init ] --END-- [ RunTime:0.000000s ]

[ 2018-01-10T11:33:07+08:00 ] 127.0.0.1 /index.php/Home/user/install.html
INFO: [ app_init ] --START--
INFO: Run Behavior\BuildLiteBehavior [ RunTime:0.000000s ]
INFO: [ app_init ] --END-- [ RunTime:0.000000s ]

[ 2018-01-10T11:33:07+08:00 ] 127.0.0.1 /index.php/Home/user/%E4%B8%AA%E4%BA%BA%E8%AE%BE%E7%BD%AE%20-%20%E5%8D%83%E5%9B%BE%E7%BD%91_files/upload-img-default.png
INFO: [ app_init ] --START--
INFO: Run Behavior\BuildLiteBehavior [ RunTime:0.000000s ]
INFO: [ app_init ] --END-- [ RunTime:0.000000s ]

[ 2018-01-10T11:33:07+08:00 ] 127.0.0.1 /index.php/Home/user/__PUBLIC/images/wechat-g.png
INFO: [ app_init ] --START--
INFO: Run Behavior\BuildLiteBehavior [ RunTime:0.000000s ]
INFO: [ app_init ] --END-- [ RunTime:0.001000s ]

[ 2018-01-10T11:33:08+08:00 ] 127.0.0.1 /index.php/Home/user/%E4%B8%AA%E4%BA%BA%E8%AE%BE%E7%BD%AE%20-%20%E5%8D%83%E5%9B%BE%E7%BD%91_files/user-default.png
INFO: [ app_init ] --START--
INFO: Run Behavior\BuildLiteBehavior [ RunTime:0.000000s ]
INFO: [ app_init ] --END-- [ RunTime:0.000000s ]

[ 2018-01-10T11:33:15+08:00 ] 127.0.0.1 /index.php/Home/user/install.html
INFO: [ app_init ] --START--
INFO: Run Behavior\BuildLiteBehavior [ RunTime:0.000000s ]
INFO: [ app_init ] --END-- [ RunTime:0.001000s ]

[ 2018-01-10T11:33:15+08:00 ] 127.0.0.1 /index.php/Home/user/%E4%B8%AA%E4%BA%BA%E8%AE%BE%E7%BD%AE%20-%20%E5%8D%83%E5%9B%BE%E7%BD%91_files/upload-img-default.png
INFO: [ app_init ] --START--
INFO: Run Behavior\BuildLiteBehavior [ RunTime:0.000000s ]
INFO: [ app_init ] --END-- [ RunTime:0.000000s ]

[ 2018-01-10T11:33:16+08:00 ] 127.0.0.1 /index.php/Home/user/__PUBLIC/images/wechat-g.png
INFO: [ app_init ] --START--
INFO: Run Behavior\BuildLiteBehavior [ RunTime:0.000000s ]
INFO: [ app_init ] --END-- [ RunTime:0.000000s ]

[ 2018-01-10T11:33:16+08:00 ] 127.0.0.1 /index.php/Home/user/%E4%B8%AA%E4%BA%BA%E8%AE%BE%E7%BD%AE%20-%20%E5%8D%83%E5%9B%BE%E7%BD%91_files/user-default.png
INFO: [ app_init ] --START--
INFO: Run Behavior\BuildLiteBehavior [ RunTime:0.000000s ]
INFO: [ app_init ] --END-- [ RunTime:0.000000s ]

[ 2018-01-10T11:33:46+08:00 ] 127.0.0.1 /index.php/Home/User/usercenter.html
INFO: [ app_init ] --START--
INFO: Run Behavior\BuildLiteBehavior [ RunTime:0.000000s ]
INFO: [ app_init ] --END-- [ RunTime:0.000000s ]

[ 2018-01-10T11:33:46+08:00 ] 127.0.0.1 /index.php/Home/User/__PUBLIC/images/wechat-g.png
INFO: [ app_init ] --START--
INFO: Run Behavior\BuildLiteBehavior [ RunTime:0.000000s ]
INFO: [ app_init ] --END-- [ RunTime:0.000000s ]

[ 2018-01-10T11:33:49+08:00 ] 127.0.0.1 /index.php/Home/user/install.html
INFO: [ app_init ] --START--
INFO: Run Behavior\BuildLiteBehavior [ RunTime:0.000000s ]
INFO: [ app_init ] --END-- [ RunTime:0.000000s ]

[ 2018-01-10T11:33:49+08:00 ] 127.0.0.1 /index.php/Home/user/%E4%B8%AA%E4%BA%BA%E8%AE%BE%E7%BD%AE%20-%20%E5%8D%83%E5%9B%BE%E7%BD%91_files/user-default.png
INFO: [ app_init ] --START--
INFO: Run Behavior\BuildLiteBehavior [ RunTime:0.000000s ]
INFO: [ app_init ] --END-- [ RunTime:0.000000s ]

[ 2018-01-10T11:33:49+08:00 ] 127.0.0.1 /index.php/Home/user/%E4%B8%AA%E4%BA%BA%E8%AE%BE%E7%BD%AE%20-%20%E5%8D%83%E5%9B%BE%E7%BD%91_files/upload-img-default.png
INFO: [ app_init ] --START--
INFO: Run Behavior\BuildLiteBehavior [ RunTime:0.000000s ]
INFO: [ app_init ] --END-- [ RunTime:0.001000s ]

[ 2018-01-10T11:33:50+08:00 ] 127.0.0.1 /index.php/Home/user/__PUBLIC/images/wechat-g.png
INFO: [ app_init ] --START--
INFO: Run Behavior\BuildLiteBehavior [ RunTime:0.000000s ]
INFO: [ app_init ] --END-- [ RunTime:0.000000s ]

[ 2018-01-10T11:35:49+08:00 ] 127.0.0.1 /index.php/Home/user/install.html
INFO: [ app_init ] --START--
INFO: Run Behavior\BuildLiteBehavior [ RunTime:0.000000s ]
INFO: [ app_init ] --END-- [ RunTime:0.000000s ]

[ 2018-01-10T11:35:49+08:00 ] 127.0.0.1 /index.php/Home/user/%E4%B8%AA%E4%BA%BA%E8%AE%BE%E7%BD%AE%20-%20%E5%8D%83%E5%9B%BE%E7%BD%91_files/upload-img-default.png
INFO: [ app_init ] --START--
INFO: Run Behavior\BuildLiteBehavior [ RunTime:0.000000s ]
INFO: [ app_init ] --END-- [ RunTime:0.000000s ]

[ 2018-01-10T11:35:49+08:00 ] 127.0.0.1 /index.php/Home/user/__PUBLIC/images/wechat-g.png
INFO: [ app_init ] --START--
INFO: Run Behavior\BuildLiteBehavior [ RunTime:0.000000s ]
INFO: [ app_init ] --END-- [ RunTime:0.000000s ]

[ 2018-01-10T11:35:49+08:00 ] 127.0.0.1 /index.php/Home/user/%E4%B8%AA%E4%BA%BA%E8%AE%BE%E7%BD%AE%20-%20%E5%8D%83%E5%9B%BE%E7%BD%91_files/user-default.png
INFO: [ app_init ] --START--
INFO: Run Behavior\BuildLiteBehavior [ RunTime:0.000000s ]
INFO: [ app_init ] --END-- [ RunTime:0.001000s ]

[ 2018-01-10T11:35:51+08:00 ] 127.0.0.1 /index.php/Home/user/install.html
INFO: [ app_init ] --START--
INFO: Run Behavior\BuildLiteBehavior [ RunTime:0.000000s ]
INFO: [ app_init ] --END-- [ RunTime:0.000000s ]

[ 2018-01-10T11:35:51+08:00 ] 127.0.0.1 /index.php/Home/user/__PUBLIC/images/wechat-g.png
INFO: [ app_init ] --START--
INFO: Run Behavior\BuildLiteBehavior [ RunTime:0.000000s ]
INFO: [ app_init ] --END-- [ RunTime:0.000000s ]

[ 2018-01-10T11:35:51+08:00 ] 127.0.0.1 /index.php/Home/user/%E4%B8%AA%E4%BA%BA%E8%AE%BE%E7%BD%AE%20-%20%E5%8D%83%E5%9B%BE%E7%BD%91_files/upload-img-default.png
INFO: [ app_init ] --START--
INFO: Run Behavior\BuildLiteBehavior [ RunTime:0.000000s ]
INFO: [ app_init ] --END-- [ RunTime:0.001000s ]

[ 2018-01-10T11:35:52+08:00 ] 127.0.0.1 /index.php/Home/user/%E4%B8%AA%E4%BA%BA%E8%AE%BE%E7%BD%AE%20-%20%E5%8D%83%E5%9B%BE%E7%BD%91_files/user-default.png
INFO: [ app_init ] --START--
INFO: Run Behavior\BuildLiteBehavior [ RunTime:0.000000s ]
INFO: [ app_init ] --END-- [ RunTime:0.000000s ]

[ 2018-01-10T11:37:28+08:00 ] 127.0.0.1 /index.php/Home/user/install.html
INFO: [ app_init ] --START--
INFO: Run Behavior\BuildLiteBehavior [ RunTime:0.000000s ]
INFO: [ app_init ] --END-- [ RunTime:0.000000s ]

[ 2018-01-10T11:37:28+08:00 ] 127.0.0.1 /index.php/Home/user/%E4%B8%AA%E4%BA%BA%E8%AE%BE%E7%BD%AE%20-%20%E5%8D%83%E5%9B%BE%E7%BD%91_files/user-default.png
INFO: [ app_init ] --START--
INFO: Run Behavior\BuildLiteBehavior [ RunTime:0.000000s ]
INFO: [ app_init ] --END-- [ RunTime:0.000000s ]

[ 2018-01-10T11:37:28+08:00 ] 127.0.0.1 /index.php/Home/user/%E4%B8%AA%E4%BA%BA%E8%AE%BE%E7%BD%AE%20-%20%E5%8D%83%E5%9B%BE%E7%BD%91_files/upload-img-default.png
INFO: [ app_init ] --START--
INFO: Run Behavior\BuildLiteBehavior [ RunTime:0.000000s ]
INFO: [ app_init ] --END-- [ RunTime:0.000000s ]

[ 2018-01-10T11:37:29+08:00 ] 127.0.0.1 /index.php/Home/user/__PUBLIC/images/wechat-g.png
INFO: [ app_init ] --START--
INFO: Run Behavior\BuildLiteBehavior [ RunTime:0.000000s ]
INFO: [ app_init ] --END-- [ RunTime:0.000000s ]

[ 2018-01-10T11:39:33+08:00 ] 127.0.0.1 /index.php/Home/user/install.html
INFO: [ app_init ] --START--
INFO: Run Behavior\BuildLiteBehavior [ RunTime:0.000000s ]
INFO: [ app_init ] --END-- [ RunTime:0.000000s ]

[ 2018-01-10T11:39:33+08:00 ] 127.0.0.1 /index.php/Home/user/__PUBLIC/images/wechat-g.png
INFO: [ app_init ] --START--
INFO: Run Behavior\BuildLiteBehavior [ RunTime:0.000000s ]
INFO: [ app_init ] --END-- [ RunTime:0.000000s ]

[ 2018-01-10T11:39:33+08:00 ] 127.0.0.1 /index.php/Home/user/%E4%B8%AA%E4%BA%BA%E8%AE%BE%E7%BD%AE%20-%20%E5%8D%83%E5%9B%BE%E7%BD%91_files/upload-img-default.png
INFO: [ app_init ] --START--
INFO: Run Behavior\BuildLiteBehavior [ RunTime:0.000000s ]
INFO: [ app_init ] --END-- [ RunTime:0.000000s ]

[ 2018-01-10T11:39:33+08:00 ] 127.0.0.1 /index.php/Home/user/%E4%B8%AA%E4%BA%BA%E8%AE%BE%E7%BD%AE%20-%20%E5%8D%83%E5%9B%BE%E7%BD%91_files/user-default.png
INFO: [ app_init ] --START--
INFO: Run Behavior\BuildLiteBehavior [ RunTime:0.000000s ]
INFO: [ app_init ] --END-- [ RunTime:0.000000s ]

[ 2018-01-10T11:39:50+08:00 ] 127.0.0.1 /index.php/Home/user/install.html
INFO: [ app_init ] --START--
INFO: Run Behavior\BuildLiteBehavior [ RunTime:0.000000s ]
INFO: [ app_init ] --END-- [ RunTime:0.001000s ]

[ 2018-01-10T11:39:50+08:00 ] 127.0.0.1 /index.php/Home/user/%E4%B8%AA%E4%BA%BA%E8%AE%BE%E7%BD%AE%20-%20%E5%8D%83%E5%9B%BE%E7%BD%91_files/upload-img-default.png
INFO: [ app_init ] --START--
INFO: Run Behavior\BuildLiteBehavior [ RunTime:0.000000s ]
INFO: [ app_init ] --END-- [ RunTime:0.001000s ]

[ 2018-01-10T11:39:51+08:00 ] 127.0.0.1 /index.php/Home/user/%E4%B8%AA%E4%BA%BA%E8%AE%BE%E7%BD%AE%20-%20%E5%8D%83%E5%9B%BE%E7%BD%91_files/user-default.png
INFO: [ app_init ] --START--
INFO: Run Behavior\BuildLiteBehavior [ RunTime:0.000000s ]
INFO: [ app_init ] --END-- [ RunTime:0.000000s ]

[ 2018-01-10T11:39:51+08:00 ] 127.0.0.1 /index.php/Home/user/__PUBLIC/images/wechat-g.png
INFO: [ app_init ] --START--
INFO: Run Behavior\BuildLiteBehavior [ RunTime:0.000000s ]
INFO: [ app_init ] --END-- [ RunTime:0.001000s ]

[ 2018-01-10T11:41:15+08:00 ] 127.0.0.1 /index.php/Home/user/install.html
INFO: [ app_init ] --START--
INFO: Run Behavior\BuildLiteBehavior [ RunTime:0.000000s ]
INFO: [ app_init ] --END-- [ RunTime:0.000000s ]

[ 2018-01-10T11:41:15+08:00 ] 127.0.0.1 /index.php/Home/user/%E4%B8%AA%E4%BA%BA%E8%AE%BE%E7%BD%AE%20-%20%E5%8D%83%E5%9B%BE%E7%BD%91_files/upload-img-default.png
INFO: [ app_init ] --START--
INFO: Run Behavior\BuildLiteBehavior [ RunTime:0.000000s ]
INFO: [ app_init ] --END-- [ RunTime:0.001000s ]

[ 2018-01-10T11:41:15+08:00 ] 127.0.0.1 /index.php/Home/user/%E4%B8%AA%E4%BA%BA%E8%AE%BE%E7%BD%AE%20-%20%E5%8D%83%E5%9B%BE%E7%BD%91_files/user-default.png
INFO: [ app_init ] --START--
INFO: Run Behavior\BuildLiteBehavior [ RunTime:0.000000s ]
INFO: [ app_init ] --END-- [ RunTime:0.000000s ]

[ 2018-01-10T11:41:16+08:00 ] 127.0.0.1 /index.php/Home/user/__PUBLIC/images/wechat-g.png
INFO: [ app_init ] --START--
INFO: Run Behavior\BuildLiteBehavior [ RunTime:0.000000s ]
INFO: [ app_init ] --END-- [ RunTime:0.000000s ]

[ 2018-01-10T11:43:09+08:00 ] 127.0.0.1 /index.php/Home/user/install.html
INFO: [ app_init ] --START--
INFO: Run Behavior\BuildLiteBehavior [ RunTime:0.000000s ]
INFO: [ app_init ] --END-- [ RunTime:0.001000s ]

[ 2018-01-10T11:43:10+08:00 ] 127.0.0.1 /index.php/Home/user/__PUBLIC/images/wechat-g.png
INFO: [ app_init ] --START--
INFO: Run Behavior\BuildLiteBehavior [ RunTime:0.000000s ]
INFO: [ app_init ] --END-- [ RunTime:0.001000s ]

[ 2018-01-10T11:50:13+08:00 ] 127.0.0.1 /index.php/Home/user/install.html
INFO: [ app_init ] --START--
INFO: Run Behavior\BuildLiteBehavior [ RunTime:0.000000s ]
INFO: [ app_init ] --END-- [ RunTime:0.001000s ]

[ 2018-01-10T11:50:14+08:00 ] 127.0.0.1 /index.php/Home/user/__PUBLIC/images/wechat-g.png
INFO: [ app_init ] --START--
INFO: Run Behavior\BuildLiteBehavior [ RunTime:0.000000s ]
INFO: [ app_init ] --END-- [ RunTime:0.001000s ]

[ 2018-01-10T14:21:46+08:00 ] 127.0.0.1 /index.php/Home/user/install.html
INFO: [ app_init ] --START--
INFO: Run Behavior\BuildLiteBehavior [ RunTime:0.000000s ]
INFO: [ app_init ] --END-- [ RunTime:0.002000s ]

[ 2018-01-10T14:21:46+08:00 ] 127.0.0.1 /index.php/Home/user/__PUBLIC/images/wechat-g.png
INFO: [ app_init ] --START--
INFO: Run Behavior\BuildLiteBehavior [ RunTime:0.000000s ]
INFO: [ app_init ] --END-- [ RunTime:0.001000s ]

[ 2018-01-10T14:27:35+08:00 ] 127.0.0.1 /index.php/Home/user/upload.html
INFO: [ app_init ] --START--
INFO: Run Behavior\BuildLiteBehavior [ RunTime:0.000000s ]
INFO: [ app_init ] --END-- [ RunTime:0.000000s ]

[ 2018-01-10T14:27:37+08:00 ] 127.0.0.1 /index.php/Home/user/%E4%B8%8A%E4%BC%A0%E4%BD%9C%E5%93%81%20-%20%E5%8D%83%E5%9B%BE%E7%BD%91_files/WKGhPaT9sbkzv9TCKpqn1ib3k4QlMorEWicwdsaGaDCLXMYUyicMX6bzXEWeYlo0IdaD
INFO: [ app_init ] --START--
INFO: Run Behavior\BuildLiteBehavior [ RunTime:0.000000s ]
INFO: [ app_init ] --END-- [ RunTime:0.001000s ]
ERR: 非法操作:上传作品 - 千图网_files

[ 2018-01-10T14:27:37+08:00 ] 127.0.0.1 /index.php/Home/user/%E4%B8%8A%E4%BC%A0%E4%BD%9C%E5%93%81%20-%20%20%20%20%20%20%20%20%20%20%20%20%20%20%20%20%20%20%20%20%20%20%20%20%20%20%20%20%20%20%20%20%20%20%20%20%20%20%20%20%20%20%20%20%20%20%20%20%20%20%20%20%20%20%20%20%20%20%20%20%20%20%20%E5%8D%83%E5%9B%BE%E7%BD%91_files/WKGhPaT9sbkzv9TCKpqn1ib3k4QlMorEWicwdsaGaDCLXMYUyicMX6bzXEWeYlo0IdaD
INFO: [ app_init ] --START--
INFO: Run Behavior\BuildLiteBehavior [ RunTime:0.000000s ]
INFO: [ app_init ] --END-- [ RunTime:0.000000s ]
ERR: 非法操作:上传作品 -                                                               千图网_files

[ 2018-01-10T14:27:43+08:00 ] 127.0.0.1 /index.php/Home/User/usercenter.html
INFO: [ app_init ] --START--
INFO: Run Behavior\BuildLiteBehavior [ RunTime:0.000000s ]
INFO: [ app_init ] --END-- [ RunTime:0.000000s ]

[ 2018-01-10T14:27:43+08:00 ] 127.0.0.1 /index.php/Home/User/__PUBLIC/images/wechat-g.png
INFO: [ app_init ] --START--
INFO: Run Behavior\BuildLiteBehavior [ RunTime:0.000000s ]
INFO: [ app_init ] --END-- [ RunTime:0.000000s ]

[ 2018-01-10T14:27:45+08:00 ] 127.0.0.1 /index.php/Home/user/install.html
INFO: [ app_init ] --START--
INFO: Run Behavior\BuildLiteBehavior [ RunTime:0.000000s ]
INFO: [ app_init ] --END-- [ RunTime:0.000000s ]

[ 2018-01-10T14:27:45+08:00 ] 127.0.0.1 /index.php/Home/user/__PUBLIC/images/wechat-g.png
INFO: [ app_init ] --START--
INFO: Run Behavior\BuildLiteBehavior [ RunTime:0.000000s ]
INFO: [ app_init ] --END-- [ RunTime:0.001000s ]

[ 2018-01-10T14:32:26+08:00 ] 127.0.0.1 /index.php/Home/user/install.html
INFO: [ app_init ] --START--
INFO: Run Behavior\BuildLiteBehavior [ RunTime:0.000000s ]
INFO: [ app_init ] --END-- [ RunTime:0.001000s ]

[ 2018-01-10T14:32:26+08:00 ] 127.0.0.1 /index.php/Home/user/__PUBLIC/images/wechat-g.png
INFO: [ app_init ] --START--
INFO: Run Behavior\BuildLiteBehavior [ RunTime:0.000000s ]
INFO: [ app_init ] --END-- [ RunTime:0.000000s ]

[ 2018-01-10T14:32:26+08:00 ] 127.0.0.1 /index.php/Home/user/install.html
INFO: [ app_init ] --START--
INFO: Run Behavior\BuildLiteBehavior [ RunTime:0.000000s ]
INFO: [ app_init ] --END-- [ RunTime:0.000000s ]

[ 2018-01-10T14:32:26+08:00 ] 127.0.0.1 /index.php/Home/user/__PUBLIC/images/wechat-g.png
INFO: [ app_init ] --START--
INFO: Run Behavior\BuildLiteBehavior [ RunTime:0.000000s ]
INFO: [ app_init ] --END-- [ RunTime:0.001000s ]

[ 2018-01-10T14:32:27+08:00 ] 127.0.0.1 /index.php/Home/user/install.html
INFO: [ app_init ] --START--
INFO: Run Behavior\BuildLiteBehavior [ RunTime:0.000000s ]
INFO: [ app_init ] --END-- [ RunTime:0.001000s ]

[ 2018-01-10T14:32:27+08:00 ] 127.0.0.1 /index.php/Home/user/__PUBLIC/images/wechat-g.png
INFO: [ app_init ] --START--
INFO: Run Behavior\BuildLiteBehavior [ RunTime:0.000000s ]
INFO: [ app_init ] --END-- [ RunTime:0.000000s ]

[ 2018-01-10T14:36:05+08:00 ] 127.0.0.1 /index.php/Home/user/install.html
INFO: [ app_init ] --START--
INFO: Run Behavior\BuildLiteBehavior [ RunTime:0.000000s ]
INFO: [ app_init ] --END-- [ RunTime:0.001000s ]

[ 2018-01-10T14:36:05+08:00 ] 127.0.0.1 /index.php/Home/user/__PUBLIC/images/wechat-g.png
INFO: [ app_init ] --START--
INFO: Run Behavior\BuildLiteBehavior [ RunTime:0.000000s ]
INFO: [ app_init ] --END-- [ RunTime:0.000000s ]

[ 2018-01-10T14:38:07+08:00 ] 127.0.0.1 /index.php/Home/User/user.html
INFO: [ app_init ] --START--
INFO: Run Behavior\BuildLiteBehavior [ RunTime:0.000000s ]
INFO: [ app_init ] --END-- [ RunTime:0.000000s ]

[ 2018-01-10T14:38:07+08:00 ] 127.0.0.1 /index.php/Home/User/user.html
INFO: [ app_init ] --START--
INFO: Run Behavior\BuildLiteBehavior [ RunTime:0.000000s ]
INFO: [ app_init ] --END-- [ RunTime:0.000000s ]

[ 2018-01-10T14:38:08+08:00 ] 127.0.0.1 /index.php/Home/User/%E4%B8%8A%E4%BC%A0%E4%BD%9C%E5%93%81%20-%20%E5%8D%83%E5%9B%BE%E7%BD%91_files/WKGhPaT9sbkzv9TCKpqn1ib3k4QlMorEWicwdsaGaDCLXMYUyicMX6bzXEWeYlo0IdaD
INFO: [ app_init ] --START--
INFO: Run Behavior\BuildLiteBehavior [ RunTime:0.000000s ]
INFO: [ app_init ] --END-- [ RunTime:0.001000s ]
ERR: 非法操作:上传作品 - 千图网_files

[ 2018-01-10T14:38:08+08:00 ] 127.0.0.1 /index.php/Home/User/%E4%B8%8A%E4%BC%A0%E4%BD%9C%E5%93%81%20-%20%20%20%20%20%20%20%20%20%20%20%20%20%20%20%20%20%20%20%20%20%20%20%20%20%20%20%20%20%20%20%20%20%20%20%20%20%20%20%20%20%20%20%20%20%20%20%20%20%20%20%20%20%20%20%20%20%20%20%20%20%20%20%E5%8D%83%E5%9B%BE%E7%BD%91_files/WKGhPaT9sbkzv9TCKpqn1ib3k4QlMorEWicwdsaGaDCLXMYUyicMX6bzXEWeYlo0IdaD
INFO: [ app_init ] --START--
INFO: Run Behavior\BuildLiteBehavior [ RunTime:0.000000s ]
INFO: [ app_init ] --END-- [ RunTime:0.000000s ]
ERR: 非法操作:上传作品 -                                                               千图网_files

[ 2018-01-10T14:38:08+08:00 ] 127.0.0.1 /index.php/Home/User/usercenter.html
INFO: [ app_init ] --START--
INFO: Run Behavior\BuildLiteBehavior [ RunTime:0.000000s ]
INFO: [ app_init ] --END-- [ RunTime:0.000000s ]

[ 2018-01-10T14:38:08+08:00 ] 127.0.0.1 /index.php/Home/User/__PUBLIC/images/wechat-g.png
INFO: [ app_init ] --START--
INFO: Run Behavior\BuildLiteBehavior [ RunTime:0.000000s ]
INFO: [ app_init ] --END-- [ RunTime:0.000000s ]

[ 2018-01-10T14:38:12+08:00 ] 127.0.0.1 /index.php/Home/user/install.html
INFO: [ app_init ] --START--
INFO: Run Behavior\BuildLiteBehavior [ RunTime:0.000000s ]
INFO: [ app_init ] --END-- [ RunTime:0.000000s ]

[ 2018-01-10T14:38:12+08:00 ] 127.0.0.1 /index.php/Home/user/__PUBLIC/images/wechat-g.png
INFO: [ app_init ] --START--
INFO: Run Behavior\BuildLiteBehavior [ RunTime:0.000000s ]
INFO: [ app_init ] --END-- [ RunTime:0.000000s ]

[ 2018-01-10T14:38:13+08:00 ] 127.0.0.1 /index.php/Home/user/upload.html
INFO: [ app_init ] --START--
INFO: Run Behavior\BuildLiteBehavior [ RunTime:0.000000s ]
INFO: [ app_init ] --END-- [ RunTime:0.000000s ]

[ 2018-01-10T14:38:14+08:00 ] 127.0.0.1 /index.php/Home/user/%E4%B8%8A%E4%BC%A0%E4%BD%9C%E5%93%81%20-%20%E5%8D%83%E5%9B%BE%E7%BD%91_files/WKGhPaT9sbkzv9TCKpqn1ib3k4QlMorEWicwdsaGaDCLXMYUyicMX6bzXEWeYlo0IdaD
INFO: [ app_init ] --START--
INFO: Run Behavior\BuildLiteBehavior [ RunTime:0.000000s ]
INFO: [ app_init ] --END-- [ RunTime:0.000000s ]
ERR: 非法操作:上传作品 - 千图网_files

[ 2018-01-10T14:38:14+08:00 ] 127.0.0.1 /index.php/Home/user/%E4%B8%8A%E4%BC%A0%E4%BD%9C%E5%93%81%20-%20%20%20%20%20%20%20%20%20%20%20%20%20%20%20%20%20%20%20%20%20%20%20%20%20%20%20%20%20%20%20%20%20%20%20%20%20%20%20%20%20%20%20%20%20%20%20%20%20%20%20%20%20%20%20%20%20%20%20%20%20%20%20%E5%8D%83%E5%9B%BE%E7%BD%91_files/WKGhPaT9sbkzv9TCKpqn1ib3k4QlMorEWicwdsaGaDCLXMYUyicMX6bzXEWeYlo0IdaD
INFO: [ app_init ] --START--
INFO: Run Behavior\BuildLiteBehavior [ RunTime:0.000000s ]
INFO: [ app_init ] --END-- [ RunTime:0.001000s ]
ERR: 非法操作:上传作品 -                                                               千图网_files

[ 2018-01-10T14:38:15+08:00 ] 127.0.0.1 /index.php/Home/User/usercenter.html
INFO: [ app_init ] --START--
INFO: Run Behavior\BuildLiteBehavior [ RunTime:0.000000s ]
INFO: [ app_init ] --END-- [ RunTime:0.001000s ]

[ 2018-01-10T14:38:15+08:00 ] 127.0.0.1 /index.php/Home/User/__PUBLIC/images/wechat-g.png
INFO: [ app_init ] --START--
INFO: Run Behavior\BuildLiteBehavior [ RunTime:0.000000s ]
INFO: [ app_init ] --END-- [ RunTime:0.000000s ]

[ 2018-01-10T14:38:17+08:00 ] 127.0.0.1 /index.php/Home/user/resume.html
INFO: [ app_init ] --START--
INFO: Run Behavior\BuildLiteBehavior [ RunTime:0.000000s ]
INFO: [ app_init ] --END-- [ RunTime:0.000000s ]

[ 2018-01-10T14:38:17+08:00 ] 127.0.0.1 /index.php/Home/user/__PUBLIC/images/wechat-g.png
INFO: [ app_init ] --START--
INFO: Run Behavior\BuildLiteBehavior [ RunTime:0.000000s ]
INFO: [ app_init ] --END-- [ RunTime:0.000000s ]

[ 2018-01-10T14:42:33+08:00 ] 127.0.0.1 /index.php/Home/user/resume.html
INFO: [ app_init ] --START--
INFO: Run Behavior\BuildLiteBehavior [ RunTime:0.000000s ]
INFO: [ app_init ] --END-- [ RunTime:0.001000s ]

[ 2018-01-10T14:42:33+08:00 ] 127.0.0.1 /index.php/Home/user/__PUBLIC/images/wechat-g.png
INFO: [ app_init ] --START--
INFO: Run Behavior\BuildLiteBehavior [ RunTime:0.000000s ]
INFO: [ app_init ] --END-- [ RunTime:0.000000s ]

[ 2018-01-10T14:42:33+08:00 ] 127.0.0.1 /index.php/Home/user/__PUBLIC/images/wechat-g.png
INFO: [ app_init ] --START--
INFO: Run Behavior\BuildLiteBehavior [ RunTime:0.000000s ]
INFO: [ app_init ] --END-- [ RunTime:0.000000s ]

[ 2018-01-10T14:42:38+08:00 ] 127.0.0.1 /index.php/Home/user/usercenter.html
INFO: [ app_init ] --START--
INFO: Run Behavior\BuildLiteBehavior [ RunTime:0.000000s ]
INFO: [ app_init ] --END-- [ RunTime:0.000000s ]

[ 2018-01-10T14:42:38+08:00 ] 127.0.0.1 /index.php/Home/user/__PUBLIC/images/wechat-g.png
INFO: [ app_init ] --START--
INFO: Run Behavior\BuildLiteBehavior [ RunTime:0.000000s ]
INFO: [ app_init ] --END-- [ RunTime:0.000000s ]

[ 2018-01-10T14:42:41+08:00 ] 127.0.0.1 /index.php/Home/user/install.html
INFO: [ app_init ] --START--
INFO: Run Behavior\BuildLiteBehavior [ RunTime:0.000000s ]
INFO: [ app_init ] --END-- [ RunTime:0.000000s ]

[ 2018-01-10T14:42:41+08:00 ] 127.0.0.1 /index.php/Home/user/__PUBLIC/images/wechat-g.png
INFO: [ app_init ] --START--
INFO: Run Behavior\BuildLiteBehavior [ RunTime:0.000000s ]
INFO: [ app_init ] --END-- [ RunTime:0.000000s ]

[ 2018-01-10T14:42:43+08:00 ] 127.0.0.1 /index.php/Home/user/install.html
INFO: [ app_init ] --START--
INFO: Run Behavior\BuildLiteBehavior [ RunTime:0.000000s ]
INFO: [ app_init ] --END-- [ RunTime:0.000000s ]

[ 2018-01-10T14:42:43+08:00 ] 127.0.0.1 /index.php/Home/user/__PUBLIC/images/wechat-g.png
INFO: [ app_init ] --START--
INFO: Run Behavior\BuildLiteBehavior [ RunTime:0.000000s ]
INFO: [ app_init ] --END-- [ RunTime:0.000000s ]

[ 2018-01-10T14:42:43+08:00 ] 127.0.0.1 /index.php/Home/user/__PUBLIC/images/wechat-g.png
INFO: [ app_init ] --START--
INFO: Run Behavior\BuildLiteBehavior [ RunTime:0.000000s ]
INFO: [ app_init ] --END-- [ RunTime:0.000000s ]

[ 2018-01-10T14:43:13+08:00 ] 127.0.0.1 /index.php/Home/user/install.html
INFO: [ app_init ] --START--
INFO: Run Behavior\BuildLiteBehavior [ RunTime:0.000000s ]
INFO: [ app_init ] --END-- [ RunTime:0.000000s ]

[ 2018-01-10T14:43:13+08:00 ] 127.0.0.1 /index.php/Home/user/__PUBLIC/images/wechat-g.png
INFO: [ app_init ] --START--
INFO: Run Behavior\BuildLiteBehavior [ RunTime:0.000000s ]
INFO: [ app_init ] --END-- [ RunTime:0.000000s ]

[ 2018-01-10T14:43:13+08:00 ] 127.0.0.1 /index.php/Home/user/__PUBLIC/images/wechat-g.png
INFO: [ app_init ] --START--
INFO: Run Behavior\BuildLiteBehavior [ RunTime:0.000000s ]
INFO: [ app_init ] --END-- [ RunTime:0.001000s ]

[ 2018-01-10T14:43:18+08:00 ] 127.0.0.1 /index.php/Home/user/upload.html
INFO: [ app_init ] --START--
INFO: Run Behavior\BuildLiteBehavior [ RunTime:0.000000s ]
INFO: [ app_init ] --END-- [ RunTime:0.001000s ]

[ 2018-01-10T14:43:19+08:00 ] 127.0.0.1 /index.php/Home/user/%E4%B8%8A%E4%BC%A0%E4%BD%9C%E5%93%81%20-%20%E5%8D%83%E5%9B%BE%E7%BD%91_files/WKGhPaT9sbkzv9TCKpqn1ib3k4QlMorEWicwdsaGaDCLXMYUyicMX6bzXEWeYlo0IdaD
INFO: [ app_init ] --START--
INFO: Run Behavior\BuildLiteBehavior [ RunTime:0.000000s ]
INFO: [ app_init ] --END-- [ RunTime:0.000000s ]
ERR: 非法操作:上传作品 - 千图网_files

[ 2018-01-10T14:43:19+08:00 ] 127.0.0.1 /index.php/Home/user/%E4%B8%8A%E4%BC%A0%E4%BD%9C%E5%93%81%20-%20%20%20%20%20%20%20%20%20%20%20%20%20%20%20%20%20%20%20%20%20%20%20%20%20%20%20%20%20%20%20%20%20%20%20%20%20%20%20%20%20%20%20%20%20%20%20%20%20%20%20%20%20%20%20%20%20%20%20%20%20%20%20%E5%8D%83%E5%9B%BE%E7%BD%91_files/WKGhPaT9sbkzv9TCKpqn1ib3k4QlMorEWicwdsaGaDCLXMYUyicMX6bzXEWeYlo0IdaD
INFO: [ app_init ] --START--
INFO: Run Behavior\BuildLiteBehavior [ RunTime:0.000000s ]
INFO: [ app_init ] --END-- [ RunTime:0.001000s ]
ERR: 非法操作:上传作品 -                                                               千图网_files

[ 2018-01-10T14:43:21+08:00 ] 127.0.0.1 /index.php/Home/User/usercenter.html
INFO: [ app_init ] --START--
INFO: Run Behavior\BuildLiteBehavior [ RunTime:0.000000s ]
INFO: [ app_init ] --END-- [ RunTime:0.000000s ]

[ 2018-01-10T14:43:21+08:00 ] 127.0.0.1 /index.php/Home/User/__PUBLIC/images/wechat-g.png
INFO: [ app_init ] --START--
INFO: Run Behavior\BuildLiteBehavior [ RunTime:0.000000s ]
INFO: [ app_init ] --END-- [ RunTime:0.000000s ]

[ 2018-01-10T14:43:21+08:00 ] 127.0.0.1 /index.php/Home/User/__PUBLIC/images/wechat-g.png
INFO: [ app_init ] --START--
INFO: Run Behavior\BuildLiteBehavior [ RunTime:0.000000s ]
INFO: [ app_init ] --END-- [ RunTime:0.000000s ]

[ 2018-01-10T14:43:29+08:00 ] 127.0.0.1 /index.php/Home/user/resume.html
INFO: [ app_init ] --START--
INFO: Run Behavior\BuildLiteBehavior [ RunTime:0.000000s ]
INFO: [ app_init ] --END-- [ RunTime:0.000000s ]

[ 2018-01-10T14:43:29+08:00 ] 127.0.0.1 /index.php/Home/user/__PUBLIC/images/wechat-g.png
INFO: [ app_init ] --START--
INFO: Run Behavior\BuildLiteBehavior [ RunTime:0.000000s ]
INFO: [ app_init ] --END-- [ RunTime:0.001000s ]

[ 2018-01-10T14:43:29+08:00 ] 127.0.0.1 /index.php/Home/user/__PUBLIC/images/wechat-g.png
INFO: [ app_init ] --START--
INFO: Run Behavior\BuildLiteBehavior [ RunTime:0.000000s ]
INFO: [ app_init ] --END-- [ RunTime:0.001000s ]

[ 2018-01-10T14:49:58+08:00 ] 127.0.0.1 /index.php/Home/public/resume.html
INFO: [ app_init ] --START--
INFO: Run Behavior\BuildLiteBehavior [ RunTime:0.000000s ]
INFO: [ app_init ] --END-- [ RunTime:0.000000s ]
ERR: 无法加载控制器:Public

[ 2018-01-10T14:50:06+08:00 ] 127.0.0.1 /index.php/Home/User/head
INFO: [ app_init ] --START--
INFO: Run Behavior\BuildLiteBehavior [ RunTime:0.000000s ]
INFO: [ app_init ] --END-- [ RunTime:0.000000s ]

[ 2018-01-10T14:50:06+08:00 ] 127.0.0.1 /index.php/Home/User/__PUBLIC/images/wechat-g.png
INFO: [ app_init ] --START--
INFO: Run Behavior\BuildLiteBehavior [ RunTime:0.000000s ]
INFO: [ app_init ] --END-- [ RunTime:0.000000s ]

[ 2018-01-10T14:50:06+08:00 ] 127.0.0.1 /index.php/Home/User/__PUBLIC/images/wechat-g.png
INFO: [ app_init ] --START--
INFO: Run Behavior\BuildLiteBehavior [ RunTime:0.000000s ]
INFO: [ app_init ] --END-- [ RunTime:0.001000s ]

[ 2018-01-10T14:50:11+08:00 ] 127.0.0.1 /index.php/Home/user/resume.html
INFO: [ app_init ] --START--
INFO: Run Behavior\BuildLiteBehavior [ RunTime:0.000000s ]
INFO: [ app_init ] --END-- [ RunTime:0.000000s ]

[ 2018-01-10T14:50:11+08:00 ] 127.0.0.1 /index.php/Home/user/__PUBLIC/images/wechat-g.png
INFO: [ app_init ] --START--
INFO: Run Behavior\BuildLiteBehavior [ RunTime:0.000000s ]
INFO: [ app_init ] --END-- [ RunTime:0.000000s ]

[ 2018-01-10T14:50:11+08:00 ] 127.0.0.1 /index.php/Home/user/__PUBLIC/images/wechat-g.png
INFO: [ app_init ] --START--
INFO: Run Behavior\BuildLiteBehavior [ RunTime:0.000000s ]
INFO: [ app_init ] --END-- [ RunTime:0.001000s ]

[ 2018-01-10T14:50:21+08:00 ] 127.0.0.1 /index.php/Home/user/install.html
INFO: [ app_init ] --START--
INFO: Run Behavior\BuildLiteBehavior [ RunTime:0.000000s ]
INFO: [ app_init ] --END-- [ RunTime:0.000000s ]

[ 2018-01-10T14:50:21+08:00 ] 127.0.0.1 /index.php/Home/user/__PUBLIC/images/wechat-g.png
INFO: [ app_init ] --START--
INFO: Run Behavior\BuildLiteBehavior [ RunTime:0.000000s ]
INFO: [ app_init ] --END-- [ RunTime:0.000000s ]

[ 2018-01-10T14:50:21+08:00 ] 127.0.0.1 /index.php/Home/user/__PUBLIC/images/wechat-g.png
INFO: [ app_init ] --START--
INFO: Run Behavior\BuildLiteBehavior [ RunTime:0.000000s ]
INFO: [ app_init ] --END-- [ RunTime:0.001000s ]

[ 2018-01-10T14:50:35+08:00 ] 127.0.0.1 /index.php/Home/user/install.html
INFO: [ app_init ] --START--
INFO: Run Behavior\BuildLiteBehavior [ RunTime:0.000000s ]
INFO: [ app_init ] --END-- [ RunTime:0.000000s ]

[ 2018-01-10T14:50:35+08:00 ] 127.0.0.1 /index.php/Home/user/__PUBLIC/images/wechat-g.png
INFO: [ app_init ] --START--
INFO: Run Behavior\BuildLiteBehavior [ RunTime:0.000000s ]
INFO: [ app_init ] --END-- [ RunTime:0.000000s ]

[ 2018-01-10T14:50:36+08:00 ] 127.0.0.1 /index.php/Home/user/__PUBLIC/images/wechat-g.png
INFO: [ app_init ] --START--
INFO: Run Behavior\BuildLiteBehavior [ RunTime:0.000000s ]
INFO: [ app_init ] --END-- [ RunTime:0.001000s ]

[ 2018-01-10T14:51:06+08:00 ] 127.0.0.1 /index.php/Home/user/install.html
INFO: [ app_init ] --START--
INFO: Run Behavior\BuildLiteBehavior [ RunTime:0.000000s ]
INFO: [ app_init ] --END-- [ RunTime:0.000000s ]

[ 2018-01-10T14:51:06+08:00 ] 127.0.0.1 /index.php/Home/user/__PUBLIC/images/wechat-g.png
INFO: [ app_init ] --START--
INFO: Run Behavior\BuildLiteBehavior [ RunTime:0.001000s ]
INFO: [ app_init ] --END-- [ RunTime:0.001000s ]

[ 2018-01-10T14:51:16+08:00 ] 127.0.0.1 /index.php/Home/user/install.html
INFO: [ app_init ] --START--
INFO: Run Behavior\BuildLiteBehavior [ RunTime:0.000000s ]
INFO: [ app_init ] --END-- [ RunTime:0.000000s ]

[ 2018-01-10T14:51:16+08:00 ] 127.0.0.1 /index.php/Home/user/__PUBLIC/images/wechat-g.png
INFO: [ app_init ] --START--
INFO: Run Behavior\BuildLiteBehavior [ RunTime:0.000000s ]
INFO: [ app_init ] --END-- [ RunTime:0.000000s ]

[ 2018-01-10T14:51:16+08:00 ] 127.0.0.1 /index.php/Home/user/__PUBLIC/images/wechat-g.png
INFO: [ app_init ] --START--
INFO: Run Behavior\BuildLiteBehavior [ RunTime:0.000000s ]
INFO: [ app_init ] --END-- [ RunTime:0.001000s ]

[ 2018-01-10T14:51:37+08:00 ] 127.0.0.1 /index.php/Home/user/resume.html
INFO: [ app_init ] --START--
INFO: Run Behavior\BuildLiteBehavior [ RunTime:0.000000s ]
INFO: [ app_init ] --END-- [ RunTime:0.000000s ]

[ 2018-01-10T14:51:37+08:00 ] 127.0.0.1 /index.php/Home/user/__PUBLIC/images/wechat-g.png
INFO: [ app_init ] --START--
INFO: Run Behavior\BuildLiteBehavior [ RunTime:0.000000s ]
INFO: [ app_init ] --END-- [ RunTime:0.000000s ]

[ 2018-01-10T14:51:37+08:00 ] 127.0.0.1 /index.php/Home/user/__PUBLIC/images/wechat-g.png
INFO: [ app_init ] --START--
INFO: Run Behavior\BuildLiteBehavior [ RunTime:0.000000s ]
INFO: [ app_init ] --END-- [ RunTime:0.001000s ]

[ 2018-01-10T14:53:48+08:00 ] 127.0.0.1 /index.php/Home/user/resume.html
INFO: [ app_init ] --START--
INFO: Run Behavior\BuildLiteBehavior [ RunTime:0.000000s ]
INFO: [ app_init ] --END-- [ RunTime:0.000000s ]

[ 2018-01-10T14:53:49+08:00 ] 127.0.0.1 /index.php/Home/user/__PUBLIC/images/wechat-g.png
INFO: [ app_init ] --START--
INFO: Run Behavior\BuildLiteBehavior [ RunTime:0.000000s ]
INFO: [ app_init ] --END-- [ RunTime:0.000000s ]

[ 2018-01-10T14:53:50+08:00 ] 127.0.0.1 /index.php/Home/user/install.html
INFO: [ app_init ] --START--
INFO: Run Behavior\BuildLiteBehavior [ RunTime:0.000000s ]
INFO: [ app_init ] --END-- [ RunTime:0.000000s ]

[ 2018-01-10T14:53:50+08:00 ] 127.0.0.1 /index.php/Home/user/__PUBLIC/images/wechat-g.png
INFO: [ app_init ] --START--
INFO: Run Behavior\BuildLiteBehavior [ RunTime:0.000000s ]
INFO: [ app_init ] --END-- [ RunTime:0.000000s ]

[ 2018-01-10T15:13:34+08:00 ] 127.0.0.1 /index.php/Home/user/install.html
INFO: [ app_init ] --START--
INFO: Run Behavior\BuildLiteBehavior [ RunTime:0.000000s ]
INFO: [ app_init ] --END-- [ RunTime:0.000000s ]

[ 2018-01-10T15:13:34+08:00 ] 127.0.0.1 /index.php/Home/user/__PUBLIC/images/wechat-g.png
INFO: [ app_init ] --START--
INFO: Run Behavior\BuildLiteBehavior [ RunTime:0.000000s ]
INFO: [ app_init ] --END-- [ RunTime:0.000000s ]

[ 2018-01-10T15:13:34+08:00 ] 127.0.0.1 /index.php/Home/user/__PUBLIC/images/wechat-g.png
INFO: [ app_init ] --START--
INFO: Run Behavior\BuildLiteBehavior [ RunTime:0.000000s ]
INFO: [ app_init ] --END-- [ RunTime:0.000000s ]

[ 2018-01-10T15:15:32+08:00 ] 127.0.0.1 /index.php/Home/user/install.html
INFO: [ app_init ] --START--
INFO: Run Behavior\BuildLiteBehavior [ RunTime:0.000000s ]
INFO: [ app_init ] --END-- [ RunTime:0.000000s ]

[ 2018-01-10T15:15:32+08:00 ] 127.0.0.1 /index.php/Home/user/__PUBLIC/images/wechat-g.png
INFO: [ app_init ] --START--
INFO: Run Behavior\BuildLiteBehavior [ RunTime:0.000000s ]
INFO: [ app_init ] --END-- [ RunTime:0.000000s ]

[ 2018-01-10T15:15:32+08:00 ] 127.0.0.1 /index.php/Home/user/__PUBLIC/images/wechat-g.png
INFO: [ app_init ] --START--
INFO: Run Behavior\BuildLiteBehavior [ RunTime:0.000000s ]
INFO: [ app_init ] --END-- [ RunTime:0.000000s ]

[ 2018-01-10T15:16:15+08:00 ] 127.0.0.1 /index.php/Home/user/install.html
INFO: [ app_init ] --START--
INFO: Run Behavior\BuildLiteBehavior [ RunTime:0.000000s ]
INFO: [ app_init ] --END-- [ RunTime:0.001000s ]

[ 2018-01-10T15:16:15+08:00 ] 127.0.0.1 /index.php/Home/user/__PUBLIC/images/wechat-g.png
INFO: [ app_init ] --START--
INFO: Run Behavior\BuildLiteBehavior [ RunTime:0.000000s ]
INFO: [ app_init ] --END-- [ RunTime:0.000000s ]

[ 2018-01-10T15:16:15+08:00 ] 127.0.0.1 /index.php/Home/user/__PUBLIC/images/wechat-g.png
INFO: [ app_init ] --START--
INFO: Run Behavior\BuildLiteBehavior [ RunTime:0.000000s ]
INFO: [ app_init ] --END-- [ RunTime:0.000000s ]

[ 2018-01-10T15:17:15+08:00 ] 127.0.0.1 /index.php/Home/user/install.html
INFO: [ app_init ] --START--
INFO: Run Behavior\BuildLiteBehavior [ RunTime:0.000000s ]
INFO: [ app_init ] --END-- [ RunTime:0.000000s ]

[ 2018-01-10T15:17:15+08:00 ] 127.0.0.1 /index.php/Home/user/__PUBLIC/images/wechat-g.png
INFO: [ app_init ] --START--
INFO: Run Behavior\BuildLiteBehavior [ RunTime:0.000000s ]
INFO: [ app_init ] --END-- [ RunTime:0.000000s ]

[ 2018-01-10T15:17:15+08:00 ] 127.0.0.1 /index.php/Home/user/__PUBLIC/images/wechat-g.png
INFO: [ app_init ] --START--
INFO: Run Behavior\BuildLiteBehavior [ RunTime:0.000000s ]
INFO: [ app_init ] --END-- [ RunTime:0.000000s ]

[ 2018-01-10T15:28:32+08:00 ] 127.0.0.1 /index.php/Home/user/install.html
INFO: [ app_init ] --START--
INFO: Run Behavior\BuildLiteBehavior [ RunTime:0.000000s ]
INFO: [ app_init ] --END-- [ RunTime:0.001000s ]

[ 2018-01-10T15:28:32+08:00 ] 127.0.0.1 /index.php/Home/user/__PUBLIC/images/wechat-g.png
INFO: [ app_init ] --START--
INFO: Run Behavior\BuildLiteBehavior [ RunTime:0.000000s ]
INFO: [ app_init ] --END-- [ RunTime:0.002000s ]

[ 2018-01-10T15:28:32+08:00 ] 127.0.0.1 /index.php/Home/user/__PUBLIC/images/wechat-g.png
INFO: [ app_init ] --START--
INFO: Run Behavior\BuildLiteBehavior [ RunTime:0.000000s ]
INFO: [ app_init ] --END-- [ RunTime:0.001000s ]

[ 2018-01-10T15:34:44+08:00 ] 127.0.0.1 /index.php/Home/user/install.html
INFO: [ app_init ] --START--
INFO: Run Behavior\BuildLiteBehavior [ RunTime:0.000000s ]
INFO: [ app_init ] --END-- [ RunTime:0.000000s ]

[ 2018-01-10T15:34:44+08:00 ] 127.0.0.1 /index.php/Home/user/__PUBLIC/images/wechat-g.png
INFO: [ app_init ] --START--
INFO: Run Behavior\BuildLiteBehavior [ RunTime:0.000000s ]
INFO: [ app_init ] --END-- [ RunTime:0.000000s ]

[ 2018-01-10T15:34:44+08:00 ] 127.0.0.1 /index.php/Home/user/__PUBLIC/images/wechat-g.png
INFO: [ app_init ] --START--
INFO: Run Behavior\BuildLiteBehavior [ RunTime:0.000000s ]
INFO: [ app_init ] --END-- [ RunTime:0.001000s ]

[ 2018-01-10T15:40:03+08:00 ] 127.0.0.1 /index.php/Home/user/install.html
INFO: [ app_init ] --START--
INFO: Run Behavior\BuildLiteBehavior [ RunTime:0.000000s ]
INFO: [ app_init ] --END-- [ RunTime:0.001000s ]

[ 2018-01-10T15:40:03+08:00 ] 127.0.0.1 /index.php/Home/user/__PUBLIC/images/wechat-g.png
INFO: [ app_init ] --START--
INFO: Run Behavior\BuildLiteBehavior [ RunTime:0.000000s ]
INFO: [ app_init ] --END-- [ RunTime:0.000000s ]

[ 2018-01-10T15:40:05+08:00 ] 127.0.0.1 /index.php/Home/user/install.html
INFO: [ app_init ] --START--
INFO: Run Behavior\BuildLiteBehavior [ RunTime:0.000000s ]
INFO: [ app_init ] --END-- [ RunTime:0.001000s ]

[ 2018-01-10T15:40:05+08:00 ] 127.0.0.1 /index.php/Home/user/__PUBLIC/images/wechat-g.png
INFO: [ app_init ] --START--
INFO: Run Behavior\BuildLiteBehavior [ RunTime:0.000000s ]
INFO: [ app_init ] --END-- [ RunTime:0.000000s ]

[ 2018-01-10T15:40:05+08:00 ] 127.0.0.1 /index.php/Home/user/__PUBLIC/images/wechat-g.png
INFO: [ app_init ] --START--
INFO: Run Behavior\BuildLiteBehavior [ RunTime:0.000000s ]
INFO: [ app_init ] --END-- [ RunTime:0.000000s ]

[ 2018-01-10T15:42:37+08:00 ] 127.0.0.1 /index.php/Home/user/install.html
INFO: [ app_init ] --START--
INFO: Run Behavior\BuildLiteBehavior [ RunTime:0.000000s ]
INFO: [ app_init ] --END-- [ RunTime:0.000000s ]

[ 2018-01-10T15:42:37+08:00 ] 127.0.0.1 /index.php/Home/user/__PUBLIC/images/wechat-g.png
INFO: [ app_init ] --START--
INFO: Run Behavior\BuildLiteBehavior [ RunTime:0.000000s ]
INFO: [ app_init ] --END-- [ RunTime:0.001000s ]

[ 2018-01-10T15:47:42+08:00 ] 127.0.0.1 /index.php/Home/user/install.html
INFO: [ app_init ] --START--
INFO: Run Behavior\BuildLiteBehavior [ RunTime:0.000000s ]
INFO: [ app_init ] --END-- [ RunTime:0.000000s ]

[ 2018-01-10T15:47:42+08:00 ] 127.0.0.1 /index.php/Home/user/__PUBLIC/images/wechat-g.png
INFO: [ app_init ] --START--
INFO: Run Behavior\BuildLiteBehavior [ RunTime:0.000000s ]
INFO: [ app_init ] --END-- [ RunTime:0.001000s ]

[ 2018-01-10T15:47:43+08:00 ] 127.0.0.1 /index.php/Home/user/__PUBLIC/images/wechat-g.png
INFO: [ app_init ] --START--
INFO: Run Behavior\BuildLiteBehavior [ RunTime:0.000000s ]
INFO: [ app_init ] --END-- [ RunTime:0.000000s ]

[ 2018-01-10T15:48:06+08:00 ] 127.0.0.1 /index.php/Home/user/install.html
INFO: [ app_init ] --START--
INFO: Run Behavior\BuildLiteBehavior [ RunTime:0.000000s ]
INFO: [ app_init ] --END-- [ RunTime:0.000000s ]

[ 2018-01-10T15:48:06+08:00 ] 127.0.0.1 /index.php/Home/user/__PUBLIC/images/wechat-g.png
INFO: [ app_init ] --START--
INFO: Run Behavior\BuildLiteBehavior [ RunTime:0.000000s ]
INFO: [ app_init ] --END-- [ RunTime:0.000000s ]

[ 2018-01-10T15:52:23+08:00 ] 127.0.0.1 /index.php/Home/user/install.html
INFO: [ app_init ] --START--
INFO: Run Behavior\BuildLiteBehavior [ RunTime:0.000000s ]
INFO: [ app_init ] --END-- [ RunTime:0.000000s ]

[ 2018-01-10T15:52:24+08:00 ] 127.0.0.1 /index.php/Home/user/__PUBLIC/images/wechat-g.png
INFO: [ app_init ] --START--
INFO: Run Behavior\BuildLiteBehavior [ RunTime:0.000000s ]
INFO: [ app_init ] --END-- [ RunTime:0.000000s ]

[ 2018-01-10T15:52:38+08:00 ] 127.0.0.1 /index.php/Home/user/__PUBLIC/images/wechat-g.png
INFO: [ app_init ] --START--
INFO: Run Behavior\BuildLiteBehavior [ RunTime:0.000000s ]
INFO: [ app_init ] --END-- [ RunTime:0.000000s ]

[ 2018-01-10T16:06:22+08:00 ] 127.0.0.1 /
INFO: [ app_init ] --START--
INFO: Run Behavior\BuildLiteBehavior [ RunTime:0.000000s ]
INFO: [ app_init ] --END-- [ RunTime:0.001000s ]

[ 2018-01-10T16:21:04+08:00 ] 127.0.0.1 /index.php/Home/User/usercenter.html
INFO: [ app_init ] --START--
INFO: Run Behavior\BuildLiteBehavior [ RunTime:0.000000s ]
INFO: [ app_init ] --END-- [ RunTime:0.018000s ]

[ 2018-01-10T16:21:07+08:00 ] 127.0.0.1 /index.php/Home/User/__PUBLIC/images/wechat-g.png
INFO: [ app_init ] --START--
INFO: Run Behavior\BuildLiteBehavior [ RunTime:0.000000s ]
INFO: [ app_init ] --END-- [ RunTime:0.000000s ]

[ 2018-01-10T16:21:09+08:00 ] 127.0.0.1 /index.php/Home/user/install.html
INFO: [ app_init ] --START--
INFO: Run Behavior\BuildLiteBehavior [ RunTime:0.000000s ]
INFO: [ app_init ] --END-- [ RunTime:0.000000s ]

[ 2018-01-10T16:21:09+08:00 ] 127.0.0.1 /index.php/Home/user/__PUBLIC/images/wechat-g.png
INFO: [ app_init ] --START--
INFO: Run Behavior\BuildLiteBehavior [ RunTime:0.000000s ]
INFO: [ app_init ] --END-- [ RunTime:0.000000s ]

[ 2018-01-10T16:31:02+08:00 ] 127.0.0.1 /
INFO: [ app_init ] --START--
INFO: Run Behavior\BuildLiteBehavior [ RunTime:0.000000s ]
INFO: [ app_init ] --END-- [ RunTime:0.000000s ]

[ 2018-01-10T16:42:40+08:00 ] 127.0.0.1 /index.php/Home/User/user.html
INFO: [ app_init ] --START--
INFO: Run Behavior\BuildLiteBehavior [ RunTime:0.000000s ]
INFO: [ app_init ] --END-- [ RunTime:0.000000s ]

[ 2018-01-10T16:42:42+08:00 ] 127.0.0.1 /index.php/Home/User/%E4%B8%8A%E4%BC%A0%E4%BD%9C%E5%93%81%20-%20%E5%8D%83%E5%9B%BE%E7%BD%91_files/WKGhPaT9sbkzv9TCKpqn1ib3k4QlMorEWicwdsaGaDCLXMYUyicMX6bzXEWeYlo0IdaD
INFO: [ app_init ] --START--
INFO: Run Behavior\BuildLiteBehavior [ RunTime:0.001000s ]
INFO: [ app_init ] --END-- [ RunTime:0.001000s ]
ERR: 非法操作:上传作品 - 千图网_files

[ 2018-01-10T16:42:42+08:00 ] 127.0.0.1 /index.php/Home/User/%E4%B8%8A%E4%BC%A0%E4%BD%9C%E5%93%81%20-%20%20%20%20%20%20%20%20%20%20%20%20%20%20%20%20%20%20%20%20%20%20%20%20%20%20%20%20%20%20%20%20%20%20%20%20%20%20%20%20%20%20%20%20%20%20%20%20%20%20%20%20%20%20%20%20%20%20%20%20%20%20%20%E5%8D%83%E5%9B%BE%E7%BD%91_files/WKGhPaT9sbkzv9TCKpqn1ib3k4QlMorEWicwdsaGaDCLXMYUyicMX6bzXEWeYlo0IdaD
INFO: [ app_init ] --START--
INFO: Run Behavior\BuildLiteBehavior [ RunTime:0.000000s ]
INFO: [ app_init ] --END-- [ RunTime:0.000000s ]
ERR: 非法操作:上传作品 -                                                               千图网_files

[ 2018-01-10T16:42:49+08:00 ] 127.0.0.1 /index.php/Home/User/usercenter.html
INFO: [ app_init ] --START--
INFO: Run Behavior\BuildLiteBehavior [ RunTime:0.000000s ]
INFO: [ app_init ] --END-- [ RunTime:0.000000s ]

[ 2018-01-10T16:42:49+08:00 ] 127.0.0.1 /index.php/Home/User/__PUBLIC/images/wechat-g.png
INFO: [ app_init ] --START--
INFO: Run Behavior\BuildLiteBehavior [ RunTime:0.000000s ]
INFO: [ app_init ] --END-- [ RunTime:0.000000s ]

[ 2018-01-10T16:42:49+08:00 ] 127.0.0.1 /index.php/Home/User/__PUBLIC/images/wechat-g.png
INFO: [ app_init ] --START--
INFO: Run Behavior\BuildLiteBehavior [ RunTime:0.000000s ]
INFO: [ app_init ] --END-- [ RunTime:0.001000s ]

[ 2018-01-10T16:42:52+08:00 ] 127.0.0.1 /index.php/Home/user/install.html
INFO: [ app_init ] --START--
INFO: Run Behavior\BuildLiteBehavior [ RunTime:0.000000s ]
INFO: [ app_init ] --END-- [ RunTime:0.000000s ]

[ 2018-01-10T16:42:52+08:00 ] 127.0.0.1 /index.php/Home/user/__PUBLIC/images/wechat-g.png
INFO: [ app_init ] --START--
INFO: Run Behavior\BuildLiteBehavior [ RunTime:0.000000s ]
INFO: [ app_init ] --END-- [ RunTime:0.000000s ]

[ 2018-01-10T16:42:55+08:00 ] 127.0.0.1 /index.php/Home/user/resume.html
INFO: [ app_init ] --START--
INFO: Run Behavior\BuildLiteBehavior [ RunTime:0.000000s ]
INFO: [ app_init ] --END-- [ RunTime:0.000000s ]

[ 2018-01-10T16:42:55+08:00 ] 127.0.0.1 /index.php/Home/user/__PUBLIC/images/wechat-g.png
INFO: [ app_init ] --START--
INFO: Run Behavior\BuildLiteBehavior [ RunTime:0.000000s ]
INFO: [ app_init ] --END-- [ RunTime:0.000000s ]

[ 2018-01-10T16:42:55+08:00 ] 127.0.0.1 /index.php/Home/user/__PUBLIC/images/wechat-g.png
INFO: [ app_init ] --START--
INFO: Run Behavior\BuildLiteBehavior [ RunTime:0.000000s ]
INFO: [ app_init ] --END-- [ RunTime:0.000000s ]

[ 2018-01-10T17:04:57+08:00 ] 127.0.0.1 /index.php/Home/user/resume.html
INFO: [ app_init ] --START--
INFO: Run Behavior\BuildLiteBehavior [ RunTime:0.000000s ]
INFO: [ app_init ] --END-- [ RunTime:0.007000s ]

[ 2018-01-10T17:04:58+08:00 ] 127.0.0.1 /index.php/Home/user/__PUBLIC/images/wechat-g.png
INFO: [ app_init ] --START--
INFO: Run Behavior\BuildLiteBehavior [ RunTime:0.000000s ]
INFO: [ app_init ] --END-- [ RunTime:0.001000s ]

[ 2018-01-10T17:04:59+08:00 ] 127.0.0.1 /index.php/Home/user/member.html?m=user&a=vipRecord
INFO: [ app_init ] --START--
INFO: Run Behavior\BuildLiteBehavior [ RunTime:0.000000s ]
INFO: [ app_init ] --END-- [ RunTime:0.000000s ]

[ 2018-01-10T17:04:59+08:00 ] 127.0.0.1 /index.php/Home/user/__PUBLIC/images/wechat-g.png
INFO: [ app_init ] --START--
INFO: Run Behavior\BuildLiteBehavior [ RunTime:0.000000s ]
INFO: [ app_init ] --END-- [ RunTime:0.000000s ]

[ 2018-01-10T17:05:02+08:00 ] 127.0.0.1 /index.php/Home/user/member.html?m=user&a=vipRecord
INFO: [ app_init ] --START--
INFO: Run Behavior\BuildLiteBehavior [ RunTime:0.000000s ]
INFO: [ app_init ] --END-- [ RunTime:0.000000s ]

[ 2018-01-10T17:05:02+08:00 ] 127.0.0.1 /index.php/Home/user/__PUBLIC/images/wechat-g.png
INFO: [ app_init ] --START--
INFO: Run Behavior\BuildLiteBehavior [ RunTime:0.000000s ]
INFO: [ app_init ] --END-- [ RunTime:0.000000s ]

[ 2018-01-10T17:05:06+08:00 ] 127.0.0.1 /index.php/Home/user/member.html?m=user&a=vipRecord
INFO: [ app_init ] --START--
INFO: Run Behavior\BuildLiteBehavior [ RunTime:0.000000s ]
INFO: [ app_init ] --END-- [ RunTime:0.000000s ]

[ 2018-01-10T17:05:06+08:00 ] 127.0.0.1 /index.php/Home/user/__PUBLIC/images/wechat-g.png
INFO: [ app_init ] --START--
INFO: Run Behavior\BuildLiteBehavior [ RunTime:0.000000s ]
INFO: [ app_init ] --END-- [ RunTime:0.000000s ]

[ 2018-01-10T17:05:06+08:00 ] 127.0.0.1 /index.php/Home/user/__PUBLIC/images/wechat-g.png
INFO: [ app_init ] --START--
INFO: Run Behavior\BuildLiteBehavior [ RunTime:0.000000s ]
INFO: [ app_init ] --END-- [ RunTime:0.000000s ]

[ 2018-01-10T17:14:24+08:00 ] 127.0.0.1 /
INFO: [ app_init ] --START--
INFO: Run Behavior\BuildLiteBehavior [ RunTime:0.001000s ]
INFO: [ app_init ] --END-- [ RunTime:0.001000s ]

[ 2018-01-10T17:31:42+08:00 ] 127.0.0.1 /
INFO: [ app_init ] --START--
INFO: Run Behavior\BuildLiteBehavior [ RunTime:0.000000s ]
INFO: [ app_init ] --END-- [ RunTime:0.000000s ]

[ 2018-01-10T17:33:33+08:00 ] 127.0.0.1 /
INFO: [ app_init ] --START--
INFO: Run Behavior\BuildLiteBehavior [ RunTime:0.000000s ]
INFO: [ app_init ] --END-- [ RunTime:0.000000s ]

[ 2018-01-10T17:33:34+08:00 ] 127.0.0.1 /
INFO: [ app_init ] --START--
INFO: Run Behavior\BuildLiteBehavior [ RunTime:0.000000s ]
INFO: [ app_init ] --END-- [ RunTime:0.000000s ]

[ 2018-01-10T17:33:35+08:00 ] 127.0.0.1 /
INFO: [ app_init ] --START--
INFO: Run Behavior\BuildLiteBehavior [ RunTime:0.000000s ]
INFO: [ app_init ] --END-- [ RunTime:0.000000s ]

[ 2018-01-10T17:33:35+08:00 ] 127.0.0.1 /
INFO: [ app_init ] --START--
INFO: Run Behavior\BuildLiteBehavior [ RunTime:0.000000s ]
INFO: [ app_init ] --END-- [ RunTime:0.000000s ]

[ 2018-01-10T17:34:00+08:00 ] 127.0.0.1 /
INFO: [ app_init ] --START--
INFO: Run Behavior\BuildLiteBehavior [ RunTime:0.000000s ]
INFO: [ app_init ] --END-- [ RunTime:0.000000s ]

[ 2018-01-10T17:34:09+08:00 ] 127.0.0.1 /
INFO: [ app_init ] --START--
INFO: Run Behavior\BuildLiteBehavior [ RunTime:0.000000s ]
INFO: [ app_init ] --END-- [ RunTime:0.001000s ]

[ 2018-01-10T17:34:09+08:00 ] 127.0.0.1 /
INFO: [ app_init ] --START--
INFO: Run Behavior\BuildLiteBehavior [ RunTime:0.000000s ]
INFO: [ app_init ] --END-- [ RunTime:0.000000s ]

[ 2018-01-10T17:34:22+08:00 ] 127.0.0.1 /
INFO: [ app_init ] --START--
INFO: Run Behavior\BuildLiteBehavior [ RunTime:0.000000s ]
INFO: [ app_init ] --END-- [ RunTime:0.000000s ]

[ 2018-01-10T17:34:51+08:00 ] 127.0.0.1 /
INFO: [ app_init ] --START--
INFO: Run Behavior\BuildLiteBehavior [ RunTime:0.000000s ]
INFO: [ app_init ] --END-- [ RunTime:0.000000s ]

[ 2018-01-10T17:35:11+08:00 ] 127.0.0.1 /
INFO: [ app_init ] --START--
INFO: Run Behavior\BuildLiteBehavior [ RunTime:0.000000s ]
INFO: [ app_init ] --END-- [ RunTime:0.000000s ]

[ 2018-01-10T17:35:32+08:00 ] 127.0.0.1 /
INFO: [ app_init ] --START--
INFO: Run Behavior\BuildLiteBehavior [ RunTime:0.000000s ]
INFO: [ app_init ] --END-- [ RunTime:0.000000s ]

[ 2018-01-10T17:35:51+08:00 ] 127.0.0.1 /
INFO: [ app_init ] --START--
INFO: Run Behavior\BuildLiteBehavior [ RunTime:0.000000s ]
INFO: [ app_init ] --END-- [ RunTime:0.001000s ]

[ 2018-01-10T17:35:52+08:00 ] 127.0.0.1 /
INFO: [ app_init ] --START--
INFO: Run Behavior\BuildLiteBehavior [ RunTime:0.000000s ]
INFO: [ app_init ] --END-- [ RunTime:0.000000s ]

[ 2018-01-10T17:36:00+08:00 ] 127.0.0.1 /
INFO: [ app_init ] --START--
INFO: Run Behavior\BuildLiteBehavior [ RunTime:0.000000s ]
INFO: [ app_init ] --END-- [ RunTime:0.000000s ]

[ 2018-01-10T17:38:35+08:00 ] 127.0.0.1 /
INFO: [ app_init ] --START--
INFO: Run Behavior\BuildLiteBehavior [ RunTime:0.000000s ]
INFO: [ app_init ] --END-- [ RunTime:0.000000s ]

[ 2018-01-10T17:39:35+08:00 ] 127.0.0.1 /
INFO: [ app_init ] --START--
INFO: Run Behavior\BuildLiteBehavior [ RunTime:0.000000s ]
INFO: [ app_init ] --END-- [ RunTime:0.000000s ]

[ 2018-01-10T17:39:45+08:00 ] 127.0.0.1 /
INFO: [ app_init ] --START--
INFO: Run Behavior\BuildLiteBehavior [ RunTime:0.000000s ]
INFO: [ app_init ] --END-- [ RunTime:0.000000s ]

[ 2018-01-10T17:42:08+08:00 ] 127.0.0.1 /
INFO: [ app_init ] --START--
INFO: Run Behavior\BuildLiteBehavior [ RunTime:0.000000s ]
INFO: [ app_init ] --END-- [ RunTime:0.000000s ]

[ 2018-01-10T17:43:33+08:00 ] 127.0.0.1 /
INFO: [ app_init ] --START--
INFO: Run Behavior\BuildLiteBehavior [ RunTime:0.000000s ]
INFO: [ app_init ] --END-- [ RunTime:0.000000s ]

[ 2018-01-10T17:43:39+08:00 ] 127.0.0.1 /
INFO: [ app_init ] --START--
INFO: Run Behavior\BuildLiteBehavior [ RunTime:0.000000s ]
INFO: [ app_init ] --END-- [ RunTime:0.000000s ]

[ 2018-01-10T17:43:45+08:00 ] 127.0.0.1 /
INFO: [ app_init ] --START--
INFO: Run Behavior\BuildLiteBehavior [ RunTime:0.000000s ]
INFO: [ app_init ] --END-- [ RunTime:0.000000s ]

[ 2018-01-10T17:45:58+08:00 ] 127.0.0.1 /
INFO: [ app_init ] --START--
INFO: Run Behavior\BuildLiteBehavior [ RunTime:0.000000s ]
INFO: [ app_init ] --END-- [ RunTime:0.000000s ]

[ 2018-01-10T17:46:09+08:00 ] 127.0.0.1 /
INFO: [ app_init ] --START--
INFO: Run Behavior\BuildLiteBehavior [ RunTime:0.000000s ]
INFO: [ app_init ] --END-- [ RunTime:0.001000s ]

[ 2018-01-10T17:46:11+08:00 ] 127.0.0.1 /
INFO: [ app_init ] --START--
INFO: Run Behavior\BuildLiteBehavior [ RunTime:0.000000s ]
INFO: [ app_init ] --END-- [ RunTime:0.000000s ]

[ 2018-01-10T17:46:11+08:00 ] 127.0.0.1 /
INFO: [ app_init ] --START--
INFO: Run Behavior\BuildLiteBehavior [ RunTime:0.000000s ]
INFO: [ app_init ] --END-- [ RunTime:0.000000s ]

[ 2018-01-10T17:46:11+08:00 ] 127.0.0.1 /
INFO: [ app_init ] --START--
INFO: Run Behavior\BuildLiteBehavior [ RunTime:0.000000s ]
INFO: [ app_init ] --END-- [ RunTime:0.000000s ]

[ 2018-01-10T17:46:13+08:00 ] 127.0.0.1 /
INFO: [ app_init ] --START--
INFO: Run Behavior\BuildLiteBehavior [ RunTime:0.000000s ]
INFO: [ app_init ] --END-- [ RunTime:0.001000s ]

[ 2018-01-10T17:46:33+08:00 ] 127.0.0.1 /
INFO: [ app_init ] --START--
INFO: Run Behavior\BuildLiteBehavior [ RunTime:0.000000s ]
INFO: [ app_init ] --END-- [ RunTime:0.000000s ]

[ 2018-01-10T17:48:27+08:00 ] 127.0.0.1 /
INFO: [ app_init ] --START--
INFO: Run Behavior\BuildLiteBehavior [ RunTime:0.000000s ]
INFO: [ app_init ] --END-- [ RunTime:0.000000s ]

[ 2018-01-10T17:51:17+08:00 ] 127.0.0.1 /
INFO: [ app_init ] --START--
INFO: Run Behavior\BuildLiteBehavior [ RunTime:0.000000s ]
INFO: [ app_init ] --END-- [ RunTime:0.001000s ]

[ 2018-01-10T17:59:02+08:00 ] 127.0.0.1 /
INFO: [ app_init ] --START--
INFO: Run Behavior\BuildLiteBehavior [ RunTime:0.000000s ]
INFO: [ app_init ] --END-- [ RunTime:0.001000s ]

[ 2018-01-10T19:04:21+08:00 ] 127.0.0.1 /
INFO: [ app_init ] --START--
INFO: Run Behavior\BuildLiteBehavior [ RunTime:0.000000s ]
INFO: [ app_init ] --END-- [ RunTime:0.000000s ]

[ 2018-01-10T19:05:35+08:00 ] 127.0.0.1 /
INFO: [ app_init ] --START--
INFO: Run Behavior\BuildLiteBehavior [ RunTime:0.000000s ]
INFO: [ app_init ] --END-- [ RunTime:0.001000s ]

[ 2018-01-10T19:18:57+08:00 ] 127.0.0.1 /index.php/Home/User/usercenter.html
INFO: [ app_init ] --START--
INFO: Run Behavior\BuildLiteBehavior [ RunTime:0.000000s ]
INFO: [ app_init ] --END-- [ RunTime:0.001000s ]

[ 2018-01-10T19:18:57+08:00 ] 127.0.0.1 /index.php/Home/Login/index.html
INFO: [ app_init ] --START--
INFO: Run Behavior\BuildLiteBehavior [ RunTime:0.000000s ]
INFO: [ app_init ] --END-- [ RunTime:0.000000s ]
ERR: 无法加载控制器:Login

[ 2018-01-10T19:19:13+08:00 ] 127.0.0.1 /
INFO: [ app_init ] --START--
INFO: Run Behavior\BuildLiteBehavior [ RunTime:0.000000s ]
INFO: [ app_init ] --END-- [ RunTime:0.000000s ]

[ 2018-01-10T19:21:22+08:00 ] 127.0.0.1 /
INFO: [ app_init ] --START--
INFO: Run Behavior\BuildLiteBehavior [ RunTime:0.000000s ]
INFO: [ app_init ] --END-- [ RunTime:0.001000s ]

[ 2018-01-10T19:21:28+08:00 ] 127.0.0.1 /
INFO: [ app_init ] --START--
INFO: Run Behavior\BuildLiteBehavior [ RunTime:0.000000s ]
INFO: [ app_init ] --END-- [ RunTime:0.000000s ]

[ 2018-01-10T19:21:52+08:00 ] 127.0.0.1 /
INFO: [ app_init ] --START--
INFO: Run Behavior\BuildLiteBehavior [ RunTime:0.000000s ]
INFO: [ app_init ] --END-- [ RunTime:0.000000s ]

